2019-02-28 19:01:18,031 - BrowserEngine - INFO - You had select Chrome browser.
2019-02-28 19:01:18,031 - BrowserEngine - INFO - The test server url is: http://127.0.0.1/forum.php
2019-02-28 19:01:20,673 - BrowserEngine - INFO - Starting chrome browser.
2019-02-28 19:01:21,500 - BrowserEngine - INFO - Open url: http://127.0.0.1/forum.php
2019-02-28 19:01:22,651 - BrowserEngine - INFO - Maximize the current window.
2019-02-28 19:01:22,653 - BrowserEngine - INFO - Set implicitly wait 10 seconds.
2019-02-28 19:01:22,701 - BasePage - INFO - <pageobjects.homepage.HomePage object at 0x000001ABFE9F7390>找到页面元素:('css selector', '#ls_username')
2019-02-28 19:01:22,892 - BasePage - INFO - 输入：admin
2019-02-28 19:01:22,929 - BasePage - INFO - <pageobjects.homepage.HomePage object at 0x000001ABFE9F7390>找到页面元素:('css selector', '#ls_password')
2019-02-28 19:01:23,020 - BasePage - INFO - 输入：802352
2019-02-28 19:01:23,057 - BasePage - INFO - <pageobjects.homepage.HomePage object at 0x000001ABFE9F7390>找到页面元素:('css selector', '.pn em')
2019-02-28 19:01:23,155 - BasePage - INFO - 点击登录
2019-02-28 19:01:23,156 - BasePage - INFO - admin登录
2019-02-28 19:01:23,937 - BasePage - INFO - <pageobjects.homepage.HomePage object at 0x000001ABFE9F7390>找到页面元素:('css selector', '.vwmy>a')
2019-02-28 19:01:24,040 - BasePage - INFO - <pageobjects.homepage.HomePage object at 0x000001ABFE9F7390>找到页面元素:('link text', '默认板块')
2019-02-28 19:01:24,979 - BasePage - INFO - 屏幕截图，保存路径是E:\PyCharm\Discuz/screenshots/201902281901.png
2019-02-28 19:01:24,980 - BasePage - ERROR - 点击失败，Message: stale element reference: element is not attached to the page document
  (Session info: chrome=69.0.3497.100)
  (Driver info: chromedriver=2.41.578737 (49da6702b16031c40d63e5618de03a32ff6c197e),platform=Windows NT 10.0.17134 x86_64)

2019-02-28 19:01:25,020 - BasePage - INFO - <pageobjects.homepage.HomePage object at 0x000001ABFE9F7390>找到页面元素:('css selector', '.num .xi2')
