2019-02-28 19:41:00,398 - BrowserEngine - INFO - You had select Chrome browser.
2019-02-28 19:41:00,398 - BrowserEngine - INFO - The test server url is: http://127.0.0.1/forum.php
2019-02-28 19:41:03,632 - BrowserEngine - INFO - Starting chrome browser.
2019-02-28 19:41:14,691 - BrowserEngine - INFO - Open url: http://127.0.0.1/forum.php
2019-02-28 19:41:15,849 - BrowserEngine - INFO - Maximize the current window.
2019-02-28 19:41:15,849 - BrowserEngine - INFO - Set implicitly wait 10 seconds.
2019-02-28 19:41:15,890 - BasePage - INFO - <pageobjects.homepage.HomePage object at 0x000001E1F2ECA2E8>找到页面元素:('css selector', '#ls_username')
2019-02-28 19:41:16,151 - BasePage - INFO - 输入：sxd
2019-02-28 19:41:16,182 - BasePage - INFO - <pageobjects.homepage.HomePage object at 0x000001E1F2ECA2E8>找到页面元素:('css selector', '#ls_password')
2019-02-28 19:41:16,256 - BasePage - INFO - 输入：802352.sxd
2019-02-28 19:41:16,282 - BasePage - INFO - <pageobjects.homepage.HomePage object at 0x000001E1F2ECA2E8>找到页面元素:('css selector', '.pn em')
2019-02-28 19:41:16,356 - BasePage - INFO - 点击登录
2019-02-28 19:41:16,356 - BasePage - INFO - sxd登录
2019-02-28 19:41:17,709 - BasePage - INFO - <pageobjects.homepage.HomePage object at 0x000001E1F2ECA2E8>找到页面元素:('css selector', '.vwmy>a')
2019-02-28 19:41:17,795 - BasePage - INFO - <pageobjects.homepage.HomePage object at 0x000001E1F2ECA2E8>找到页面元素:('link text', '默认板块')
2019-02-28 19:41:18,885 - BasePage - INFO - 屏幕截图，保存路径是E:\PyCharm\Discuz/screenshots/201902281941.png
2019-02-28 19:41:18,885 - BasePage - ERROR - 点击失败，Message: stale element reference: element is not attached to the page document
  (Session info: chrome=69.0.3497.100)
  (Driver info: chromedriver=2.41.578737 (49da6702b16031c40d63e5618de03a32ff6c197e),platform=Windows NT 10.0.17134 x86_64)

2019-02-28 19:41:18,915 - BasePage - INFO - <pageobjects.homepage.HomePage object at 0x000001E1F2ECA2E8>找到页面元素:('css selector', '#subject')
2019-02-28 19:41:19,013 - BasePage - INFO - 输入：haotest
2019-02-28 19:41:19,039 - BasePage - INFO - <pageobjects.homepage.HomePage object at 0x000001E1F2ECA2E8>找到页面元素:('css selector', '#fastpostmessage')
2019-02-28 19:41:19,200 - BasePage - INFO - 输入：haotest,hello word
2019-02-28 19:41:19,228 - BasePage - INFO - <pageobjects.homepage.HomePage object at 0x000001E1F2ECA2E8>找到页面元素:('css selector', '.ptm button')
2019-02-28 19:41:31,553 - BasePage - INFO - 屏幕截图，保存路径是E:\PyCharm\Discuz/screenshots/201902281941.png
2019-02-28 19:41:31,554 - BasePage - ERROR - 点击失败，Message: stale element reference: element is not attached to the page document
  (Session info: chrome=69.0.3497.100)
  (Driver info: chromedriver=2.41.578737 (49da6702b16031c40d63e5618de03a32ff6c197e),platform=Windows NT 10.0.17134 x86_64)

2019-02-28 19:41:31,554 - BasePage - INFO - 发帖haotest
2019-02-28 19:41:33,637 - BasePage - INFO - <pageobjects.homepage.HomePage object at 0x000001E1F2ECA2E8>找到页面元素:('css selector', '#fastpostmessage')
2019-02-28 19:41:33,788 - BasePage - INFO - 输入：see you,hello word
2019-02-28 19:41:33,817 - BasePage - INFO - <pageobjects.homepage.HomePage object at 0x000001E1F2ECA2E8>找到页面元素:('css selector', '.ptm button')
2019-02-28 19:41:34,445 - BasePage - INFO - 点击发表回复
2019-02-28 19:41:34,463 - BasePage - INFO - 回复see you,hello word
2019-02-28 19:41:34,519 - BasePage - INFO - <pageobjects.homepage.HomePage object at 0x000001E1F2ECA2E8>找到页面元素:('link text', '退出')
2019-02-28 19:41:46,137 - BasePage - INFO - 屏幕截图，保存路径是E:\PyCharm\Discuz/screenshots/201902281941.png
2019-02-28 19:41:46,138 - BasePage - ERROR - 点击失败，Message: stale element reference: element is not attached to the page document
  (Session info: chrome=69.0.3497.100)
  (Driver info: chromedriver=2.41.578737 (49da6702b16031c40d63e5618de03a32ff6c197e),platform=Windows NT 10.0.17134 x86_64)

2019-02-28 19:41:46,138 - BasePage - INFO - 退出登录
2019-02-28 19:41:56,522 - BasePage - INFO - 屏幕截图，保存路径是E:\PyCharm\Discuz/screenshots/201902281941.png
2019-02-28 19:41:56,522 - BrowserEngine - INFO - Now,Close and quit the browser.
2019-02-28 19:41:59,047 - BrowserEngine - INFO - You had select Chrome browser.
2019-02-28 19:41:59,047 - BrowserEngine - INFO - The test server url is: http://127.0.0.1/forum.php
2019-02-28 19:42:01,386 - BrowserEngine - INFO - Starting chrome browser.
2019-02-28 19:42:12,820 - BrowserEngine - INFO - Open url: http://127.0.0.1/forum.php
2019-02-28 19:42:13,950 - BrowserEngine - INFO - Maximize the current window.
2019-02-28 19:42:13,951 - BrowserEngine - INFO - Set implicitly wait 10 seconds.
2019-02-28 19:42:14,007 - BasePage - INFO - <pageobjects.homepage.HomePage object at 0x000001E1F2E75898>找到页面元素:('css selector', '#ls_username')
2019-02-28 19:42:14,209 - BasePage - INFO - 输入：admin
2019-02-28 19:42:14,239 - BasePage - INFO - <pageobjects.homepage.HomePage object at 0x000001E1F2E75898>找到页面元素:('css selector', '#ls_password')
2019-02-28 19:42:14,317 - BasePage - INFO - 输入：802352
2019-02-28 19:42:14,346 - BasePage - INFO - <pageobjects.homepage.HomePage object at 0x000001E1F2E75898>找到页面元素:('css selector', '.pn em')
2019-02-28 19:42:14,411 - BasePage - INFO - 点击登录
2019-02-28 19:42:14,412 - BasePage - INFO - admin登录
2019-02-28 19:42:25,742 - BasePage - INFO - <pageobjects.homepage.HomePage object at 0x000001E1F2E75898>找到页面元素:('css selector', '.vwmy>a')
2019-02-28 19:42:25,872 - BasePage - INFO - <pageobjects.homepage.HomePage object at 0x000001E1F2E75898>找到页面元素:('link text', '默认板块')
2019-02-28 19:42:36,620 - BasePage - INFO - 屏幕截图，保存路径是E:\PyCharm\Discuz/screenshots/201902281942.png
2019-02-28 19:42:36,620 - BasePage - ERROR - 点击失败，Message: stale element reference: element is not attached to the page document
  (Session info: chrome=69.0.3497.100)
  (Driver info: chromedriver=2.41.578737 (49da6702b16031c40d63e5618de03a32ff6c197e),platform=Windows NT 10.0.17134 x86_64)

2019-02-28 19:42:36,648 - BasePage - INFO - <pageobjects.homepage.HomePage object at 0x000001E1F2E75898>找到页面元素:('css selector', '.num .xi2')
2019-02-28 19:42:37,991 - BasePage - INFO - 屏幕截图，保存路径是E:\PyCharm\Discuz/screenshots/201902281942.png
2019-02-28 19:42:37,991 - BasePage - ERROR - 点击失败，Message: stale element reference: element is not attached to the page document
  (Session info: chrome=69.0.3497.100)
  (Driver info: chromedriver=2.41.578737 (49da6702b16031c40d63e5618de03a32ff6c197e),platform=Windows NT 10.0.17134 x86_64)

2019-02-28 19:42:38,019 - BasePage - INFO - <pageobjects.homepage.HomePage object at 0x000001E1F2E75898>找到页面元素:('css selector', '#modmenu>a')
2019-02-28 19:42:38,417 - BasePage - INFO - 点击删除主题
2019-02-28 19:42:38,447 - BasePage - INFO - <pageobjects.homepage.HomePage object at 0x000001E1F2E75898>找到页面元素:('css selector', '.o button')
2019-02-28 19:42:39,865 - BasePage - INFO - 屏幕截图，保存路径是E:\PyCharm\Discuz/screenshots/201902281942.png
2019-02-28 19:42:39,865 - BasePage - ERROR - 点击失败，Message: stale element reference: element is not attached to the page document
  (Session info: chrome=69.0.3497.100)
  (Driver info: chromedriver=2.41.578737 (49da6702b16031c40d63e5618de03a32ff6c197e),platform=Windows NT 10.0.17134 x86_64)

2019-02-28 19:42:39,865 - BasePage - INFO - 删除帖子成功
2019-02-28 19:42:39,910 - BasePage - INFO - <pageobjects.homepage.HomePage object at 0x000001E1F2E75898>找到页面元素:('link text', '管理中心')
2019-02-28 19:42:40,066 - BasePage - INFO - 点击管理中心
2019-02-28 19:42:41,514 - BasePage - INFO - 屏幕截图，保存路径是E:\PyCharm\Discuz/screenshots/201902281942.png
2019-02-28 19:42:41,515 - BasePage - INFO - 切换窗口成功
2019-02-28 19:42:41,544 - BasePage - INFO - <pageobjects.homepage.HomePage object at 0x000001E1F2E75898>找到页面元素:('xpath', '//input[@name="admin_password"]')
2019-02-28 19:42:41,608 - BasePage - INFO - 输入：802352
2019-02-28 19:42:41,635 - BasePage - INFO - <pageobjects.homepage.HomePage object at 0x000001E1F2E75898>找到页面元素:('css selector', '.loginnofloat input')
2019-02-28 19:43:15,127 - BasePage - INFO - 屏幕截图，保存路径是E:\PyCharm\Discuz/screenshots/201902281943.png
2019-02-28 19:43:15,127 - BasePage - ERROR - 点击失败，Message: stale element reference: element is not attached to the page document
  (Session info: chrome=69.0.3497.100)
  (Driver info: chromedriver=2.41.578737 (49da6702b16031c40d63e5618de03a32ff6c197e),platform=Windows NT 10.0.17134 x86_64)

2019-02-28 19:43:15,127 - BasePage - INFO - admin登录
2019-02-28 19:43:15,188 - BasePage - INFO - <pageobjects.homepage.HomePage object at 0x000001E1F2E75898>找到页面元素:('css selector', '.uinfo')
2019-02-28 19:43:15,239 - BasePage - INFO - <pageobjects.homepage.HomePage object at 0x000001E1F2E75898>找到页面元素:('css selector', '#header_forum')
2019-02-28 19:43:15,518 - BasePage - INFO - 点击论坛
2019-02-28 19:43:15,519 - BasePage - INFO - 点击论坛
2019-02-28 19:43:15,892 - BasePage - INFO - 屏幕截图，保存路径是E:\PyCharm\Discuz/screenshots/201902281943.png
2019-02-28 19:43:15,892 - BasePage - INFO - 切换iframe成功
2019-02-28 19:43:15,922 - BasePage - INFO - <pageobjects.homepage.HomePage object at 0x000001E1F2E75898>找到页面元素:('css selector', '.lastboard>a')
2019-02-28 19:43:16,174 - BasePage - INFO - 点击添加新版块
2019-02-28 19:43:16,203 - BasePage - INFO - <pageobjects.homepage.HomePage object at 0x000001E1F2E75898>找到页面元素:('xpath', '//*[@id="cpform"]/table/tbody[3]/tr[1]/td[3]/div/input')
2019-02-28 19:43:16,245 - BasePage - INFO - 清除<selenium.webdriver.remote.webelement.WebElement (session="06bc7b9bb80e706df478cb8fe848abe4", element="0.4915164121032447-2")>
2019-02-28 19:43:16,275 - BasePage - INFO - <pageobjects.homepage.HomePage object at 0x000001E1F2E75898>找到页面元素:('xpath', '//*[@id="cpform"]/table/tbody[3]/tr[1]/td[2]/input')
2019-02-28 19:43:16,337 - BasePage - INFO - 输入：3
2019-02-28 19:43:16,350 - BasePage - INFO - <pageobjects.homepage.HomePage object at 0x000001E1F2E75898>找到页面元素:('xpath', '//*[@id="cpform"]/table/tbody[3]/tr[1]/td[3]/div/input')
2019-02-28 19:43:16,433 - BasePage - INFO - 输入：今日板块
2019-02-28 19:43:16,463 - BasePage - INFO - <pageobjects.homepage.HomePage object at 0x000001E1F2E75898>找到页面元素:('css selector', '.fixsel>input')
2019-02-28 19:43:17,169 - BasePage - INFO - 屏幕截图，保存路径是E:\PyCharm\Discuz/screenshots/201902281943.png
2019-02-28 19:43:17,169 - BasePage - ERROR - 点击失败，Message: stale element reference: element is not attached to the page document
  (Session info: chrome=69.0.3497.100)
  (Driver info: chromedriver=2.41.578737 (49da6702b16031c40d63e5618de03a32ff6c197e),platform=Windows NT 10.0.17134 x86_64)

2019-02-28 19:43:17,169 - BasePage - INFO - 添加板块今日板块
2019-02-28 19:43:17,179 - BasePage - INFO - 激活窗口成功
2019-02-28 19:43:17,209 - BasePage - INFO - <pageobjects.homepage.HomePage object at 0x000001E1F2E75898>找到页面元素:('link text', '退出')
2019-02-28 19:43:28,403 - BasePage - INFO - 屏幕截图，保存路径是E:\PyCharm\Discuz/screenshots/201902281943.png
2019-02-28 19:43:28,403 - BasePage - ERROR - 点击失败，Message: stale element reference: element is not attached to the page document
  (Session info: chrome=69.0.3497.100)
  (Driver info: chromedriver=2.41.578737 (49da6702b16031c40d63e5618de03a32ff6c197e),platform=Windows NT 10.0.17134 x86_64)

2019-02-28 19:43:28,403 - BasePage - INFO - 退出登录
2019-02-28 19:43:28,443 - BasePage - INFO - <pageobjects.homepage.HomePage object at 0x000001E1F2E75898>找到页面元素:('link text', '退出')
2019-02-28 19:43:29,162 - BasePage - INFO - 屏幕截图，保存路径是E:\PyCharm\Discuz/screenshots/201902281943.png
2019-02-28 19:43:29,162 - BasePage - ERROR - 点击失败，Message: stale element reference: element is not attached to the page document
  (Session info: chrome=69.0.3497.100)
  (Driver info: chromedriver=2.41.578737 (49da6702b16031c40d63e5618de03a32ff6c197e),platform=Windows NT 10.0.17134 x86_64)

2019-02-28 19:43:29,162 - BasePage - INFO - 退出登录
2019-02-28 19:43:34,248 - BasePage - INFO - <pageobjects.homepage.HomePage object at 0x000001E1F2E75898>找到页面元素:('css selector', '#ls_username')
2019-02-28 19:43:34,332 - BasePage - INFO - 输入：sxd
2019-02-28 19:43:34,359 - BasePage - INFO - <pageobjects.homepage.HomePage object at 0x000001E1F2E75898>找到页面元素:('css selector', '#ls_password')
2019-02-28 19:43:34,431 - BasePage - INFO - 输入：802352.sxd
2019-02-28 19:43:34,456 - BasePage - INFO - <pageobjects.homepage.HomePage object at 0x000001E1F2E75898>找到页面元素:('css selector', '.pn em')
2019-02-28 19:43:34,524 - BasePage - INFO - 点击登录
2019-02-28 19:43:34,524 - BasePage - INFO - sxd登录
2019-02-28 19:43:45,704 - BasePage - INFO - <pageobjects.homepage.HomePage object at 0x000001E1F2E75898>找到页面元素:('css selector', '.vwmy>a')
2019-02-28 19:43:45,799 - BasePage - INFO - <pageobjects.homepage.HomePage object at 0x000001E1F2E75898>找到页面元素:('css selector', '.fl_row:nth-last-child(2) h2>a')
2019-02-28 19:43:46,523 - BasePage - INFO - 屏幕截图，保存路径是E:\PyCharm\Discuz/screenshots/201902281943.png
2019-02-28 19:43:46,523 - BasePage - ERROR - 点击失败，Message: stale element reference: element is not attached to the page document
  (Session info: chrome=69.0.3497.100)
  (Driver info: chromedriver=2.41.578737 (49da6702b16031c40d63e5618de03a32ff6c197e),platform=Windows NT 10.0.17134 x86_64)

2019-02-28 19:43:46,550 - BasePage - INFO - <pageobjects.homepage.HomePage object at 0x000001E1F2E75898>找到页面元素:('css selector', '#subject')
2019-02-28 19:43:46,669 - BasePage - INFO - 输入：haotest
2019-02-28 19:43:46,699 - BasePage - INFO - <pageobjects.homepage.HomePage object at 0x000001E1F2E75898>找到页面元素:('css selector', '#fastpostmessage')
2019-02-28 19:43:46,837 - BasePage - INFO - 输入：haotest,hello word
2019-02-28 19:43:46,867 - BasePage - INFO - <pageobjects.homepage.HomePage object at 0x000001E1F2E75898>找到页面元素:('css selector', '.ptm button')
2019-02-28 19:43:48,318 - BasePage - INFO - 屏幕截图，保存路径是E:\PyCharm\Discuz/screenshots/201902281943.png
2019-02-28 19:43:48,318 - BasePage - ERROR - 点击失败，Message: stale element reference: element is not attached to the page document
  (Session info: chrome=69.0.3497.100)
  (Driver info: chromedriver=2.41.578737 (49da6702b16031c40d63e5618de03a32ff6c197e),platform=Windows NT 10.0.17134 x86_64)

2019-02-28 19:43:48,318 - BasePage - INFO - 发帖haotest
2019-02-28 19:43:48,340 - BasePage - INFO - <pageobjects.homepage.HomePage object at 0x000001E1F2E75898>找到页面元素:('css selector', '#fastpostmessage')
2019-02-28 19:43:48,430 - BasePage - INFO - 输入：see you
2019-02-28 19:43:48,450 - BasePage - INFO - <pageobjects.homepage.HomePage object at 0x000001E1F2E75898>找到页面元素:('css selector', '.ptm button')
2019-02-28 19:43:48,539 - BasePage - INFO - 点击发表回复
2019-02-28 19:43:48,539 - BasePage - INFO - 回复see you
2019-02-28 19:43:48,606 - BasePage - INFO - <pageobjects.homepage.HomePage object at 0x000001E1F2E75898>找到页面元素:('link text', '退出')
2019-02-28 19:43:49,127 - BasePage - INFO - 屏幕截图，保存路径是E:\PyCharm\Discuz/screenshots/201902281943.png
2019-02-28 19:43:49,127 - BasePage - ERROR - 点击失败，Message: stale element reference: element is not attached to the page document
  (Session info: chrome=69.0.3497.100)
  (Driver info: chromedriver=2.41.578737 (49da6702b16031c40d63e5618de03a32ff6c197e),platform=Windows NT 10.0.17134 x86_64)

2019-02-28 19:43:49,127 - BasePage - INFO - 退出登录
2019-02-28 19:44:12,356 - BasePage - INFO - 屏幕截图，保存路径是E:\PyCharm\Discuz/screenshots/201902281944.png
2019-02-28 19:44:12,356 - BrowserEngine - INFO - Now,Close and quit the browser.
2019-02-28 19:44:14,845 - BrowserEngine - INFO - You had select Chrome browser.
2019-02-28 19:44:14,845 - BrowserEngine - INFO - The test server url is: http://127.0.0.1/forum.php
2019-02-28 19:44:17,471 - BrowserEngine - INFO - Starting chrome browser.
2019-02-28 19:44:27,929 - BrowserEngine - INFO - Open url: http://127.0.0.1/forum.php
2019-02-28 19:44:29,101 - BrowserEngine - INFO - Maximize the current window.
2019-02-28 19:44:29,103 - BrowserEngine - INFO - Set implicitly wait 10 seconds.
2019-02-28 19:44:29,153 - BasePage - INFO - <pageobjects.homepage.HomePage object at 0x000001E1F2E75630>找到页面元素:('css selector', '#ls_username')
2019-02-28 19:44:29,316 - BasePage - INFO - 输入：sxd
2019-02-28 19:44:29,351 - BasePage - INFO - <pageobjects.homepage.HomePage object at 0x000001E1F2E75630>找到页面元素:('css selector', '#ls_password')
2019-02-28 19:44:29,443 - BasePage - INFO - 输入：802352.sxd
2019-02-28 19:44:29,468 - BasePage - INFO - <pageobjects.homepage.HomePage object at 0x000001E1F2E75630>找到页面元素:('css selector', '.pn em')
2019-02-28 19:44:29,529 - BasePage - INFO - 点击登录
2019-02-28 19:44:29,529 - BasePage - INFO - sxd登录
2019-02-28 19:44:30,043 - BasePage - INFO - <pageobjects.homepage.HomePage object at 0x000001E1F2E75630>找到页面元素:('css selector', '.vwmy>a')
2019-02-28 19:44:30,089 - BasePage - INFO - <pageobjects.homepage.HomePage object at 0x000001E1F2E75630>找到页面元素:('css selector', '.scbar_txt_td>input')
2019-02-28 19:44:30,127 - BasePage - INFO - 清除<selenium.webdriver.remote.webelement.WebElement (session="b4667dfbbf1da3965edd74e4168ac079", element="0.2970159915413353-2")>
2019-02-28 19:44:30,140 - BasePage - INFO - <pageobjects.homepage.HomePage object at 0x000001E1F2E75630>找到页面元素:('css selector', '.scbar_txt_td>input')
2019-02-28 19:44:30,214 - BasePage - INFO - 输入：haotest
2019-02-28 19:44:30,239 - BasePage - INFO - <pageobjects.homepage.HomePage object at 0x000001E1F2E75630>找到页面元素:('css selector', '.scbar_btn_td>button')
2019-02-28 19:44:30,364 - BasePage - INFO - 点击
2019-02-28 19:44:30,365 - BasePage - INFO - 搜索帖子haotest
2019-02-28 19:44:31,711 - BasePage - INFO - 屏幕截图，保存路径是E:\PyCharm\Discuz/screenshots/201902281944.png
2019-02-28 19:44:31,711 - BasePage - INFO - 切换窗口成功
2019-02-28 19:44:31,741 - BasePage - INFO - <pageobjects.homepage.HomePage object at 0x000001E1F2E75630>找到页面元素:('css selector', '.pbw:first-of-type a')
2019-02-28 19:44:31,850 - BasePage - INFO - 点击haotest
2019-02-28 19:44:33,315 - BasePage - INFO - 屏幕截图，保存路径是E:\PyCharm\Discuz/screenshots/201902281944.png
2019-02-28 19:44:33,316 - BasePage - INFO - 切换窗口成功
2019-02-28 19:44:33,346 - BasePage - INFO - <pageobjects.homepage.HomePage object at 0x000001E1F2E75630>找到页面元素:('css selector', '#thread_subject')
2019-02-28 19:44:33,369 - BasePage - INFO - 帖子标题：haotest
2019-02-28 19:44:33,415 - BasePage - INFO - <pageobjects.homepage.HomePage object at 0x000001E1F2E75630>找到页面元素:('link text', '退出')
2019-02-28 19:44:44,967 - BasePage - INFO - 屏幕截图，保存路径是E:\PyCharm\Discuz/screenshots/201902281944.png
2019-02-28 19:44:44,967 - BasePage - ERROR - 点击失败，Message: stale element reference: element is not attached to the page document
  (Session info: chrome=69.0.3497.100)
  (Driver info: chromedriver=2.41.578737 (49da6702b16031c40d63e5618de03a32ff6c197e),platform=Windows NT 10.0.17134 x86_64)

2019-02-28 19:44:44,967 - BasePage - INFO - 退出登录
2019-02-28 19:44:55,374 - BasePage - INFO - 屏幕截图，保存路径是E:\PyCharm\Discuz/screenshots/201902281944.png
2019-02-28 19:44:55,374 - BrowserEngine - INFO - Now,Close and quit the browser.
2019-02-28 19:44:57,913 - BrowserEngine - INFO - You had select Chrome browser.
2019-02-28 19:44:57,913 - BrowserEngine - INFO - The test server url is: http://127.0.0.1/forum.php
2019-02-28 19:45:00,328 - BrowserEngine - INFO - Starting chrome browser.
2019-02-28 19:45:10,800 - BrowserEngine - INFO - Open url: http://127.0.0.1/forum.php
2019-02-28 19:45:11,973 - BrowserEngine - INFO - Maximize the current window.
2019-02-28 19:45:11,974 - BrowserEngine - INFO - Set implicitly wait 10 seconds.
2019-02-28 19:45:12,015 - BasePage - INFO - <pageobjects.homepage.HomePage object at 0x000001E1F2E75128>找到页面元素:('css selector', '#ls_username')
2019-02-28 19:45:12,176 - BasePage - INFO - 输入：sxd
2019-02-28 19:45:12,213 - BasePage - INFO - <pageobjects.homepage.HomePage object at 0x000001E1F2E75128>找到页面元素:('css selector', '#ls_password')
2019-02-28 19:45:12,302 - BasePage - INFO - 输入：802352.sxd
2019-02-28 19:45:12,327 - BasePage - INFO - <pageobjects.homepage.HomePage object at 0x000001E1F2E75128>找到页面元素:('css selector', '.pn em')
2019-02-28 19:45:12,388 - BasePage - INFO - 点击登录
2019-02-28 19:45:12,388 - BasePage - INFO - sxd登录
2019-02-28 19:45:12,920 - BasePage - INFO - <pageobjects.homepage.HomePage object at 0x000001E1F2E75128>找到页面元素:('css selector', '.vwmy>a')
2019-02-28 19:45:12,967 - BasePage - INFO - <pageobjects.homepage.HomePage object at 0x000001E1F2E75128>找到页面元素:('css selector', '.fl_row:nth-last-child(2) h2>a')
2019-02-28 19:45:14,045 - BasePage - INFO - 屏幕截图，保存路径是E:\PyCharm\Discuz/screenshots/201902281945.png
2019-02-28 19:45:14,045 - BasePage - ERROR - 点击失败，Message: stale element reference: element is not attached to the page document
  (Session info: chrome=69.0.3497.100)
  (Driver info: chromedriver=2.41.578737 (49da6702b16031c40d63e5618de03a32ff6c197e),platform=Windows NT 10.0.17134 x86_64)

2019-02-28 19:45:14,084 - BasePage - INFO - <pageobjects.homepage.HomePage object at 0x000001E1F2E75128>找到页面元素:('css selector', '#newspecial')
2019-02-28 19:45:15,333 - BasePage - INFO - 屏幕截图，保存路径是E:\PyCharm\Discuz/screenshots/201902281945.png
2019-02-28 19:45:15,333 - BasePage - ERROR - 点击失败，Message: stale element reference: element is not attached to the page document
  (Session info: chrome=69.0.3497.100)
  (Driver info: chromedriver=2.41.578737 (49da6702b16031c40d63e5618de03a32ff6c197e),platform=Windows NT 10.0.17134 x86_64)

2019-02-28 19:45:15,333 - BasePage - INFO - 点击发布
2019-02-28 19:45:15,366 - BasePage - INFO - <pageobjects.homepage.HomePage object at 0x000001E1F2E75128>找到页面元素:('css selector', '#editorbox>.mbw>li:nth-last-child(1)>a')
2019-02-28 19:45:25,941 - BasePage - INFO - 屏幕截图，保存路径是E:\PyCharm\Discuz/screenshots/201902281945.png
2019-02-28 19:45:25,941 - BasePage - ERROR - 点击失败，Message: stale element reference: element is not attached to the page document
  (Session info: chrome=69.0.3497.100)
  (Driver info: chromedriver=2.41.578737 (49da6702b16031c40d63e5618de03a32ff6c197e),platform=Windows NT 10.0.17134 x86_64)

2019-02-28 19:45:25,941 - BasePage - INFO - 点击投票
2019-02-28 19:45:25,969 - BasePage - INFO - <pageobjects.homepage.HomePage object at 0x000001E1F2E75128>找到页面元素:('css selector', '#subject')
2019-02-28 19:45:26,064 - BasePage - INFO - 输入：谁最帅
2019-02-28 19:45:26,091 - BasePage - INFO - <pageobjects.homepage.HomePage object at 0x000001E1F2E75128>找到页面元素:('css selector', '#pollm_c_1 .px:first-of-type')
2019-02-28 19:45:26,154 - BasePage - INFO - 输入：我
2019-02-28 19:45:26,186 - BasePage - INFO - <pageobjects.homepage.HomePage object at 0x000001E1F2E75128>找到页面元素:('css selector', '#pollm_c_1 p:nth-child(2) input')
2019-02-28 19:45:26,260 - BasePage - INFO - 输入：你
2019-02-28 19:45:26,282 - BasePage - INFO - <pageobjects.homepage.HomePage object at 0x000001E1F2E75128>找到页面元素:('css selector', '#pollm_c_1 p:nth-child(3) input')
2019-02-28 19:45:26,347 - BasePage - INFO - 输入：他
2019-02-28 19:45:26,384 - BasePage - INFO - <pageobjects.homepage.HomePage object at 0x000001E1F2E75128>找到页面元素:('css selector', '#polldatas')
2019-02-28 19:45:26,446 - BasePage - INFO - 输入：2
2019-02-28 19:45:26,791 - BasePage - INFO - 屏幕截图，保存路径是E:\PyCharm\Discuz/screenshots/201902281945.png
2019-02-28 19:45:26,791 - BasePage - INFO - 切换iframe成功
2019-02-28 19:45:26,821 - BasePage - INFO - <pageobjects.homepage.HomePage object at 0x000001E1F2E75128>找到页面元素:('css selector', 'body')
2019-02-28 19:45:26,903 - BasePage - INFO - 输入：我最帅
2019-02-28 19:45:26,931 - BasePage - INFO - 激活窗口成功
2019-02-28 19:45:26,949 - BasePage - INFO - <pageobjects.homepage.HomePage object at 0x000001E1F2E75128>找到页面元素:('css selector', '.mbm .pnc')
2019-02-28 19:45:27,084 - BasePage - INFO - 点击发起投票
2019-02-28 19:45:27,084 - BasePage - INFO - 发布投票
2019-02-28 19:45:28,583 - BasePage - INFO - <pageobjects.homepage.HomePage object at 0x000001E1F2E75128>找到页面元素:('css selector', '#option_2')
2019-02-28 19:45:28,664 - BasePage - INFO - 点击
2019-02-28 19:45:28,692 - BasePage - INFO - <pageobjects.homepage.HomePage object at 0x000001E1F2E75128>找到页面元素:('css selector', '#pollsubmit')
2019-02-28 19:45:30,012 - BasePage - INFO - 屏幕截图，保存路径是E:\PyCharm\Discuz/screenshots/201902281945.png
2019-02-28 19:45:30,012 - BasePage - ERROR - 点击失败，Message: stale element reference: element is not attached to the page document
  (Session info: chrome=69.0.3497.100)
  (Driver info: chromedriver=2.41.578737 (49da6702b16031c40d63e5618de03a32ff6c197e),platform=Windows NT 10.0.17134 x86_64)

2019-02-28 19:45:30,012 - BasePage - INFO - 投票
2019-02-28 19:45:30,041 - BasePage - INFO - <pageobjects.homepage.HomePage object at 0x000001E1F2E75128>找到页面元素:('css selector', '.pvt label')
2019-02-28 19:45:30,156 - BasePage - INFO - <pageobjects.homepage.HomePage object at 0x000001E1F2E75128>找到页面元素:('css selector', '.pcht tr td:last-of-type')
2019-02-28 19:45:30,386 - BasePage - INFO - <pageobjects.homepage.HomePage object at 0x000001E1F2E75128>找到页面元素:('css selector', '.ts>span')
2019-02-28 19:45:30,412 - BasePage - INFO - 标题：谁最帅
选项：['1.  他', '2.  你', '3.  我']
投票结果：['0.00% (0)', '100.00% (1)', '0.00% (0)']
2019-02-28 19:45:35,508 - BasePage - INFO - <pageobjects.homepage.HomePage object at 0x000001E1F2E75128>找到页面元素:('link text', '退出')
2019-02-28 19:45:41,739 - BasePage - INFO - 屏幕截图，保存路径是E:\PyCharm\Discuz/screenshots/201902281945.png
2019-02-28 19:45:41,739 - BasePage - ERROR - 点击失败，Message: stale element reference: element is not attached to the page document
  (Session info: chrome=69.0.3497.100)
  (Driver info: chromedriver=2.41.578737 (49da6702b16031c40d63e5618de03a32ff6c197e),platform=Windows NT 10.0.17134 x86_64)

2019-02-28 19:45:41,740 - BasePage - INFO - 退出登录
2019-02-28 19:45:52,124 - BasePage - INFO - 屏幕截图，保存路径是E:\PyCharm\Discuz/screenshots/201902281945.png
2019-02-28 19:45:52,124 - BrowserEngine - INFO - Now,Close and quit the browser.
