2019-03-01 13:28:59,313 - BrowserEngine - INFO - You had select Chrome browser.
2019-03-01 13:28:59,313 - BrowserEngine - INFO - The test server url is: http://127.0.0.1/forum.php
2019-03-01 13:29:01,813 - BrowserEngine - INFO - Starting chrome browser.
2019-03-01 13:29:02,804 - BrowserEngine - INFO - Open url: http://127.0.0.1/forum.php
2019-03-01 13:29:03,966 - BrowserEngine - INFO - Maximize the current window.
2019-03-01 13:29:03,969 - BrowserEngine - INFO - Set implicitly wait 10 seconds.
2019-03-01 13:29:04,083 - BasePage - INFO - <pageobjects.homepage.HomePage object at 0x000001EF7E4D4CC0>找到页面元素:('css selector', '#ls_username')
2019-03-01 13:29:04,258 - BasePage - INFO - 输入：sxd
2019-03-01 13:29:04,292 - BasePage - INFO - <pageobjects.homepage.HomePage object at 0x000001EF7E4D4CC0>找到页面元素:('css selector', '#ls_password')
2019-03-01 13:29:04,371 - BasePage - INFO - 输入：802352.sxd
2019-03-01 13:29:04,400 - BasePage - INFO - <pageobjects.homepage.HomePage object at 0x000001EF7E4D4CC0>找到页面元素:('css selector', '.pn em')
2019-03-01 13:29:04,477 - BasePage - INFO - 点击登录
2019-03-01 13:29:04,477 - BasePage - INFO - sxd登录
2019-03-01 13:29:05,516 - BasePage - INFO - <pageobjects.homepage.HomePage object at 0x000001EF7E4D4CC0>找到页面元素:('css selector', '.vwmy>a')
2019-03-01 13:29:05,601 - BasePage - INFO - <pageobjects.homepage.HomePage object at 0x000001EF7E4D4CC0>找到页面元素:('link text', '默认板块')
2019-03-01 13:29:06,850 - BasePage - INFO - 屏幕截图，保存路径是E:\PyCharm\Discuz/screenshots/201903011329.png
2019-03-01 13:29:06,851 - BasePage - ERROR - 点击失败，Message: stale element reference: element is not attached to the page document
  (Session info: chrome=69.0.3497.100)
  (Driver info: chromedriver=2.41.578737 (49da6702b16031c40d63e5618de03a32ff6c197e),platform=Windows NT 10.0.17134 x86_64)

2019-03-01 13:29:06,905 - BasePage - INFO - <pageobjects.homepage.HomePage object at 0x000001EF7E4D4CC0>找到页面元素:('css selector', '#subject')
2019-03-01 13:29:07,046 - BasePage - INFO - 输入：haotest
2019-03-01 13:29:07,080 - BasePage - INFO - <pageobjects.homepage.HomePage object at 0x000001EF7E4D4CC0>找到页面元素:('css selector', '#fastpostmessage')
2019-03-01 13:29:07,266 - BasePage - INFO - 输入：haotest,hello word
2019-03-01 13:29:07,317 - BasePage - INFO - <pageobjects.homepage.HomePage object at 0x000001EF7E4D4CC0>找到页面元素:('css selector', '.ptm button')
2019-03-01 13:29:09,776 - BasePage - INFO - 屏幕截图，保存路径是E:\PyCharm\Discuz/screenshots/201903011329.png
2019-03-01 13:29:09,776 - BasePage - ERROR - 点击失败，Message: stale element reference: element is not attached to the page document
  (Session info: chrome=69.0.3497.100)
  (Driver info: chromedriver=2.41.578737 (49da6702b16031c40d63e5618de03a32ff6c197e),platform=Windows NT 10.0.17134 x86_64)

2019-03-01 13:29:09,782 - BasePage - INFO - 发帖haotest
2019-03-01 13:29:11,846 - BasePage - INFO - <pageobjects.homepage.HomePage object at 0x000001EF7E4D4CC0>找到页面元素:('css selector', '#fastpostmessage')
2019-03-01 13:29:12,056 - BasePage - INFO - 输入：see you,hello word
2019-03-01 13:29:12,081 - BasePage - INFO - <pageobjects.homepage.HomePage object at 0x000001EF7E4D4CC0>找到页面元素:('css selector', '.ptm button')
2019-03-01 13:29:12,717 - BasePage - INFO - 点击发表回复
2019-03-01 13:29:12,733 - BasePage - INFO - 回复see you,hello word
2019-03-01 13:29:12,799 - BasePage - INFO - <pageobjects.homepage.HomePage object at 0x000001EF7E4D4CC0>找到页面元素:('link text', '退出')
2019-03-01 13:29:13,544 - BasePage - INFO - 屏幕截图，保存路径是E:\PyCharm\Discuz/screenshots/201903011329.png
2019-03-01 13:29:13,545 - BasePage - ERROR - 点击失败，Message: stale element reference: element is not attached to the page document
  (Session info: chrome=69.0.3497.100)
  (Driver info: chromedriver=2.41.578737 (49da6702b16031c40d63e5618de03a32ff6c197e),platform=Windows NT 10.0.17134 x86_64)

2019-03-01 13:29:13,549 - BasePage - INFO - 退出登录
2019-03-01 13:29:23,953 - BasePage - INFO - 屏幕截图，保存路径是E:\PyCharm\Discuz/screenshots/201903011329.png
2019-03-01 13:29:23,954 - BrowserEngine - INFO - Now,Close and quit the browser.
2019-03-01 13:29:26,567 - BrowserEngine - INFO - You had select Chrome browser.
2019-03-01 13:29:26,568 - BrowserEngine - INFO - The test server url is: http://127.0.0.1/forum.php
2019-03-01 13:29:29,266 - BrowserEngine - INFO - Starting chrome browser.
2019-03-01 13:29:30,242 - BrowserEngine - INFO - Open url: http://127.0.0.1/forum.php
2019-03-01 13:29:31,381 - BrowserEngine - INFO - Maximize the current window.
2019-03-01 13:29:31,435 - BrowserEngine - INFO - Set implicitly wait 10 seconds.
2019-03-01 13:29:31,521 - BasePage - INFO - <pageobjects.homepage.HomePage object at 0x000001EF7E4ECE10>找到页面元素:('css selector', '#ls_username')
2019-03-01 13:29:31,664 - BasePage - INFO - 输入：admin
2019-03-01 13:29:31,717 - BasePage - INFO - <pageobjects.homepage.HomePage object at 0x000001EF7E4ECE10>找到页面元素:('css selector', '#ls_password')
2019-03-01 13:29:31,819 - BasePage - INFO - 输入：802352
2019-03-01 13:29:31,856 - BasePage - INFO - <pageobjects.homepage.HomePage object at 0x000001EF7E4ECE10>找到页面元素:('css selector', '.pn em')
2019-03-01 13:29:31,937 - BasePage - INFO - 点击登录
2019-03-01 13:29:31,937 - BasePage - INFO - admin登录
2019-03-01 13:29:33,027 - BasePage - INFO - <pageobjects.homepage.HomePage object at 0x000001EF7E4ECE10>找到页面元素:('css selector', '.vwmy>a')
2019-03-01 13:29:33,221 - BasePage - INFO - <pageobjects.homepage.HomePage object at 0x000001EF7E4ECE10>找到页面元素:('link text', '默认板块')
2019-03-01 13:29:34,488 - BasePage - INFO - 屏幕截图，保存路径是E:\PyCharm\Discuz/screenshots/201903011329.png
2019-03-01 13:29:34,489 - BasePage - ERROR - 点击失败，Message: stale element reference: element is not attached to the page document
  (Session info: chrome=69.0.3497.100)
  (Driver info: chromedriver=2.41.578737 (49da6702b16031c40d63e5618de03a32ff6c197e),platform=Windows NT 10.0.17134 x86_64)

2019-03-01 13:29:34,528 - BasePage - INFO - <pageobjects.homepage.HomePage object at 0x000001EF7E4ECE10>找到页面元素:('css selector', '.num .xi2')
2019-03-01 13:29:35,768 - BasePage - INFO - 屏幕截图，保存路径是E:\PyCharm\Discuz/screenshots/201903011329.png
2019-03-01 13:29:35,768 - BasePage - ERROR - 点击失败，Message: stale element reference: element is not attached to the page document
  (Session info: chrome=69.0.3497.100)
  (Driver info: chromedriver=2.41.578737 (49da6702b16031c40d63e5618de03a32ff6c197e),platform=Windows NT 10.0.17134 x86_64)

2019-03-01 13:29:35,806 - BasePage - INFO - <pageobjects.homepage.HomePage object at 0x000001EF7E4ECE10>找到页面元素:('css selector', '#modmenu>a')
2019-03-01 13:29:36,238 - BasePage - INFO - 点击删除主题
2019-03-01 13:29:36,265 - BasePage - INFO - <pageobjects.homepage.HomePage object at 0x000001EF7E4ECE10>找到页面元素:('css selector', '.o button')
2019-03-01 13:29:37,795 - BasePage - INFO - 屏幕截图，保存路径是E:\PyCharm\Discuz/screenshots/201903011329.png
2019-03-01 13:29:37,796 - BasePage - ERROR - 点击失败，Message: stale element reference: element is not attached to the page document
  (Session info: chrome=69.0.3497.100)
  (Driver info: chromedriver=2.41.578737 (49da6702b16031c40d63e5618de03a32ff6c197e),platform=Windows NT 10.0.17134 x86_64)

2019-03-01 13:29:37,798 - BasePage - INFO - 删除帖子成功
2019-03-01 13:29:37,851 - BasePage - INFO - <pageobjects.homepage.HomePage object at 0x000001EF7E4ECE10>找到页面元素:('link text', '管理中心')
2019-03-01 13:29:37,971 - BasePage - INFO - 点击管理中心
2019-03-01 13:29:39,310 - BasePage - INFO - 屏幕截图，保存路径是E:\PyCharm\Discuz/screenshots/201903011329.png
2019-03-01 13:29:39,310 - BasePage - INFO - 切换窗口成功
2019-03-01 13:29:39,355 - BasePage - INFO - <pageobjects.homepage.HomePage object at 0x000001EF7E4ECE10>找到页面元素:('xpath', '//input[@name="admin_password"]')
2019-03-01 13:29:39,444 - BasePage - INFO - 输入：802352
2019-03-01 13:29:39,489 - BasePage - INFO - <pageobjects.homepage.HomePage object at 0x000001EF7E4ECE10>找到页面元素:('css selector', '.loginnofloat input')
2019-03-01 13:30:04,435 - BasePage - INFO - 屏幕截图，保存路径是E:\PyCharm\Discuz/screenshots/201903011330.png
2019-03-01 13:30:04,435 - BasePage - ERROR - 点击失败，Message: stale element reference: element is not attached to the page document
  (Session info: chrome=69.0.3497.100)
  (Driver info: chromedriver=2.41.578737 (49da6702b16031c40d63e5618de03a32ff6c197e),platform=Windows NT 10.0.17134 x86_64)

2019-03-01 13:30:04,437 - BasePage - INFO - admin登录
2019-03-01 13:30:04,471 - BasePage - INFO - <pageobjects.homepage.HomePage object at 0x000001EF7E4ECE10>找到页面元素:('css selector', '.uinfo')
2019-03-01 13:30:04,524 - BasePage - INFO - <pageobjects.homepage.HomePage object at 0x000001EF7E4ECE10>找到页面元素:('css selector', '#header_forum')
2019-03-01 13:30:05,516 - BasePage - INFO - 点击论坛
2019-03-01 13:30:05,517 - BasePage - INFO - 点击论坛
2019-03-01 13:30:05,915 - BasePage - INFO - 屏幕截图，保存路径是E:\PyCharm\Discuz/screenshots/201903011330.png
2019-03-01 13:30:05,915 - BasePage - INFO - 切换iframe成功
2019-03-01 13:30:05,952 - BasePage - INFO - <pageobjects.homepage.HomePage object at 0x000001EF7E4ECE10>找到页面元素:('css selector', '.lastboard>a')
2019-03-01 13:30:06,170 - BasePage - INFO - 点击添加新版块
2019-03-01 13:30:06,223 - BasePage - INFO - <pageobjects.homepage.HomePage object at 0x000001EF7E4ECE10>找到页面元素:('xpath', '//*[@id="cpform"]/table/tbody[3]/tr[1]/td[3]/div/input')
2019-03-01 13:30:06,268 - BasePage - INFO - 清除<selenium.webdriver.remote.webelement.WebElement (session="c1b19bc3eff92de153e014bc08fd2416", element="0.6479128191174715-2")>
2019-03-01 13:30:06,302 - BasePage - INFO - <pageobjects.homepage.HomePage object at 0x000001EF7E4ECE10>找到页面元素:('xpath', '//*[@id="cpform"]/table/tbody[3]/tr[1]/td[2]/input')
2019-03-01 13:30:06,403 - BasePage - INFO - 输入：3
2019-03-01 13:30:06,432 - BasePage - INFO - <pageobjects.homepage.HomePage object at 0x000001EF7E4ECE10>找到页面元素:('xpath', '//*[@id="cpform"]/table/tbody[3]/tr[1]/td[3]/div/input')
2019-03-01 13:30:06,533 - BasePage - INFO - 输入：今日板块
2019-03-01 13:30:06,563 - BasePage - INFO - <pageobjects.homepage.HomePage object at 0x000001EF7E4ECE10>找到页面元素:('css selector', '.fixsel>input')
2019-03-01 13:30:07,265 - BasePage - INFO - 屏幕截图，保存路径是E:\PyCharm\Discuz/screenshots/201903011330.png
2019-03-01 13:30:07,266 - BasePage - ERROR - 点击失败，Message: stale element reference: element is not attached to the page document
  (Session info: chrome=69.0.3497.100)
  (Driver info: chromedriver=2.41.578737 (49da6702b16031c40d63e5618de03a32ff6c197e),platform=Windows NT 10.0.17134 x86_64)

2019-03-01 13:30:07,268 - BasePage - INFO - 添加板块今日板块
2019-03-01 13:30:07,277 - BasePage - INFO - 激活窗口成功
2019-03-01 13:30:07,316 - BasePage - INFO - <pageobjects.homepage.HomePage object at 0x000001EF7E4ECE10>找到页面元素:('link text', '退出')
2019-03-01 13:30:08,329 - BasePage - INFO - 屏幕截图，保存路径是E:\PyCharm\Discuz/screenshots/201903011330.png
2019-03-01 13:30:08,329 - BasePage - ERROR - 点击失败，Message: stale element reference: element is not attached to the page document
  (Session info: chrome=69.0.3497.100)
  (Driver info: chromedriver=2.41.578737 (49da6702b16031c40d63e5618de03a32ff6c197e),platform=Windows NT 10.0.17134 x86_64)

2019-03-01 13:30:08,335 - BasePage - INFO - 退出登录
2019-03-01 13:30:08,374 - BasePage - INFO - <pageobjects.homepage.HomePage object at 0x000001EF7E4ECE10>找到页面元素:('link text', '退出')
2019-03-01 13:30:09,113 - BasePage - INFO - 屏幕截图，保存路径是E:\PyCharm\Discuz/screenshots/201903011330.png
2019-03-01 13:30:09,114 - BasePage - ERROR - 点击失败，Message: stale element reference: element is not attached to the page document
  (Session info: chrome=69.0.3497.100)
  (Driver info: chromedriver=2.41.578737 (49da6702b16031c40d63e5618de03a32ff6c197e),platform=Windows NT 10.0.17134 x86_64)

2019-03-01 13:30:09,120 - BasePage - INFO - 退出登录
2019-03-01 13:30:14,147 - BasePage - INFO - <pageobjects.homepage.HomePage object at 0x000001EF7E4ECE10>找到页面元素:('css selector', '#ls_username')
2019-03-01 13:30:14,222 - BasePage - INFO - 输入：sxd
2019-03-01 13:30:14,262 - BasePage - INFO - <pageobjects.homepage.HomePage object at 0x000001EF7E4ECE10>找到页面元素:('css selector', '#ls_password')
2019-03-01 13:30:14,356 - BasePage - INFO - 输入：802352.sxd
2019-03-01 13:30:14,388 - BasePage - INFO - <pageobjects.homepage.HomePage object at 0x000001EF7E4ECE10>找到页面元素:('css selector', '.pn em')
2019-03-01 13:30:14,473 - BasePage - INFO - 点击登录
2019-03-01 13:30:14,473 - BasePage - INFO - sxd登录
2019-03-01 13:30:15,159 - BasePage - INFO - <pageobjects.homepage.HomePage object at 0x000001EF7E4ECE10>找到页面元素:('css selector', '.vwmy>a')
2019-03-01 13:30:15,226 - BasePage - INFO - <pageobjects.homepage.HomePage object at 0x000001EF7E4ECE10>找到页面元素:('css selector', '.fl_row:nth-last-child(2) h2>a')
2019-03-01 13:30:16,648 - BasePage - INFO - 屏幕截图，保存路径是E:\PyCharm\Discuz/screenshots/201903011330.png
2019-03-01 13:30:16,648 - BasePage - ERROR - 点击失败，Message: stale element reference: element is not attached to the page document
  (Session info: chrome=69.0.3497.100)
  (Driver info: chromedriver=2.41.578737 (49da6702b16031c40d63e5618de03a32ff6c197e),platform=Windows NT 10.0.17134 x86_64)

2019-03-01 13:30:16,685 - BasePage - INFO - <pageobjects.homepage.HomePage object at 0x000001EF7E4ECE10>找到页面元素:('css selector', '#subject')
2019-03-01 13:30:16,779 - BasePage - INFO - 输入：haotest
2019-03-01 13:30:16,811 - BasePage - INFO - <pageobjects.homepage.HomePage object at 0x000001EF7E4ECE10>找到页面元素:('css selector', '#fastpostmessage')
2019-03-01 13:30:16,947 - BasePage - INFO - 输入：haotest,hello word
2019-03-01 13:30:16,989 - BasePage - INFO - <pageobjects.homepage.HomePage object at 0x000001EF7E4ECE10>找到页面元素:('css selector', '.ptm button')
2019-03-01 13:30:20,577 - BasePage - INFO - 屏幕截图，保存路径是E:\PyCharm\Discuz/screenshots/201903011330.png
2019-03-01 13:30:20,578 - BasePage - ERROR - 点击失败，Message: stale element reference: element is not attached to the page document
  (Session info: chrome=69.0.3497.100)
  (Driver info: chromedriver=2.41.578737 (49da6702b16031c40d63e5618de03a32ff6c197e),platform=Windows NT 10.0.17134 x86_64)

2019-03-01 13:30:20,585 - BasePage - INFO - 发帖haotest
2019-03-01 13:30:20,625 - BasePage - INFO - <pageobjects.homepage.HomePage object at 0x000001EF7E4ECE10>找到页面元素:('css selector', '#fastpostmessage')
2019-03-01 13:30:20,771 - BasePage - INFO - 输入：see you
2019-03-01 13:30:20,819 - BasePage - INFO - <pageobjects.homepage.HomePage object at 0x000001EF7E4ECE10>找到页面元素:('css selector', '.ptm button')
2019-03-01 13:30:20,950 - BasePage - INFO - 点击发表回复
2019-03-01 13:30:20,950 - BasePage - INFO - 回复see you
2019-03-01 13:30:21,014 - BasePage - INFO - <pageobjects.homepage.HomePage object at 0x000001EF7E4ECE10>找到页面元素:('link text', '退出')
2019-03-01 13:30:21,689 - BasePage - INFO - 屏幕截图，保存路径是E:\PyCharm\Discuz/screenshots/201903011330.png
2019-03-01 13:30:21,690 - BasePage - ERROR - 点击失败，Message: stale element reference: element is not attached to the page document
  (Session info: chrome=69.0.3497.100)
  (Driver info: chromedriver=2.41.578737 (49da6702b16031c40d63e5618de03a32ff6c197e),platform=Windows NT 10.0.17134 x86_64)

2019-03-01 13:30:21,695 - BasePage - INFO - 退出登录
2019-03-01 13:30:32,079 - BasePage - INFO - 屏幕截图，保存路径是E:\PyCharm\Discuz/screenshots/201903011330.png
2019-03-01 13:30:32,079 - BrowserEngine - INFO - Now,Close and quit the browser.
2019-03-01 13:30:34,769 - BrowserEngine - INFO - You had select Chrome browser.
2019-03-01 13:30:34,770 - BrowserEngine - INFO - The test server url is: http://127.0.0.1/forum.php
2019-03-01 13:30:37,423 - BrowserEngine - INFO - Starting chrome browser.
2019-03-01 13:30:38,142 - BrowserEngine - INFO - Open url: http://127.0.0.1/forum.php
2019-03-01 13:30:39,273 - BrowserEngine - INFO - Maximize the current window.
2019-03-01 13:30:39,277 - BrowserEngine - INFO - Set implicitly wait 10 seconds.
2019-03-01 13:30:39,369 - BasePage - INFO - <pageobjects.homepage.HomePage object at 0x000001EF7E53B8D0>找到页面元素:('css selector', '#ls_username')
2019-03-01 13:30:39,574 - BasePage - INFO - 输入：sxd
2019-03-01 13:30:39,621 - BasePage - INFO - <pageobjects.homepage.HomePage object at 0x000001EF7E53B8D0>找到页面元素:('css selector', '#ls_password')
2019-03-01 13:30:39,704 - BasePage - INFO - 输入：802352.sxd
2019-03-01 13:30:39,733 - BasePage - INFO - <pageobjects.homepage.HomePage object at 0x000001EF7E53B8D0>找到页面元素:('css selector', '.pn em')
2019-03-01 13:30:39,797 - BasePage - INFO - 点击登录
2019-03-01 13:30:39,797 - BasePage - INFO - sxd登录
2019-03-01 13:30:40,274 - BasePage - INFO - <pageobjects.homepage.HomePage object at 0x000001EF7E53B8D0>找到页面元素:('css selector', '.vwmy>a')
2019-03-01 13:30:40,352 - BasePage - INFO - <pageobjects.homepage.HomePage object at 0x000001EF7E53B8D0>找到页面元素:('css selector', '.scbar_txt_td>input')
2019-03-01 13:30:40,397 - BasePage - INFO - 清除<selenium.webdriver.remote.webelement.WebElement (session="ae01ec6f40e31a639ac7c4dd2afdd195", element="0.2568474373503211-2")>
2019-03-01 13:30:40,433 - BasePage - INFO - <pageobjects.homepage.HomePage object at 0x000001EF7E53B8D0>找到页面元素:('css selector', '.scbar_txt_td>input')
2019-03-01 13:30:40,509 - BasePage - INFO - 输入：haotest
2019-03-01 13:30:40,542 - BasePage - INFO - <pageobjects.homepage.HomePage object at 0x000001EF7E53B8D0>找到页面元素:('css selector', '.scbar_btn_td>button')
2019-03-01 13:30:40,653 - BasePage - INFO - 点击
2019-03-01 13:30:40,653 - BasePage - INFO - 搜索帖子haotest
2019-03-01 13:30:42,340 - BasePage - INFO - 屏幕截图，保存路径是E:\PyCharm\Discuz/screenshots/201903011330.png
2019-03-01 13:30:42,340 - BasePage - INFO - 切换窗口成功
2019-03-01 13:30:42,380 - BasePage - INFO - <pageobjects.homepage.HomePage object at 0x000001EF7E53B8D0>找到页面元素:('css selector', '.pbw:first-of-type a')
2019-03-01 13:30:42,497 - BasePage - INFO - 点击haotest
2019-03-01 13:30:44,240 - BasePage - INFO - 屏幕截图，保存路径是E:\PyCharm\Discuz/screenshots/201903011330.png
2019-03-01 13:30:44,240 - BasePage - INFO - 切换窗口成功
2019-03-01 13:30:44,302 - BasePage - INFO - <pageobjects.homepage.HomePage object at 0x000001EF7E53B8D0>找到页面元素:('css selector', '#thread_subject')
2019-03-01 13:30:44,336 - BasePage - INFO - 帖子标题：haotest
2019-03-01 13:30:44,406 - BasePage - INFO - <pageobjects.homepage.HomePage object at 0x000001EF7E53B8D0>找到页面元素:('link text', '退出')
2019-03-01 13:30:45,086 - BasePage - INFO - 屏幕截图，保存路径是E:\PyCharm\Discuz/screenshots/201903011330.png
2019-03-01 13:30:45,093 - BasePage - ERROR - 点击失败，Message: stale element reference: element is not attached to the page document
  (Session info: chrome=69.0.3497.100)
  (Driver info: chromedriver=2.41.578737 (49da6702b16031c40d63e5618de03a32ff6c197e),platform=Windows NT 10.0.17134 x86_64)

2019-03-01 13:30:45,099 - BasePage - INFO - 退出登录
2019-03-01 13:30:55,758 - BasePage - INFO - 屏幕截图，保存路径是E:\PyCharm\Discuz/screenshots/201903011330.png
2019-03-01 13:30:55,759 - BrowserEngine - INFO - Now,Close and quit the browser.
2019-03-01 13:30:58,160 - BrowserEngine - INFO - You had select Chrome browser.
2019-03-01 13:30:58,160 - BrowserEngine - INFO - The test server url is: http://127.0.0.1/forum.php
2019-03-01 13:31:01,392 - BrowserEngine - INFO - Starting chrome browser.
2019-03-01 13:31:02,406 - BrowserEngine - INFO - Open url: http://127.0.0.1/forum.php
2019-03-01 13:31:03,536 - BrowserEngine - INFO - Maximize the current window.
2019-03-01 13:31:03,537 - BrowserEngine - INFO - Set implicitly wait 10 seconds.
2019-03-01 13:31:03,607 - BasePage - INFO - <pageobjects.homepage.HomePage object at 0x000001EF7E53BFD0>找到页面元素:('css selector', '#ls_username')
2019-03-01 13:31:03,796 - BasePage - INFO - 输入：sxd
2019-03-01 13:31:03,860 - BasePage - INFO - <pageobjects.homepage.HomePage object at 0x000001EF7E53BFD0>找到页面元素:('css selector', '#ls_password')
2019-03-01 13:31:03,947 - BasePage - INFO - 输入：802352.sxd
2019-03-01 13:31:04,029 - BasePage - INFO - <pageobjects.homepage.HomePage object at 0x000001EF7E53BFD0>找到页面元素:('css selector', '.pn em')
2019-03-01 13:31:04,117 - BasePage - INFO - 点击登录
2019-03-01 13:31:04,117 - BasePage - INFO - sxd登录
2019-03-01 13:31:04,857 - BasePage - INFO - <pageobjects.homepage.HomePage object at 0x000001EF7E53BFD0>找到页面元素:('css selector', '.vwmy>a')
2019-03-01 13:31:04,939 - BasePage - INFO - <pageobjects.homepage.HomePage object at 0x000001EF7E53BFD0>找到页面元素:('css selector', '.fl_row:nth-last-child(2) h2>a')
2019-03-01 13:31:05,911 - BasePage - INFO - 屏幕截图，保存路径是E:\PyCharm\Discuz/screenshots/201903011331.png
2019-03-01 13:31:05,912 - BasePage - ERROR - 点击失败，Message: stale element reference: element is not attached to the page document
  (Session info: chrome=69.0.3497.100)
  (Driver info: chromedriver=2.41.578737 (49da6702b16031c40d63e5618de03a32ff6c197e),platform=Windows NT 10.0.17134 x86_64)

2019-03-01 13:31:05,956 - BasePage - INFO - <pageobjects.homepage.HomePage object at 0x000001EF7E53BFD0>找到页面元素:('css selector', '#newspecial')
2019-03-01 13:31:07,155 - BasePage - INFO - 屏幕截图，保存路径是E:\PyCharm\Discuz/screenshots/201903011331.png
2019-03-01 13:31:07,156 - BasePage - ERROR - 点击失败，Message: stale element reference: element is not attached to the page document
  (Session info: chrome=69.0.3497.100)
  (Driver info: chromedriver=2.41.578737 (49da6702b16031c40d63e5618de03a32ff6c197e),platform=Windows NT 10.0.17134 x86_64)

2019-03-01 13:31:07,161 - BasePage - INFO - 点击发布
2019-03-01 13:31:07,196 - BasePage - INFO - <pageobjects.homepage.HomePage object at 0x000001EF7E53BFD0>找到页面元素:('css selector', '#editorbox>.mbw>li:nth-last-child(1)>a')
2019-03-01 13:31:08,059 - BasePage - INFO - 屏幕截图，保存路径是E:\PyCharm\Discuz/screenshots/201903011331.png
2019-03-01 13:31:08,060 - BasePage - ERROR - 点击失败，Message: stale element reference: element is not attached to the page document
  (Session info: chrome=69.0.3497.100)
  (Driver info: chromedriver=2.41.578737 (49da6702b16031c40d63e5618de03a32ff6c197e),platform=Windows NT 10.0.17134 x86_64)

2019-03-01 13:31:08,065 - BasePage - INFO - 点击投票
2019-03-01 13:31:08,107 - BasePage - INFO - <pageobjects.homepage.HomePage object at 0x000001EF7E53BFD0>找到页面元素:('css selector', '#subject')
2019-03-01 13:31:08,216 - BasePage - INFO - 输入：谁最帅
2019-03-01 13:31:08,252 - BasePage - INFO - <pageobjects.homepage.HomePage object at 0x000001EF7E53BFD0>找到页面元素:('css selector', '#pollm_c_1 .px:first-of-type')
2019-03-01 13:31:08,331 - BasePage - INFO - 输入：我
2019-03-01 13:31:08,362 - BasePage - INFO - <pageobjects.homepage.HomePage object at 0x000001EF7E53BFD0>找到页面元素:('css selector', '#pollm_c_1 p:nth-child(2) input')
2019-03-01 13:31:08,447 - BasePage - INFO - 输入：你
2019-03-01 13:31:08,478 - BasePage - INFO - <pageobjects.homepage.HomePage object at 0x000001EF7E53BFD0>找到页面元素:('css selector', '#pollm_c_1 p:nth-child(3) input')
2019-03-01 13:31:08,549 - BasePage - INFO - 输入：他
2019-03-01 13:31:08,581 - BasePage - INFO - <pageobjects.homepage.HomePage object at 0x000001EF7E53BFD0>找到页面元素:('css selector', '#polldatas')
2019-03-01 13:31:08,657 - BasePage - INFO - 输入：2
2019-03-01 13:31:08,981 - BasePage - INFO - 屏幕截图，保存路径是E:\PyCharm\Discuz/screenshots/201903011331.png
2019-03-01 13:31:08,982 - BasePage - INFO - 切换iframe成功
2019-03-01 13:31:09,021 - BasePage - INFO - <pageobjects.homepage.HomePage object at 0x000001EF7E53BFD0>找到页面元素:('css selector', 'body')
2019-03-01 13:31:09,110 - BasePage - INFO - 输入：我最帅
2019-03-01 13:31:09,116 - BasePage - INFO - 激活窗口成功
2019-03-01 13:31:09,153 - BasePage - INFO - <pageobjects.homepage.HomePage object at 0x000001EF7E53BFD0>找到页面元素:('css selector', '.mbm .pnc')
2019-03-01 13:31:09,285 - BasePage - INFO - 点击发起投票
2019-03-01 13:31:09,286 - BasePage - INFO - 发布投票
2019-03-01 13:31:10,616 - BasePage - INFO - <pageobjects.homepage.HomePage object at 0x000001EF7E53BFD0>找到页面元素:('css selector', '#option_2')
2019-03-01 13:31:10,723 - BasePage - INFO - 点击
2019-03-01 13:31:10,763 - BasePage - INFO - <pageobjects.homepage.HomePage object at 0x000001EF7E53BFD0>找到页面元素:('css selector', '#pollsubmit')
2019-03-01 13:31:11,877 - BasePage - INFO - 屏幕截图，保存路径是E:\PyCharm\Discuz/screenshots/201903011331.png
2019-03-01 13:31:11,877 - BasePage - ERROR - 点击失败，Message: stale element reference: element is not attached to the page document
  (Session info: chrome=69.0.3497.100)
  (Driver info: chromedriver=2.41.578737 (49da6702b16031c40d63e5618de03a32ff6c197e),platform=Windows NT 10.0.17134 x86_64)

2019-03-01 13:31:11,881 - BasePage - INFO - 投票
2019-03-01 13:31:11,923 - BasePage - INFO - <pageobjects.homepage.HomePage object at 0x000001EF7E53BFD0>找到页面元素:('css selector', '.pvt label')
2019-03-01 13:31:12,099 - BasePage - INFO - <pageobjects.homepage.HomePage object at 0x000001EF7E53BFD0>找到页面元素:('css selector', '.pcht tr td:last-of-type')
2019-03-01 13:31:12,360 - BasePage - INFO - <pageobjects.homepage.HomePage object at 0x000001EF7E53BFD0>找到页面元素:('css selector', '.ts>span')
2019-03-01 13:31:12,384 - BasePage - INFO - 标题：谁最帅
选项：['1.  他', '2.  你', '3.  我']
投票结果：['0.00% (0)', '100.00% (1)', '0.00% (0)']
2019-03-01 13:31:17,486 - BasePage - INFO - <pageobjects.homepage.HomePage object at 0x000001EF7E53BFD0>找到页面元素:('link text', '退出')
2019-03-01 13:31:18,243 - BasePage - INFO - 屏幕截图，保存路径是E:\PyCharm\Discuz/screenshots/201903011331.png
2019-03-01 13:31:18,243 - BasePage - ERROR - 点击失败，Message: stale element reference: element is not attached to the page document
  (Session info: chrome=69.0.3497.100)
  (Driver info: chromedriver=2.41.578737 (49da6702b16031c40d63e5618de03a32ff6c197e),platform=Windows NT 10.0.17134 x86_64)

2019-03-01 13:31:18,246 - BasePage - INFO - 退出登录
2019-03-01 13:31:28,630 - BasePage - INFO - 屏幕截图，保存路径是E:\PyCharm\Discuz/screenshots/201903011331.png
2019-03-01 13:31:28,630 - BrowserEngine - INFO - Now,Close and quit the browser.
