2019-02-28 19:10:22,553 - BrowserEngine - INFO - You had select Chrome browser.
2019-02-28 19:10:22,553 - BrowserEngine - INFO - The test server url is: http://127.0.0.1/forum.php
2019-02-28 19:10:25,060 - BrowserEngine - INFO - Starting chrome browser.
2019-02-28 19:10:34,638 - BrowserEngine - INFO - Open url: http://127.0.0.1/forum.php
2019-02-28 19:10:35,763 - BrowserEngine - INFO - Maximize the current window.
2019-02-28 19:10:35,768 - BrowserEngine - INFO - Set implicitly wait 10 seconds.
2019-02-28 19:10:35,815 - BasePage - INFO - <pageobjects.homepage.HomePage object at 0x000001CCDB158240>找到页面元素:('css selector', '#ls_username')
2019-02-28 19:10:35,999 - BasePage - INFO - 输入：sxd
2019-02-28 19:10:36,029 - BasePage - INFO - <pageobjects.homepage.HomePage object at 0x000001CCDB158240>找到页面元素:('css selector', '#ls_password')
2019-02-28 19:10:36,123 - BasePage - INFO - 输入：802352.sxd
2019-02-28 19:10:36,153 - BasePage - INFO - <pageobjects.homepage.HomePage object at 0x000001CCDB158240>找到页面元素:('css selector', '.pn em')
2019-02-28 19:10:36,237 - BasePage - INFO - 点击登录
2019-02-28 19:10:36,238 - BasePage - INFO - sxd登录
2019-02-28 19:10:36,707 - BasePage - INFO - <pageobjects.homepage.HomePage object at 0x000001CCDB158240>找到页面元素:('css selector', '.vwmy>a')
2019-02-28 19:10:36,813 - BasePage - INFO - <pageobjects.homepage.HomePage object at 0x000001CCDB158240>找到页面元素:('link text', '默认板块')
2019-02-28 19:10:37,573 - BasePage - INFO - 屏幕截图，保存路径是E:\PyCharm\Discuz/screenshots/201902281910.png
2019-02-28 19:10:37,573 - BasePage - ERROR - 点击失败，Message: stale element reference: element is not attached to the page document
  (Session info: chrome=69.0.3497.100)
  (Driver info: chromedriver=2.41.578737 (49da6702b16031c40d63e5618de03a32ff6c197e),platform=Windows NT 10.0.17134 x86_64)

2019-02-28 19:10:37,619 - BasePage - INFO - <pageobjects.homepage.HomePage object at 0x000001CCDB158240>找到页面元素:('css selector', '#subject')
2019-02-28 19:10:37,732 - BasePage - INFO - 输入：haotest
2019-02-28 19:10:37,761 - BasePage - INFO - <pageobjects.homepage.HomePage object at 0x000001CCDB158240>找到页面元素:('css selector', '#fastpostmessage')
2019-02-28 19:10:37,931 - BasePage - INFO - 输入：haotest,hello word
2019-02-28 19:10:37,966 - BasePage - INFO - <pageobjects.homepage.HomePage object at 0x000001CCDB158240>找到页面元素:('css selector', '.ptm button')
2019-02-28 19:10:39,782 - BasePage - INFO - 屏幕截图，保存路径是E:\PyCharm\Discuz/screenshots/201902281910.png
2019-02-28 19:10:39,782 - BasePage - ERROR - 点击失败，Message: stale element reference: element is not attached to the page document
  (Session info: chrome=69.0.3497.100)
  (Driver info: chromedriver=2.41.578737 (49da6702b16031c40d63e5618de03a32ff6c197e),platform=Windows NT 10.0.17134 x86_64)

2019-02-28 19:10:39,782 - BasePage - INFO - 发帖haotest
2019-02-28 19:10:41,850 - BasePage - INFO - <pageobjects.homepage.HomePage object at 0x000001CCDB158240>找到页面元素:('css selector', '#fastpostmessage')
2019-02-28 19:10:42,015 - BasePage - INFO - 输入：see you,hello word
2019-02-28 19:10:42,035 - BasePage - INFO - <pageobjects.homepage.HomePage object at 0x000001CCDB158240>找到页面元素:('css selector', '.ptm button')
2019-02-28 19:10:42,794 - BasePage - INFO - 点击发表回复
2019-02-28 19:10:42,805 - BasePage - INFO - 回复see you,hello word
2019-02-28 19:10:42,848 - BasePage - INFO - <pageobjects.homepage.HomePage object at 0x000001CCDB158240>找到页面元素:('link text', '退出')
2019-02-28 19:10:51,782 - BasePage - INFO - 屏幕截图，保存路径是E:\PyCharm\Discuz/screenshots/201902281910.png
2019-02-28 19:10:51,782 - BasePage - ERROR - 点击失败，Message: stale element reference: element is not attached to the page document
  (Session info: chrome=69.0.3497.100)
  (Driver info: chromedriver=2.41.578737 (49da6702b16031c40d63e5618de03a32ff6c197e),platform=Windows NT 10.0.17134 x86_64)

2019-02-28 19:10:51,783 - BasePage - INFO - 退出登录
2019-02-28 19:10:51,783 - BrowserEngine - INFO - Now,Close and quit the browser.
