2019-02-28 19:50:44,488 - BrowserEngine - INFO - You had select Chrome browser.
2019-02-28 19:50:44,488 - BrowserEngine - INFO - The test server url is: http://127.0.0.1/forum.php
2019-02-28 19:50:47,014 - BrowserEngine - INFO - Starting chrome browser.
2019-02-28 19:50:57,471 - BrowserEngine - INFO - Open url: http://127.0.0.1/forum.php
2019-02-28 19:50:58,643 - BrowserEngine - INFO - Maximize the current window.
2019-02-28 19:50:58,644 - BrowserEngine - INFO - Set implicitly wait 10 seconds.
2019-02-28 19:50:58,691 - BasePage - INFO - <pageobjects.homepage.HomePage object at 0x000002083D19B2E8>找到页面元素:('css selector', '#ls_username')
2019-02-28 19:50:58,882 - BasePage - INFO - 输入：sxd
2019-02-28 19:50:58,913 - BasePage - INFO - <pageobjects.homepage.HomePage object at 0x000002083D19B2E8>找到页面元素:('css selector', '#ls_password')
2019-02-28 19:50:58,997 - BasePage - INFO - 输入：802352.sxd
2019-02-28 19:50:59,022 - BasePage - INFO - <pageobjects.homepage.HomePage object at 0x000002083D19B2E8>找到页面元素:('css selector', '.pn em')
2019-02-28 19:50:59,081 - BasePage - INFO - 点击登录
2019-02-28 19:50:59,082 - BasePage - INFO - sxd登录
2019-02-28 19:50:59,553 - BasePage - INFO - <pageobjects.homepage.HomePage object at 0x000002083D19B2E8>找到页面元素:('css selector', '.vwmy>a')
2019-02-28 19:50:59,633 - BasePage - INFO - <pageobjects.homepage.HomePage object at 0x000002083D19B2E8>找到页面元素:('link text', '默认板块')
2019-02-28 19:51:00,445 - BasePage - INFO - 屏幕截图，保存路径是E:\PyCharm\Discuz/screenshots/201902281951.png
2019-02-28 19:51:00,446 - BasePage - ERROR - 点击失败，Message: stale element reference: element is not attached to the page document
  (Session info: chrome=69.0.3497.100)
  (Driver info: chromedriver=2.41.578737 (49da6702b16031c40d63e5618de03a32ff6c197e),platform=Windows NT 10.0.17134 x86_64)

2019-02-28 19:51:00,485 - BasePage - INFO - <pageobjects.homepage.HomePage object at 0x000002083D19B2E8>找到页面元素:('css selector', '#subject')
2019-02-28 19:51:00,627 - BasePage - INFO - 输入：haotest
2019-02-28 19:51:00,667 - BasePage - INFO - <pageobjects.homepage.HomePage object at 0x000002083D19B2E8>找到页面元素:('css selector', '#fastpostmessage')
2019-02-28 19:51:00,859 - BasePage - INFO - 输入：haotest,hello word
2019-02-28 19:51:00,907 - BasePage - INFO - <pageobjects.homepage.HomePage object at 0x000002083D19B2E8>找到页面元素:('css selector', '.ptm button')
2019-02-28 19:51:13,387 - BasePage - INFO - 屏幕截图，保存路径是E:\PyCharm\Discuz/screenshots/201902281951.png
2019-02-28 19:51:13,388 - BasePage - ERROR - 点击失败，Message: stale element reference: element is not attached to the page document
  (Session info: chrome=69.0.3497.100)
  (Driver info: chromedriver=2.41.578737 (49da6702b16031c40d63e5618de03a32ff6c197e),platform=Windows NT 10.0.17134 x86_64)

2019-02-28 19:51:13,388 - BasePage - INFO - 发帖haotest
2019-02-28 19:51:15,451 - BasePage - INFO - <pageobjects.homepage.HomePage object at 0x000002083D19B2E8>找到页面元素:('css selector', '#fastpostmessage')
2019-02-28 19:51:15,579 - BasePage - INFO - 输入：see you,hello word
2019-02-28 19:51:15,608 - BasePage - INFO - <pageobjects.homepage.HomePage object at 0x000002083D19B2E8>找到页面元素:('css selector', '.ptm button')
2019-02-28 19:51:16,179 - BasePage - INFO - 点击发表回复
2019-02-28 19:51:16,188 - BasePage - INFO - 回复see you,hello word
2019-02-28 19:51:16,230 - BasePage - INFO - <pageobjects.homepage.HomePage object at 0x000002083D19B2E8>找到页面元素:('link text', '退出')
2019-02-28 19:51:27,901 - BasePage - INFO - 屏幕截图，保存路径是E:\PyCharm\Discuz/screenshots/201902281951.png
2019-02-28 19:51:27,901 - BasePage - ERROR - 点击失败，Message: stale element reference: element is not attached to the page document
  (Session info: chrome=69.0.3497.100)
  (Driver info: chromedriver=2.41.578737 (49da6702b16031c40d63e5618de03a32ff6c197e),platform=Windows NT 10.0.17134 x86_64)

2019-02-28 19:51:27,901 - BasePage - INFO - 退出登录
2019-02-28 19:51:38,298 - BasePage - INFO - 屏幕截图，保存路径是E:\PyCharm\Discuz/screenshots/201902281951.png
2019-02-28 19:51:38,298 - BrowserEngine - INFO - Now,Close and quit the browser.
2019-02-28 19:51:40,775 - BrowserEngine - INFO - You had select Chrome browser.
2019-02-28 19:51:40,775 - BrowserEngine - INFO - The test server url is: http://127.0.0.1/forum.php
2019-02-28 19:51:43,195 - BrowserEngine - INFO - Starting chrome browser.
2019-02-28 19:51:54,595 - BrowserEngine - INFO - Open url: http://127.0.0.1/forum.php
2019-02-28 19:51:55,771 - BrowserEngine - INFO - Maximize the current window.
2019-02-28 19:51:55,771 - BrowserEngine - INFO - Set implicitly wait 10 seconds.
2019-02-28 19:51:55,812 - BasePage - INFO - <pageobjects.homepage.HomePage object at 0x000002083D1C58D0>找到页面元素:('css selector', '#ls_username')
2019-02-28 19:51:56,022 - BasePage - INFO - 输入：admin
2019-02-28 19:51:56,053 - BasePage - INFO - <pageobjects.homepage.HomePage object at 0x000002083D1C58D0>找到页面元素:('css selector', '#ls_password')
2019-02-28 19:51:56,128 - BasePage - INFO - 输入：802352
2019-02-28 19:51:56,154 - BasePage - INFO - <pageobjects.homepage.HomePage object at 0x000002083D1C58D0>找到页面元素:('css selector', '.pn em')
2019-02-28 19:51:56,212 - BasePage - INFO - 点击登录
2019-02-28 19:51:56,212 - BasePage - INFO - admin登录
2019-02-28 19:51:56,788 - BasePage - INFO - <pageobjects.homepage.HomePage object at 0x000002083D1C58D0>找到页面元素:('css selector', '.vwmy>a')
2019-02-28 19:51:56,920 - BasePage - INFO - <pageobjects.homepage.HomePage object at 0x000002083D1C58D0>找到页面元素:('link text', '默认板块')
2019-02-28 19:51:57,828 - BasePage - INFO - 屏幕截图，保存路径是E:\PyCharm\Discuz/screenshots/201902281951.png
2019-02-28 19:51:57,828 - BasePage - ERROR - 点击失败，Message: stale element reference: element is not attached to the page document
  (Session info: chrome=69.0.3497.100)
  (Driver info: chromedriver=2.41.578737 (49da6702b16031c40d63e5618de03a32ff6c197e),platform=Windows NT 10.0.17134 x86_64)

2019-02-28 19:51:57,868 - BasePage - INFO - <pageobjects.homepage.HomePage object at 0x000002083D1C58D0>找到页面元素:('css selector', '.num .xi2')
2019-02-28 19:51:59,030 - BasePage - INFO - 屏幕截图，保存路径是E:\PyCharm\Discuz/screenshots/201902281951.png
2019-02-28 19:51:59,030 - BasePage - ERROR - 点击失败，Message: stale element reference: element is not attached to the page document
  (Session info: chrome=69.0.3497.100)
  (Driver info: chromedriver=2.41.578737 (49da6702b16031c40d63e5618de03a32ff6c197e),platform=Windows NT 10.0.17134 x86_64)

2019-02-28 19:51:59,057 - BasePage - INFO - <pageobjects.homepage.HomePage object at 0x000002083D1C58D0>找到页面元素:('css selector', '#modmenu>a')
2019-02-28 19:51:59,367 - BasePage - INFO - 点击删除主题
2019-02-28 19:51:59,399 - BasePage - INFO - <pageobjects.homepage.HomePage object at 0x000002083D1C58D0>找到页面元素:('css selector', '.o button')
2019-02-28 19:52:00,625 - BasePage - INFO - 屏幕截图，保存路径是E:\PyCharm\Discuz/screenshots/201902281952.png
2019-02-28 19:52:00,625 - BasePage - ERROR - 点击失败，Message: stale element reference: element is not attached to the page document
  (Session info: chrome=69.0.3497.100)
  (Driver info: chromedriver=2.41.578737 (49da6702b16031c40d63e5618de03a32ff6c197e),platform=Windows NT 10.0.17134 x86_64)

2019-02-28 19:52:00,625 - BasePage - INFO - 删除帖子成功
2019-02-28 19:52:00,671 - BasePage - INFO - <pageobjects.homepage.HomePage object at 0x000002083D1C58D0>找到页面元素:('link text', '管理中心')
2019-02-28 19:52:00,806 - BasePage - INFO - 点击管理中心
2019-02-28 19:52:02,217 - BasePage - INFO - 屏幕截图，保存路径是E:\PyCharm\Discuz/screenshots/201902281952.png
2019-02-28 19:52:02,217 - BasePage - INFO - 切换窗口成功
2019-02-28 19:52:02,247 - BasePage - INFO - <pageobjects.homepage.HomePage object at 0x000002083D1C58D0>找到页面元素:('xpath', '//input[@name="admin_password"]')
2019-02-28 19:52:02,319 - BasePage - INFO - 输入：802352
2019-02-28 19:52:02,346 - BasePage - INFO - <pageobjects.homepage.HomePage object at 0x000002083D1C58D0>找到页面元素:('css selector', '.loginnofloat input')
2019-02-28 19:52:24,470 - BasePage - INFO - 屏幕截图，保存路径是E:\PyCharm\Discuz/screenshots/201902281952.png
2019-02-28 19:52:24,470 - BasePage - ERROR - 点击失败，Message: stale element reference: element is not attached to the page document
  (Session info: chrome=69.0.3497.100)
  (Driver info: chromedriver=2.41.578737 (49da6702b16031c40d63e5618de03a32ff6c197e),platform=Windows NT 10.0.17134 x86_64)

2019-02-28 19:52:24,471 - BasePage - INFO - admin登录
2019-02-28 19:52:24,488 - BasePage - INFO - <pageobjects.homepage.HomePage object at 0x000002083D1C58D0>找到页面元素:('css selector', '.uinfo')
2019-02-28 19:52:24,538 - BasePage - INFO - <pageobjects.homepage.HomePage object at 0x000002083D1C58D0>找到页面元素:('css selector', '#header_forum')
2019-02-28 19:52:24,833 - BasePage - INFO - 点击论坛
2019-02-28 19:52:24,833 - BasePage - INFO - 点击论坛
2019-02-28 19:52:25,169 - BasePage - INFO - 屏幕截图，保存路径是E:\PyCharm\Discuz/screenshots/201902281952.png
2019-02-28 19:52:25,169 - BasePage - INFO - 切换iframe成功
2019-02-28 19:52:25,199 - BasePage - INFO - <pageobjects.homepage.HomePage object at 0x000002083D1C58D0>找到页面元素:('css selector', '.lastboard>a')
2019-02-28 19:52:25,316 - BasePage - INFO - 点击添加新版块
2019-02-28 19:52:25,347 - BasePage - INFO - <pageobjects.homepage.HomePage object at 0x000002083D1C58D0>找到页面元素:('xpath', '//*[@id="cpform"]/table/tbody[3]/tr[1]/td[3]/div/input')
2019-02-28 19:52:25,374 - BasePage - INFO - 清除<selenium.webdriver.remote.webelement.WebElement (session="fe21b5253a0d87389ad87cb54cbb01f4", element="0.8827751435875149-2")>
2019-02-28 19:52:25,423 - BasePage - INFO - <pageobjects.homepage.HomePage object at 0x000002083D1C58D0>找到页面元素:('xpath', '//*[@id="cpform"]/table/tbody[3]/tr[1]/td[2]/input')
2019-02-28 19:52:25,492 - BasePage - INFO - 输入：3
2019-02-28 19:52:25,507 - BasePage - INFO - <pageobjects.homepage.HomePage object at 0x000002083D1C58D0>找到页面元素:('xpath', '//*[@id="cpform"]/table/tbody[3]/tr[1]/td[3]/div/input')
2019-02-28 19:52:25,573 - BasePage - INFO - 输入：今日板块
2019-02-28 19:52:25,599 - BasePage - INFO - <pageobjects.homepage.HomePage object at 0x000002083D1C58D0>找到页面元素:('css selector', '.fixsel>input')
2019-02-28 19:52:26,265 - BasePage - INFO - 屏幕截图，保存路径是E:\PyCharm\Discuz/screenshots/201902281952.png
2019-02-28 19:52:26,265 - BasePage - ERROR - 点击失败，Message: stale element reference: element is not attached to the page document
  (Session info: chrome=69.0.3497.100)
  (Driver info: chromedriver=2.41.578737 (49da6702b16031c40d63e5618de03a32ff6c197e),platform=Windows NT 10.0.17134 x86_64)

2019-02-28 19:52:26,265 - BasePage - INFO - 添加板块今日板块
2019-02-28 19:52:26,275 - BasePage - INFO - 激活窗口成功
2019-02-28 19:52:26,305 - BasePage - INFO - <pageobjects.homepage.HomePage object at 0x000002083D1C58D0>找到页面元素:('link text', '退出')
2019-02-28 19:52:36,776 - BasePage - INFO - 屏幕截图，保存路径是E:\PyCharm\Discuz/screenshots/201902281952.png
2019-02-28 19:52:36,776 - BasePage - ERROR - 点击失败，Message: stale element reference: element is not attached to the page document
  (Session info: chrome=69.0.3497.100)
  (Driver info: chromedriver=2.41.578737 (49da6702b16031c40d63e5618de03a32ff6c197e),platform=Windows NT 10.0.17134 x86_64)

2019-02-28 19:52:36,776 - BasePage - INFO - 退出登录
2019-02-28 19:52:36,816 - BasePage - INFO - <pageobjects.homepage.HomePage object at 0x000002083D1C58D0>找到页面元素:('link text', '退出')
2019-02-28 19:52:37,422 - BasePage - INFO - 屏幕截图，保存路径是E:\PyCharm\Discuz/screenshots/201902281952.png
2019-02-28 19:52:37,422 - BasePage - ERROR - 点击失败，Message: stale element reference: element is not attached to the page document
  (Session info: chrome=69.0.3497.100)
  (Driver info: chromedriver=2.41.578737 (49da6702b16031c40d63e5618de03a32ff6c197e),platform=Windows NT 10.0.17134 x86_64)

2019-02-28 19:52:37,422 - BasePage - INFO - 退出登录
2019-02-28 19:52:42,492 - BasePage - INFO - <pageobjects.homepage.HomePage object at 0x000002083D1C58D0>找到页面元素:('css selector', '#ls_username')
2019-02-28 19:52:42,581 - BasePage - INFO - 输入：sxd
2019-02-28 19:52:42,607 - BasePage - INFO - <pageobjects.homepage.HomePage object at 0x000002083D1C58D0>找到页面元素:('css selector', '#ls_password')
2019-02-28 19:52:42,685 - BasePage - INFO - 输入：802352.sxd
2019-02-28 19:52:42,715 - BasePage - INFO - <pageobjects.homepage.HomePage object at 0x000002083D1C58D0>找到页面元素:('css selector', '.pn em')
2019-02-28 19:52:42,782 - BasePage - INFO - 点击登录
2019-02-28 19:52:42,782 - BasePage - INFO - sxd登录
2019-02-28 19:52:53,083 - BasePage - INFO - <pageobjects.homepage.HomePage object at 0x000002083D1C58D0>找到页面元素:('css selector', '.vwmy>a')
2019-02-28 19:52:53,153 - BasePage - INFO - <pageobjects.homepage.HomePage object at 0x000002083D1C58D0>找到页面元素:('css selector', '.fl_row:nth-last-child(2) h2>a')
2019-02-28 19:52:53,836 - BasePage - INFO - 屏幕截图，保存路径是E:\PyCharm\Discuz/screenshots/201902281952.png
2019-02-28 19:52:53,836 - BasePage - ERROR - 点击失败，Message: stale element reference: element is not attached to the page document
  (Session info: chrome=69.0.3497.100)
  (Driver info: chromedriver=2.41.578737 (49da6702b16031c40d63e5618de03a32ff6c197e),platform=Windows NT 10.0.17134 x86_64)

2019-02-28 19:52:53,854 - BasePage - INFO - <pageobjects.homepage.HomePage object at 0x000002083D1C58D0>找到页面元素:('css selector', '#subject')
2019-02-28 19:52:54,004 - BasePage - INFO - 输入：haotest
2019-02-28 19:52:54,032 - BasePage - INFO - <pageobjects.homepage.HomePage object at 0x000002083D1C58D0>找到页面元素:('css selector', '#fastpostmessage')
2019-02-28 19:52:54,168 - BasePage - INFO - 输入：haotest,hello word
2019-02-28 19:52:54,194 - BasePage - INFO - <pageobjects.homepage.HomePage object at 0x000002083D1C58D0>找到页面元素:('css selector', '.ptm button')
2019-02-28 19:52:55,424 - BasePage - INFO - 屏幕截图，保存路径是E:\PyCharm\Discuz/screenshots/201902281952.png
2019-02-28 19:52:55,424 - BasePage - ERROR - 点击失败，Message: stale element reference: element is not attached to the page document
  (Session info: chrome=69.0.3497.100)
  (Driver info: chromedriver=2.41.578737 (49da6702b16031c40d63e5618de03a32ff6c197e),platform=Windows NT 10.0.17134 x86_64)

2019-02-28 19:52:55,424 - BasePage - INFO - 发帖haotest
2019-02-28 19:52:55,444 - BasePage - INFO - <pageobjects.homepage.HomePage object at 0x000002083D1C58D0>找到页面元素:('css selector', '#fastpostmessage')
2019-02-28 19:52:55,537 - BasePage - INFO - 输入：see you
2019-02-28 19:52:55,561 - BasePage - INFO - <pageobjects.homepage.HomePage object at 0x000002083D1C58D0>找到页面元素:('css selector', '.ptm button')
2019-02-28 19:52:55,663 - BasePage - INFO - 点击发表回复
2019-02-28 19:52:55,663 - BasePage - INFO - 回复see you
2019-02-28 19:52:55,725 - BasePage - INFO - <pageobjects.homepage.HomePage object at 0x000002083D1C58D0>找到页面元素:('link text', '退出')
2019-02-28 19:52:56,302 - BasePage - INFO - 屏幕截图，保存路径是E:\PyCharm\Discuz/screenshots/201902281952.png
2019-02-28 19:52:56,302 - BasePage - ERROR - 点击失败，Message: stale element reference: element is not attached to the page document
  (Session info: chrome=69.0.3497.100)
  (Driver info: chromedriver=2.41.578737 (49da6702b16031c40d63e5618de03a32ff6c197e),platform=Windows NT 10.0.17134 x86_64)

2019-02-28 19:52:56,302 - BasePage - INFO - 退出登录
2019-02-28 19:53:18,894 - BasePage - INFO - 屏幕截图，保存路径是E:\PyCharm\Discuz/screenshots/201902281953.png
2019-02-28 19:53:18,894 - BrowserEngine - INFO - Now,Close and quit the browser.
2019-02-28 19:53:21,453 - BrowserEngine - INFO - You had select Chrome browser.
2019-02-28 19:53:21,453 - BrowserEngine - INFO - The test server url is: http://127.0.0.1/forum.php
2019-02-28 19:53:23,892 - BrowserEngine - INFO - Starting chrome browser.
2019-02-28 19:53:34,548 - BrowserEngine - INFO - Open url: http://127.0.0.1/forum.php
2019-02-28 19:53:35,694 - BrowserEngine - INFO - Maximize the current window.
2019-02-28 19:53:35,695 - BrowserEngine - INFO - Set implicitly wait 10 seconds.
2019-02-28 19:53:35,754 - BasePage - INFO - <pageobjects.homepage.HomePage object at 0x000002083D1C5E80>找到页面元素:('css selector', '#ls_username')
2019-02-28 19:53:35,924 - BasePage - INFO - 输入：sxd
2019-02-28 19:53:35,955 - BasePage - INFO - <pageobjects.homepage.HomePage object at 0x000002083D1C5E80>找到页面元素:('css selector', '#ls_password')
2019-02-28 19:53:36,040 - BasePage - INFO - 输入：802352.sxd
2019-02-28 19:53:36,071 - BasePage - INFO - <pageobjects.homepage.HomePage object at 0x000002083D1C5E80>找到页面元素:('css selector', '.pn em')
2019-02-28 19:53:36,135 - BasePage - INFO - 点击登录
2019-02-28 19:53:36,135 - BasePage - INFO - sxd登录
2019-02-28 19:53:36,641 - BasePage - INFO - <pageobjects.homepage.HomePage object at 0x000002083D1C5E80>找到页面元素:('css selector', '.vwmy>a')
2019-02-28 19:53:36,698 - BasePage - INFO - <pageobjects.homepage.HomePage object at 0x000002083D1C5E80>找到页面元素:('css selector', '.scbar_txt_td>input')
2019-02-28 19:53:36,766 - BasePage - INFO - 清除<selenium.webdriver.remote.webelement.WebElement (session="1352fd28181fde2367c0e69cafc2a2c5", element="0.6772664561748416-2")>
2019-02-28 19:53:36,785 - BasePage - INFO - <pageobjects.homepage.HomePage object at 0x000002083D1C5E80>找到页面元素:('css selector', '.scbar_txt_td>input')
2019-02-28 19:53:36,858 - BasePage - INFO - 输入：haotest
2019-02-28 19:53:36,890 - BasePage - INFO - <pageobjects.homepage.HomePage object at 0x000002083D1C5E80>找到页面元素:('css selector', '.scbar_btn_td>button')
2019-02-28 19:53:37,006 - BasePage - INFO - 点击
2019-02-28 19:53:37,006 - BasePage - INFO - 搜索帖子haotest
2019-02-28 19:53:38,392 - BasePage - INFO - 屏幕截图，保存路径是E:\PyCharm\Discuz/screenshots/201902281953.png
2019-02-28 19:53:38,392 - BasePage - INFO - 切换窗口成功
2019-02-28 19:53:38,421 - BasePage - INFO - <pageobjects.homepage.HomePage object at 0x000002083D1C5E80>找到页面元素:('css selector', '.pbw:first-of-type a')
2019-02-28 19:53:38,539 - BasePage - INFO - 点击haotest
2019-02-28 19:53:39,933 - BasePage - INFO - 屏幕截图，保存路径是E:\PyCharm\Discuz/screenshots/201902281953.png
2019-02-28 19:53:39,934 - BasePage - INFO - 切换窗口成功
2019-02-28 19:53:39,959 - BasePage - INFO - <pageobjects.homepage.HomePage object at 0x000002083D1C5E80>找到页面元素:('css selector', '#thread_subject')
2019-02-28 19:53:39,979 - BasePage - INFO - 帖子标题：haotest
2019-02-28 19:53:40,028 - BasePage - INFO - <pageobjects.homepage.HomePage object at 0x000002083D1C5E80>找到页面元素:('link text', '退出')
2019-02-28 19:53:50,688 - BasePage - INFO - 屏幕截图，保存路径是E:\PyCharm\Discuz/screenshots/201902281953.png
2019-02-28 19:53:50,688 - BasePage - ERROR - 点击失败，Message: stale element reference: element is not attached to the page document
  (Session info: chrome=69.0.3497.100)
  (Driver info: chromedriver=2.41.578737 (49da6702b16031c40d63e5618de03a32ff6c197e),platform=Windows NT 10.0.17134 x86_64)

2019-02-28 19:53:50,688 - BasePage - INFO - 退出登录
2019-02-28 19:54:01,131 - BasePage - INFO - 屏幕截图，保存路径是E:\PyCharm\Discuz/screenshots/201902281954.png
2019-02-28 19:54:01,131 - BrowserEngine - INFO - Now,Close and quit the browser.
2019-02-28 19:54:03,560 - BrowserEngine - INFO - You had select Chrome browser.
2019-02-28 19:54:03,560 - BrowserEngine - INFO - The test server url is: http://127.0.0.1/forum.php
2019-02-28 19:54:06,066 - BrowserEngine - INFO - Starting chrome browser.
2019-02-28 19:54:16,483 - BrowserEngine - INFO - Open url: http://127.0.0.1/forum.php
2019-02-28 19:54:17,662 - BrowserEngine - INFO - Maximize the current window.
2019-02-28 19:54:17,664 - BrowserEngine - INFO - Set implicitly wait 10 seconds.
2019-02-28 19:54:17,707 - BasePage - INFO - <pageobjects.homepage.HomePage object at 0x000002083D1C5160>找到页面元素:('css selector', '#ls_username')
2019-02-28 19:54:17,868 - BasePage - INFO - 输入：sxd
2019-02-28 19:54:17,900 - BasePage - INFO - <pageobjects.homepage.HomePage object at 0x000002083D1C5160>找到页面元素:('css selector', '#ls_password')
2019-02-28 19:54:17,985 - BasePage - INFO - 输入：802352.sxd
2019-02-28 19:54:18,011 - BasePage - INFO - <pageobjects.homepage.HomePage object at 0x000002083D1C5160>找到页面元素:('css selector', '.pn em')
2019-02-28 19:54:18,070 - BasePage - INFO - 点击登录
2019-02-28 19:54:18,070 - BasePage - INFO - sxd登录
2019-02-28 19:54:18,564 - BasePage - INFO - <pageobjects.homepage.HomePage object at 0x000002083D1C5160>找到页面元素:('css selector', '.vwmy>a')
2019-02-28 19:54:18,612 - BasePage - INFO - <pageobjects.homepage.HomePage object at 0x000002083D1C5160>找到页面元素:('css selector', '.fl_row:nth-last-child(2) h2>a')
2019-02-28 19:54:19,347 - BasePage - INFO - 屏幕截图，保存路径是E:\PyCharm\Discuz/screenshots/201902281954.png
2019-02-28 19:54:19,347 - BasePage - ERROR - 点击失败，Message: stale element reference: element is not attached to the page document
  (Session info: chrome=69.0.3497.100)
  (Driver info: chromedriver=2.41.578737 (49da6702b16031c40d63e5618de03a32ff6c197e),platform=Windows NT 10.0.17134 x86_64)

2019-02-28 19:54:19,381 - BasePage - INFO - <pageobjects.homepage.HomePage object at 0x000002083D1C5160>找到页面元素:('css selector', '#newspecial')
2019-02-28 19:54:20,446 - BasePage - INFO - 屏幕截图，保存路径是E:\PyCharm\Discuz/screenshots/201902281954.png
2019-02-28 19:54:20,446 - BasePage - ERROR - 点击失败，Message: stale element reference: element is not attached to the page document
  (Session info: chrome=69.0.3497.100)
  (Driver info: chromedriver=2.41.578737 (49da6702b16031c40d63e5618de03a32ff6c197e),platform=Windows NT 10.0.17134 x86_64)

2019-02-28 19:54:20,447 - BasePage - INFO - 点击发布
2019-02-28 19:54:20,486 - BasePage - INFO - <pageobjects.homepage.HomePage object at 0x000002083D1C5160>找到页面元素:('css selector', '#editorbox>.mbw>li:nth-last-child(1)>a')
2019-02-28 19:54:21,319 - BasePage - INFO - 屏幕截图，保存路径是E:\PyCharm\Discuz/screenshots/201902281954.png
2019-02-28 19:54:21,319 - BasePage - ERROR - 点击失败，Message: stale element reference: element is not attached to the page document
  (Session info: chrome=69.0.3497.100)
  (Driver info: chromedriver=2.41.578737 (49da6702b16031c40d63e5618de03a32ff6c197e),platform=Windows NT 10.0.17134 x86_64)

2019-02-28 19:54:21,320 - BasePage - INFO - 点击投票
2019-02-28 19:54:21,352 - BasePage - INFO - <pageobjects.homepage.HomePage object at 0x000002083D1C5160>找到页面元素:('css selector', '#subject')
2019-02-28 19:54:21,449 - BasePage - INFO - 输入：谁最帅
2019-02-28 19:54:21,476 - BasePage - INFO - <pageobjects.homepage.HomePage object at 0x000002083D1C5160>找到页面元素:('css selector', '#pollm_c_1 .px:first-of-type')
2019-02-28 19:54:21,544 - BasePage - INFO - 输入：我
2019-02-28 19:54:21,567 - BasePage - INFO - <pageobjects.homepage.HomePage object at 0x000002083D1C5160>找到页面元素:('css selector', '#pollm_c_1 p:nth-child(2) input')
2019-02-28 19:54:21,644 - BasePage - INFO - 输入：你
2019-02-28 19:54:21,668 - BasePage - INFO - <pageobjects.homepage.HomePage object at 0x000002083D1C5160>找到页面元素:('css selector', '#pollm_c_1 p:nth-child(3) input')
2019-02-28 19:54:21,724 - BasePage - INFO - 输入：他
2019-02-28 19:54:21,749 - BasePage - INFO - <pageobjects.homepage.HomePage object at 0x000002083D1C5160>找到页面元素:('css selector', '#polldatas')
2019-02-28 19:54:21,832 - BasePage - INFO - 输入：2
2019-02-28 19:54:22,190 - BasePage - INFO - 屏幕截图，保存路径是E:\PyCharm\Discuz/screenshots/201902281954.png
2019-02-28 19:54:22,190 - BasePage - INFO - 切换iframe成功
2019-02-28 19:54:22,210 - BasePage - INFO - <pageobjects.homepage.HomePage object at 0x000002083D1C5160>找到页面元素:('css selector', 'body')
2019-02-28 19:54:22,281 - BasePage - INFO - 输入：我最帅
2019-02-28 19:54:22,284 - BasePage - INFO - 激活窗口成功
2019-02-28 19:54:22,316 - BasePage - INFO - <pageobjects.homepage.HomePage object at 0x000002083D1C5160>找到页面元素:('css selector', '.mbm .pnc')
2019-02-28 19:54:22,424 - BasePage - INFO - 点击发起投票
2019-02-28 19:54:22,424 - BasePage - INFO - 发布投票
2019-02-28 19:54:32,933 - BasePage - INFO - <pageobjects.homepage.HomePage object at 0x000002083D1C5160>找到页面元素:('css selector', '#option_2')
2019-02-28 19:54:33,007 - BasePage - INFO - 点击
2019-02-28 19:54:33,034 - BasePage - INFO - <pageobjects.homepage.HomePage object at 0x000002083D1C5160>找到页面元素:('css selector', '#pollsubmit')
2019-02-28 19:54:34,463 - BasePage - INFO - 屏幕截图，保存路径是E:\PyCharm\Discuz/screenshots/201902281954.png
2019-02-28 19:54:34,464 - BasePage - ERROR - 点击失败，Message: stale element reference: element is not attached to the page document
  (Session info: chrome=69.0.3497.100)
  (Driver info: chromedriver=2.41.578737 (49da6702b16031c40d63e5618de03a32ff6c197e),platform=Windows NT 10.0.17134 x86_64)

2019-02-28 19:54:34,464 - BasePage - INFO - 投票
2019-02-28 19:54:34,492 - BasePage - INFO - <pageobjects.homepage.HomePage object at 0x000002083D1C5160>找到页面元素:('css selector', '.pvt label')
2019-02-28 19:54:34,575 - BasePage - INFO - <pageobjects.homepage.HomePage object at 0x000002083D1C5160>找到页面元素:('css selector', '.pcht tr td:last-of-type')
2019-02-28 19:54:34,795 - BasePage - INFO - <pageobjects.homepage.HomePage object at 0x000002083D1C5160>找到页面元素:('css selector', '.ts>span')
2019-02-28 19:54:34,810 - BasePage - INFO - 标题：谁最帅
选项：['1.  他', '2.  你', '3.  我']
投票结果：['0.00% (0)', '100.00% (1)', '0.00% (0)']
2019-02-28 19:54:39,952 - BasePage - INFO - <pageobjects.homepage.HomePage object at 0x000002083D1C5160>找到页面元素:('link text', '退出')
2019-02-28 19:54:51,608 - BasePage - INFO - 屏幕截图，保存路径是E:\PyCharm\Discuz/screenshots/201902281954.png
2019-02-28 19:54:51,609 - BasePage - ERROR - 点击失败，Message: stale element reference: element is not attached to the page document
  (Session info: chrome=69.0.3497.100)
  (Driver info: chromedriver=2.41.578737 (49da6702b16031c40d63e5618de03a32ff6c197e),platform=Windows NT 10.0.17134 x86_64)

2019-02-28 19:54:51,609 - BasePage - INFO - 退出登录
2019-02-28 19:55:02,004 - BasePage - INFO - 屏幕截图，保存路径是E:\PyCharm\Discuz/screenshots/201902281955.png
2019-02-28 19:55:02,004 - BrowserEngine - INFO - Now,Close and quit the browser.
