2019-02-28 18:00:13,074 - BrowserEngine - INFO - You had select Chrome browser.
2019-02-28 18:00:13,074 - BrowserEngine - INFO - The test server url is: http://127.0.0.1/forum.php
2019-02-28 18:00:15,855 - BrowserEngine - INFO - Starting chrome browser.
2019-02-28 18:00:16,732 - BrowserEngine - INFO - Open url: http://127.0.0.1/forum.php
2019-02-28 18:00:17,855 - BrowserEngine - INFO - Maximize the current window.
2019-02-28 18:00:17,856 - BrowserEngine - INFO - Set implicitly wait 10 seconds.
2019-02-28 18:00:17,912 - BasePage - INFO - <pageobjects.homepage.HomePage object at 0x000001EB779B62B0>找到页面元素:('css selector', '#ls_username')
2019-02-28 18:00:18,090 - BasePage - INFO - 输入：sxd
2019-02-28 18:00:18,122 - BasePage - INFO - <pageobjects.homepage.HomePage object at 0x000001EB779B62B0>找到页面元素:('css selector', '#ls_password')
2019-02-28 18:00:18,205 - BasePage - INFO - 输入：802352.sxd
2019-02-28 18:00:18,238 - BasePage - INFO - <pageobjects.homepage.HomePage object at 0x000001EB779B62B0>找到页面元素:('css selector', '.pn em')
2019-02-28 18:00:18,336 - BasePage - INFO - 点击登录
2019-02-28 18:00:18,336 - BasePage - INFO - sxd登录
2019-02-28 18:00:19,012 - BasePage - INFO - <pageobjects.homepage.HomePage object at 0x000001EB779B62B0>找到页面元素:('css selector', '.vwmy>a')
2019-02-28 18:00:19,162 - BasePage - INFO - <pageobjects.homepage.HomePage object at 0x000001EB779B62B0>找到页面元素:('css selector', '.fl_row:nth-last-child(2) h2>a')
2019-02-28 18:00:20,307 - BasePage - INFO - 屏幕截图，保存路径是E:\PyCharm\Discuz/screenshots/201902281800.png
2019-02-28 18:00:20,307 - BasePage - ERROR - 点击失败，Message: stale element reference: element is not attached to the page document
  (Session info: chrome=69.0.3497.100)
  (Driver info: chromedriver=2.41.578737 (49da6702b16031c40d63e5618de03a32ff6c197e),platform=Windows NT 10.0.17134 x86_64)

2019-02-28 18:00:20,342 - BasePage - INFO - <pageobjects.homepage.HomePage object at 0x000001EB779B62B0>找到页面元素:('css selector', '#newspecial')
2019-02-28 18:00:21,701 - BasePage - INFO - 屏幕截图，保存路径是E:\PyCharm\Discuz/screenshots/201902281800.png
2019-02-28 18:00:21,701 - BasePage - ERROR - 点击失败，Message: stale element reference: element is not attached to the page document
  (Session info: chrome=69.0.3497.100)
  (Driver info: chromedriver=2.41.578737 (49da6702b16031c40d63e5618de03a32ff6c197e),platform=Windows NT 10.0.17134 x86_64)

2019-02-28 18:00:21,701 - BasePage - INFO - 点击发布
2019-02-28 18:00:21,737 - BasePage - INFO - <pageobjects.homepage.HomePage object at 0x000001EB779B62B0>找到页面元素:('css selector', '#editorbox>.mbw>li:nth-last-child(1)>a')
2019-02-28 18:00:22,672 - BasePage - INFO - 屏幕截图，保存路径是E:\PyCharm\Discuz/screenshots/201902281800.png
2019-02-28 18:00:22,672 - BasePage - ERROR - 点击失败，Message: stale element reference: element is not attached to the page document
  (Session info: chrome=69.0.3497.100)
  (Driver info: chromedriver=2.41.578737 (49da6702b16031c40d63e5618de03a32ff6c197e),platform=Windows NT 10.0.17134 x86_64)

2019-02-28 18:00:22,672 - BasePage - INFO - 点击投票
2019-02-28 18:00:22,702 - BasePage - INFO - <pageobjects.homepage.HomePage object at 0x000001EB779B62B0>找到页面元素:('css selector', '#subject')
2019-02-28 18:00:22,824 - BasePage - INFO - 输入：谁最帅
2019-02-28 18:00:22,857 - BasePage - INFO - <pageobjects.homepage.HomePage object at 0x000001EB779B62B0>找到页面元素:('css selector', '#pollm_c_1 .px:first-of-type')
2019-02-28 18:00:22,941 - BasePage - INFO - 输入：我
2019-02-28 18:00:22,973 - BasePage - INFO - <pageobjects.homepage.HomePage object at 0x000001EB779B62B0>找到页面元素:('css selector', '#pollm_c_1 p:nth-child(2) input')
2019-02-28 18:00:23,058 - BasePage - INFO - 输入：你
2019-02-28 18:00:23,092 - BasePage - INFO - <pageobjects.homepage.HomePage object at 0x000001EB779B62B0>找到页面元素:('css selector', '#pollm_c_1 p:nth-child(3) input')
2019-02-28 18:00:23,167 - BasePage - INFO - 输入：他
2019-02-28 18:00:23,195 - BasePage - INFO - <pageobjects.homepage.HomePage object at 0x000001EB779B62B0>找到页面元素:('css selector', '#polldatas')
2019-02-28 18:00:23,257 - BasePage - INFO - 输入：2
2019-02-28 18:00:23,571 - BasePage - INFO - 屏幕截图，保存路径是E:\PyCharm\Discuz/screenshots/201902281800.png
2019-02-28 18:00:23,571 - BasePage - INFO - 切换iframe成功
2019-02-28 18:00:23,601 - BasePage - INFO - <pageobjects.homepage.HomePage object at 0x000001EB779B62B0>找到页面元素:('css selector', 'body')
2019-02-28 18:00:23,705 - BasePage - INFO - 输入：我最帅
2019-02-28 18:00:23,708 - BasePage - INFO - 激活窗口成功
2019-02-28 18:00:23,741 - BasePage - INFO - <pageobjects.homepage.HomePage object at 0x000001EB779B62B0>找到页面元素:('css selector', '.mbm .pnc')
2019-02-28 18:00:23,907 - BasePage - INFO - 点击发起投票
2019-02-28 18:00:23,907 - BasePage - INFO - 发布投票
