2019-02-28 19:18:49,732 - BrowserEngine - INFO - You had select Chrome browser.
2019-02-28 19:18:49,732 - BrowserEngine - INFO - The test server url is: http://127.0.0.1/forum.php
2019-02-28 19:18:52,171 - BrowserEngine - INFO - Starting chrome browser.
2019-02-28 19:19:03,694 - BrowserEngine - INFO - Open url: http://127.0.0.1/forum.php
2019-02-28 19:19:04,868 - BrowserEngine - INFO - Maximize the current window.
2019-02-28 19:19:04,871 - BrowserEngine - INFO - Set implicitly wait 10 seconds.
2019-02-28 19:19:04,930 - BasePage - INFO - <pageobjects.homepage.HomePage object at 0x000002925FE37358>找到页面元素:('css selector', '#ls_username')
2019-02-28 19:19:05,102 - BasePage - INFO - 输入：admin
2019-02-28 19:19:05,137 - BasePage - INFO - <pageobjects.homepage.HomePage object at 0x000002925FE37358>找到页面元素:('css selector', '#ls_password')
2019-02-28 19:19:05,209 - BasePage - INFO - 输入：802352
2019-02-28 19:19:05,234 - BasePage - INFO - <pageobjects.homepage.HomePage object at 0x000002925FE37358>找到页面元素:('css selector', '.pn em')
2019-02-28 19:19:05,293 - BasePage - INFO - 点击登录
2019-02-28 19:19:05,294 - BasePage - INFO - admin登录
2019-02-28 19:19:15,604 - BasePage - INFO - <pageobjects.homepage.HomePage object at 0x000002925FE37358>找到页面元素:('css selector', '.vwmy>a')
2019-02-28 19:19:15,744 - BasePage - INFO - <pageobjects.homepage.HomePage object at 0x000002925FE37358>找到页面元素:('link text', '默认板块')
2019-02-28 19:19:16,648 - BasePage - INFO - 屏幕截图，保存路径是E:\PyCharm\Discuz/screenshots/201902281919.png
2019-02-28 19:19:16,648 - BasePage - ERROR - 点击失败，Message: stale element reference: element is not attached to the page document
  (Session info: chrome=69.0.3497.100)
  (Driver info: chromedriver=2.41.578737 (49da6702b16031c40d63e5618de03a32ff6c197e),platform=Windows NT 10.0.17134 x86_64)

2019-02-28 19:19:16,682 - BasePage - INFO - <pageobjects.homepage.HomePage object at 0x000002925FE37358>找到页面元素:('css selector', '.num .xi2')
2019-02-28 19:19:17,928 - BasePage - INFO - 屏幕截图，保存路径是E:\PyCharm\Discuz/screenshots/201902281919.png
2019-02-28 19:19:17,928 - BasePage - ERROR - 点击失败，Message: stale element reference: element is not attached to the page document
  (Session info: chrome=69.0.3497.100)
  (Driver info: chromedriver=2.41.578737 (49da6702b16031c40d63e5618de03a32ff6c197e),platform=Windows NT 10.0.17134 x86_64)

2019-02-28 19:19:17,955 - BasePage - INFO - <pageobjects.homepage.HomePage object at 0x000002925FE37358>找到页面元素:('css selector', '#modmenu>a')
2019-02-28 19:19:18,282 - BasePage - INFO - 点击删除主题
2019-02-28 19:19:18,311 - BasePage - INFO - <pageobjects.homepage.HomePage object at 0x000002925FE37358>找到页面元素:('css selector', '.o button')
2019-02-28 19:19:19,542 - BasePage - INFO - 屏幕截图，保存路径是E:\PyCharm\Discuz/screenshots/201902281919.png
2019-02-28 19:19:19,542 - BasePage - ERROR - 点击失败，Message: stale element reference: element is not attached to the page document
  (Session info: chrome=69.0.3497.100)
  (Driver info: chromedriver=2.41.578737 (49da6702b16031c40d63e5618de03a32ff6c197e),platform=Windows NT 10.0.17134 x86_64)

2019-02-28 19:19:19,542 - BasePage - INFO - 删除帖子成功
2019-02-28 19:19:19,587 - BasePage - INFO - <pageobjects.homepage.HomePage object at 0x000002925FE37358>找到页面元素:('link text', '管理中心')
2019-02-28 19:19:19,702 - BasePage - INFO - 点击管理中心
2019-02-28 19:19:21,103 - BasePage - INFO - 屏幕截图，保存路径是E:\PyCharm\Discuz/screenshots/201902281919.png
2019-02-28 19:19:21,103 - BasePage - INFO - 切换窗口成功
2019-02-28 19:19:21,133 - BasePage - INFO - <pageobjects.homepage.HomePage object at 0x000002925FE37358>找到页面元素:('xpath', '//input[@name="admin_password"]')
2019-02-28 19:19:21,203 - BasePage - INFO - 输入：802352
2019-02-28 19:19:21,230 - BasePage - INFO - <pageobjects.homepage.HomePage object at 0x000002925FE37358>找到页面元素:('css selector', '.loginnofloat input')
2019-02-28 19:19:51,514 - BasePage - INFO - 屏幕截图，保存路径是E:\PyCharm\Discuz/screenshots/201902281919.png
2019-02-28 19:19:51,514 - BasePage - ERROR - 点击失败，Message: stale element reference: element is not attached to the page document
  (Session info: chrome=69.0.3497.100)
  (Driver info: chromedriver=2.41.578737 (49da6702b16031c40d63e5618de03a32ff6c197e),platform=Windows NT 10.0.17134 x86_64)

2019-02-28 19:19:51,514 - BasePage - INFO - admin登录
2019-02-28 19:19:51,534 - BasePage - INFO - <pageobjects.homepage.HomePage object at 0x000002925FE37358>找到页面元素:('css selector', '.uinfo')
2019-02-28 19:19:51,592 - BasePage - INFO - <pageobjects.homepage.HomePage object at 0x000002925FE37358>找到页面元素:('css selector', '#header_forum')
2019-02-28 19:19:51,853 - BasePage - INFO - 点击论坛
2019-02-28 19:19:51,853 - BasePage - INFO - 点击论坛
2019-02-28 19:19:52,203 - BasePage - INFO - 屏幕截图，保存路径是E:\PyCharm\Discuz/screenshots/201902281919.png
2019-02-28 19:19:52,203 - BasePage - INFO - 切换iframe成功
2019-02-28 19:19:52,233 - BasePage - INFO - <pageobjects.homepage.HomePage object at 0x000002925FE37358>找到页面元素:('css selector', '.lastboard>a')
2019-02-28 19:19:52,352 - BasePage - INFO - 点击添加新版块
2019-02-28 19:19:52,384 - BasePage - INFO - <pageobjects.homepage.HomePage object at 0x000002925FE37358>找到页面元素:('xpath', '//*[@id="cpform"]/table/tbody[3]/tr[1]/td[3]/div/input')
2019-02-28 19:19:52,422 - BasePage - INFO - 清除<selenium.webdriver.remote.webelement.WebElement (session="13d0d38f9354446943e9bc0c23684763", element="0.3650241182837479-2")>
2019-02-28 19:19:52,458 - BasePage - INFO - <pageobjects.homepage.HomePage object at 0x000002925FE37358>找到页面元素:('xpath', '//*[@id="cpform"]/table/tbody[3]/tr[1]/td[2]/input')
2019-02-28 19:19:52,524 - BasePage - INFO - 输入：3
2019-02-28 19:19:52,539 - BasePage - INFO - <pageobjects.homepage.HomePage object at 0x000002925FE37358>找到页面元素:('xpath', '//*[@id="cpform"]/table/tbody[3]/tr[1]/td[3]/div/input')
2019-02-28 19:19:52,591 - BasePage - INFO - 输入：今日板块
2019-02-28 19:19:52,622 - BasePage - INFO - <pageobjects.homepage.HomePage object at 0x000002925FE37358>找到页面元素:('css selector', '.fixsel>input')
2019-02-28 19:19:53,258 - BasePage - INFO - 屏幕截图，保存路径是E:\PyCharm\Discuz/screenshots/201902281919.png
2019-02-28 19:19:53,258 - BasePage - ERROR - 点击失败，Message: stale element reference: element is not attached to the page document
  (Session info: chrome=69.0.3497.100)
  (Driver info: chromedriver=2.41.578737 (49da6702b16031c40d63e5618de03a32ff6c197e),platform=Windows NT 10.0.17134 x86_64)

2019-02-28 19:19:53,258 - BasePage - INFO - 添加板块今日板块
2019-02-28 19:19:53,258 - BasePage - INFO - 激活窗口成功
2019-02-28 19:19:53,288 - BasePage - INFO - <pageobjects.homepage.HomePage object at 0x000002925FE37358>找到页面元素:('link text', '退出')
2019-02-28 19:20:01,353 - BasePage - INFO - 屏幕截图，保存路径是E:\PyCharm\Discuz/screenshots/201902281920.png
2019-02-28 19:20:01,353 - BasePage - ERROR - 点击失败，Message: stale element reference: element is not attached to the page document
  (Session info: chrome=69.0.3497.100)
  (Driver info: chromedriver=2.41.578737 (49da6702b16031c40d63e5618de03a32ff6c197e),platform=Windows NT 10.0.17134 x86_64)

2019-02-28 19:20:01,353 - BasePage - INFO - 退出登录
2019-02-28 19:20:01,393 - BasePage - INFO - <pageobjects.homepage.HomePage object at 0x000002925FE37358>找到页面元素:('link text', '退出')
2019-02-28 19:20:02,005 - BasePage - INFO - 屏幕截图，保存路径是E:\PyCharm\Discuz/screenshots/201902281920.png
2019-02-28 19:20:02,005 - BasePage - ERROR - 点击失败，Message: stale element reference: element is not attached to the page document
  (Session info: chrome=69.0.3497.100)
  (Driver info: chromedriver=2.41.578737 (49da6702b16031c40d63e5618de03a32ff6c197e),platform=Windows NT 10.0.17134 x86_64)

2019-02-28 19:20:02,005 - BasePage - INFO - 退出登录
2019-02-28 19:20:07,072 - BasePage - INFO - <pageobjects.homepage.HomePage object at 0x000002925FE37358>找到页面元素:('css selector', '#ls_username')
2019-02-28 19:20:07,179 - BasePage - INFO - 输入：sxd
2019-02-28 19:20:07,206 - BasePage - INFO - <pageobjects.homepage.HomePage object at 0x000002925FE37358>找到页面元素:('css selector', '#ls_password')
2019-02-28 19:20:07,290 - BasePage - INFO - 输入：802352.sxd
2019-02-28 19:20:07,319 - BasePage - INFO - <pageobjects.homepage.HomePage object at 0x000002925FE37358>找到页面元素:('css selector', '.pn em')
2019-02-28 19:20:07,381 - BasePage - INFO - 点击登录
2019-02-28 19:20:07,381 - BasePage - INFO - sxd登录
2019-02-28 19:20:17,706 - BasePage - INFO - <pageobjects.homepage.HomePage object at 0x000002925FE37358>找到页面元素:('css selector', '.vwmy>a')
2019-02-28 19:20:17,786 - BasePage - INFO - <pageobjects.homepage.HomePage object at 0x000002925FE37358>找到页面元素:('css selector', '.fl_row:nth-last-child(2) h2>a')
2019-02-28 19:20:18,451 - BasePage - INFO - 屏幕截图，保存路径是E:\PyCharm\Discuz/screenshots/201902281920.png
2019-02-28 19:20:18,451 - BasePage - ERROR - 点击失败，Message: stale element reference: element is not attached to the page document
  (Session info: chrome=69.0.3497.100)
  (Driver info: chromedriver=2.41.578737 (49da6702b16031c40d63e5618de03a32ff6c197e),platform=Windows NT 10.0.17134 x86_64)

2019-02-28 19:20:18,478 - BasePage - INFO - <pageobjects.homepage.HomePage object at 0x000002925FE37358>找到页面元素:('css selector', '#subject')
2019-02-28 19:20:18,616 - BasePage - INFO - 输入：haotest
2019-02-28 19:20:18,644 - BasePage - INFO - <pageobjects.homepage.HomePage object at 0x000002925FE37358>找到页面元素:('css selector', '#fastpostmessage')
2019-02-28 19:20:18,778 - BasePage - INFO - 输入：haotest,hello word
2019-02-28 19:20:18,808 - BasePage - INFO - <pageobjects.homepage.HomePage object at 0x000002925FE37358>找到页面元素:('css selector', '.ptm button')
2019-02-28 19:20:20,177 - BasePage - INFO - 屏幕截图，保存路径是E:\PyCharm\Discuz/screenshots/201902281920.png
2019-02-28 19:20:20,177 - BasePage - ERROR - 点击失败，Message: stale element reference: element is not attached to the page document
  (Session info: chrome=69.0.3497.100)
  (Driver info: chromedriver=2.41.578737 (49da6702b16031c40d63e5618de03a32ff6c197e),platform=Windows NT 10.0.17134 x86_64)

2019-02-28 19:20:20,177 - BasePage - INFO - 发帖haotest
2019-02-28 19:20:20,199 - BasePage - INFO - <pageobjects.homepage.HomePage object at 0x000002925FE37358>找到页面元素:('css selector', '#fastpostmessage')
2019-02-28 19:20:20,295 - BasePage - INFO - 输入：see you
2019-02-28 19:20:20,316 - BasePage - INFO - <pageobjects.homepage.HomePage object at 0x000002925FE37358>找到页面元素:('css selector', '.ptm button')
2019-02-28 19:20:20,422 - BasePage - INFO - 点击发表回复
2019-02-28 19:20:20,429 - BasePage - INFO - 回复see you
2019-02-28 19:20:20,482 - BasePage - INFO - <pageobjects.homepage.HomePage object at 0x000002925FE37358>找到页面元素:('link text', '退出')
2019-02-28 19:20:21,089 - BasePage - INFO - 屏幕截图，保存路径是E:\PyCharm\Discuz/screenshots/201902281920.png
2019-02-28 19:20:21,089 - BasePage - ERROR - 点击失败，Message: stale element reference: element is not attached to the page document
  (Session info: chrome=69.0.3497.100)
  (Driver info: chromedriver=2.41.578737 (49da6702b16031c40d63e5618de03a32ff6c197e),platform=Windows NT 10.0.17134 x86_64)

2019-02-28 19:20:21,089 - BasePage - INFO - 退出登录
2019-02-28 19:20:44,814 - BasePage - INFO - 屏幕截图，保存路径是E:\PyCharm\Discuz/screenshots/201902281920.png
2019-02-28 19:20:44,814 - BrowserEngine - INFO - Now,Close and quit the browser.
