2019-02-28 19:16:19,279 - BrowserEngine - INFO - You had select Chrome browser.
2019-02-28 19:16:19,279 - BrowserEngine - INFO - The test server url is: http://127.0.0.1/forum.php
2019-02-28 19:16:21,732 - BrowserEngine - INFO - Starting chrome browser.
2019-02-28 19:16:33,378 - BrowserEngine - INFO - Open url: http://127.0.0.1/forum.php
2019-02-28 19:16:34,548 - BrowserEngine - INFO - Maximize the current window.
2019-02-28 19:16:34,549 - BrowserEngine - INFO - Set implicitly wait 10 seconds.
2019-02-28 19:16:34,600 - BasePage - INFO - <pageobjects.homepage.HomePage object at 0x00000298A77E62B0>找到页面元素:('css selector', '#ls_username')
2019-02-28 19:16:34,794 - BasePage - INFO - 输入：sxd
2019-02-28 19:16:34,830 - BasePage - INFO - <pageobjects.homepage.HomePage object at 0x00000298A77E62B0>找到页面元素:('css selector', '#ls_password')
2019-02-28 19:16:34,922 - BasePage - INFO - 输入：802352.sxd
2019-02-28 19:16:34,948 - BasePage - INFO - <pageobjects.homepage.HomePage object at 0x00000298A77E62B0>找到页面元素:('css selector', '.pn em')
2019-02-28 19:16:35,010 - BasePage - INFO - 点击登录
2019-02-28 19:16:35,010 - BasePage - INFO - sxd登录
2019-02-28 19:16:45,292 - BasePage - INFO - <pageobjects.homepage.HomePage object at 0x00000298A77E62B0>找到页面元素:('css selector', '.vwmy>a')
2019-02-28 19:16:45,362 - BasePage - INFO - <pageobjects.homepage.HomePage object at 0x00000298A77E62B0>找到页面元素:('css selector', '.fl_row:nth-last-child(2) h2>a')
2019-02-28 19:16:46,184 - BasePage - INFO - 屏幕截图，保存路径是E:\PyCharm\Discuz/screenshots/201902281916.png
2019-02-28 19:16:46,184 - BasePage - ERROR - 点击失败，Message: stale element reference: element is not attached to the page document
  (Session info: chrome=69.0.3497.100)
  (Driver info: chromedriver=2.41.578737 (49da6702b16031c40d63e5618de03a32ff6c197e),platform=Windows NT 10.0.17134 x86_64)

2019-02-28 19:16:46,215 - BasePage - INFO - <pageobjects.homepage.HomePage object at 0x00000298A77E62B0>找到页面元素:('css selector', '#newspecial')
2019-02-28 19:16:47,060 - BasePage - INFO - 屏幕截图，保存路径是E:\PyCharm\Discuz/screenshots/201902281916.png
2019-02-28 19:16:47,060 - BasePage - ERROR - 点击失败，Message: stale element reference: element is not attached to the page document
  (Session info: chrome=69.0.3497.100)
  (Driver info: chromedriver=2.41.578737 (49da6702b16031c40d63e5618de03a32ff6c197e),platform=Windows NT 10.0.17134 x86_64)

2019-02-28 19:16:47,060 - BasePage - INFO - 点击发布
2019-02-28 19:16:47,089 - BasePage - INFO - <pageobjects.homepage.HomePage object at 0x00000298A77E62B0>找到页面元素:('css selector', '#editorbox>.mbw>li:nth-last-child(1)>a')
2019-02-28 19:16:47,906 - BasePage - INFO - 屏幕截图，保存路径是E:\PyCharm\Discuz/screenshots/201902281916.png
2019-02-28 19:16:47,906 - BasePage - ERROR - 点击失败，Message: stale element reference: element is not attached to the page document
  (Session info: chrome=69.0.3497.100)
  (Driver info: chromedriver=2.41.578737 (49da6702b16031c40d63e5618de03a32ff6c197e),platform=Windows NT 10.0.17134 x86_64)

2019-02-28 19:16:47,906 - BasePage - INFO - 点击投票
2019-02-28 19:16:47,935 - BasePage - INFO - <pageobjects.homepage.HomePage object at 0x00000298A77E62B0>找到页面元素:('css selector', '#subject')
2019-02-28 19:16:48,044 - BasePage - INFO - 输入：谁最帅
2019-02-28 19:16:48,068 - BasePage - INFO - <pageobjects.homepage.HomePage object at 0x00000298A77E62B0>找到页面元素:('css selector', '#pollm_c_1 .px:first-of-type')
2019-02-28 19:16:48,134 - BasePage - INFO - 输入：我
2019-02-28 19:16:48,164 - BasePage - INFO - <pageobjects.homepage.HomePage object at 0x00000298A77E62B0>找到页面元素:('css selector', '#pollm_c_1 p:nth-child(2) input')
2019-02-28 19:16:48,230 - BasePage - INFO - 输入：你
2019-02-28 19:16:48,256 - BasePage - INFO - <pageobjects.homepage.HomePage object at 0x00000298A77E62B0>找到页面元素:('css selector', '#pollm_c_1 p:nth-child(3) input')
2019-02-28 19:16:48,311 - BasePage - INFO - 输入：他
2019-02-28 19:16:48,337 - BasePage - INFO - <pageobjects.homepage.HomePage object at 0x00000298A77E62B0>找到页面元素:('css selector', '#polldatas')
2019-02-28 19:16:48,399 - BasePage - INFO - 输入：2
2019-02-28 19:16:48,744 - BasePage - INFO - 屏幕截图，保存路径是E:\PyCharm\Discuz/screenshots/201902281916.png
2019-02-28 19:16:48,744 - BasePage - INFO - 切换iframe成功
2019-02-28 19:16:48,774 - BasePage - INFO - <pageobjects.homepage.HomePage object at 0x00000298A77E62B0>找到页面元素:('css selector', 'body')
2019-02-28 19:16:48,859 - BasePage - INFO - 输入：我最帅
2019-02-28 19:16:48,862 - BasePage - INFO - 激活窗口成功
2019-02-28 19:16:48,893 - BasePage - INFO - <pageobjects.homepage.HomePage object at 0x00000298A77E62B0>找到页面元素:('css selector', '.mbm .pnc')
2019-02-28 19:16:49,011 - BasePage - INFO - 点击发起投票
2019-02-28 19:16:49,011 - BasePage - INFO - 发布投票
2019-02-28 19:16:59,681 - BasePage - INFO - <pageobjects.homepage.HomePage object at 0x00000298A77E62B0>找到页面元素:('css selector', '#option_2')
2019-02-28 19:16:59,765 - BasePage - INFO - 点击
2019-02-28 19:16:59,789 - BasePage - INFO - <pageobjects.homepage.HomePage object at 0x00000298A77E62B0>找到页面元素:('css selector', '#pollsubmit')
2019-02-28 19:17:01,072 - BasePage - INFO - 屏幕截图，保存路径是E:\PyCharm\Discuz/screenshots/201902281917.png
2019-02-28 19:17:01,072 - BasePage - ERROR - 点击失败，Message: stale element reference: element is not attached to the page document
  (Session info: chrome=69.0.3497.100)
  (Driver info: chromedriver=2.41.578737 (49da6702b16031c40d63e5618de03a32ff6c197e),platform=Windows NT 10.0.17134 x86_64)

2019-02-28 19:17:01,072 - BasePage - INFO - 投票
2019-02-28 19:17:01,099 - BasePage - INFO - <pageobjects.homepage.HomePage object at 0x00000298A77E62B0>找到页面元素:('css selector', '.pvt label')
2019-02-28 19:17:01,177 - BasePage - INFO - <pageobjects.homepage.HomePage object at 0x00000298A77E62B0>找到页面元素:('css selector', '.pcht tr td:last-of-type')
2019-02-28 19:17:01,416 - BasePage - INFO - <pageobjects.homepage.HomePage object at 0x00000298A77E62B0>找到页面元素:('css selector', '.ts>span')
2019-02-28 19:17:01,438 - BasePage - INFO - 标题：谁最帅
选项：['1.  他', '2.  你', '3.  我']
投票结果：['0.00% (0)', '100.00% (1)', '0.00% (0)']
2019-02-28 19:17:06,538 - BasePage - INFO - <pageobjects.homepage.HomePage object at 0x00000298A77E62B0>找到页面元素:('link text', '退出')
2019-02-28 19:17:17,254 - BasePage - INFO - 屏幕截图，保存路径是E:\PyCharm\Discuz/screenshots/201902281917.png
2019-02-28 19:17:17,255 - BasePage - ERROR - 点击失败，Message: stale element reference: element is not attached to the page document
  (Session info: chrome=69.0.3497.100)
  (Driver info: chromedriver=2.41.578737 (49da6702b16031c40d63e5618de03a32ff6c197e),platform=Windows NT 10.0.17134 x86_64)

2019-02-28 19:17:17,255 - BasePage - INFO - 退出登录
2019-02-28 19:17:27,657 - BasePage - INFO - 屏幕截图，保存路径是E:\PyCharm\Discuz/screenshots/201902281917.png
2019-02-28 19:17:27,657 - BrowserEngine - INFO - Now,Close and quit the browser.
