2019-02-28 19:11:08,087 - BrowserEngine - INFO - You had select Chrome browser.
2019-02-28 19:11:08,097 - BrowserEngine - INFO - The test server url is: http://127.0.0.1/forum.php
2019-02-28 19:11:10,548 - BrowserEngine - INFO - Starting chrome browser.
2019-02-28 19:11:20,971 - BrowserEngine - INFO - Open url: http://127.0.0.1/forum.php
2019-02-28 19:11:22,102 - BrowserEngine - INFO - Maximize the current window.
2019-02-28 19:11:22,104 - BrowserEngine - INFO - Set implicitly wait 10 seconds.
2019-02-28 19:11:22,154 - BasePage - INFO - <pageobjects.homepage.HomePage object at 0x00000257FDB68358>找到页面元素:('css selector', '#ls_username')
2019-02-28 19:11:22,345 - BasePage - INFO - 输入：admin
2019-02-28 19:11:22,378 - BasePage - INFO - <pageobjects.homepage.HomePage object at 0x00000257FDB68358>找到页面元素:('css selector', '#ls_password')
2019-02-28 19:11:22,451 - BasePage - INFO - 输入：802352
2019-02-28 19:11:22,477 - BasePage - INFO - <pageobjects.homepage.HomePage object at 0x00000257FDB68358>找到页面元素:('css selector', '.pn em')
2019-02-28 19:11:22,537 - BasePage - INFO - 点击登录
2019-02-28 19:11:22,537 - BasePage - INFO - admin登录
2019-02-28 19:11:23,134 - BasePage - INFO - <pageobjects.homepage.HomePage object at 0x00000257FDB68358>找到页面元素:('css selector', '.vwmy>a')
2019-02-28 19:11:23,218 - BasePage - INFO - <pageobjects.homepage.HomePage object at 0x00000257FDB68358>找到页面元素:('link text', '默认板块')
2019-02-28 19:11:23,968 - BasePage - INFO - 屏幕截图，保存路径是E:\PyCharm\Discuz/screenshots/201902281911.png
2019-02-28 19:11:23,969 - BasePage - ERROR - 点击失败，Message: stale element reference: element is not attached to the page document
  (Session info: chrome=69.0.3497.100)
  (Driver info: chromedriver=2.41.578737 (49da6702b16031c40d63e5618de03a32ff6c197e),platform=Windows NT 10.0.17134 x86_64)

2019-02-28 19:11:24,020 - BasePage - INFO - <pageobjects.homepage.HomePage object at 0x00000257FDB68358>找到页面元素:('css selector', '.num .xi2')
2019-02-28 19:11:25,190 - BasePage - INFO - 屏幕截图，保存路径是E:\PyCharm\Discuz/screenshots/201902281911.png
2019-02-28 19:11:25,190 - BasePage - ERROR - 点击失败，Message: stale element reference: element is not attached to the page document
  (Session info: chrome=69.0.3497.100)
  (Driver info: chromedriver=2.41.578737 (49da6702b16031c40d63e5618de03a32ff6c197e),platform=Windows NT 10.0.17134 x86_64)

2019-02-28 19:11:25,210 - BasePage - INFO - <pageobjects.homepage.HomePage object at 0x00000257FDB68358>找到页面元素:('css selector', '#modmenu>a')
2019-02-28 19:11:25,590 - BasePage - INFO - 点击删除主题
2019-02-28 19:11:25,618 - BasePage - INFO - <pageobjects.homepage.HomePage object at 0x00000257FDB68358>找到页面元素:('css selector', '.o button')
2019-02-28 19:11:37,556 - BasePage - INFO - 屏幕截图，保存路径是E:\PyCharm\Discuz/screenshots/201902281911.png
2019-02-28 19:11:37,556 - BasePage - ERROR - 点击失败，Message: stale element reference: element is not attached to the page document
  (Session info: chrome=69.0.3497.100)
  (Driver info: chromedriver=2.41.578737 (49da6702b16031c40d63e5618de03a32ff6c197e),platform=Windows NT 10.0.17134 x86_64)

2019-02-28 19:11:37,557 - BasePage - INFO - 删除帖子成功
2019-02-28 19:11:37,598 - BasePage - INFO - <pageobjects.homepage.HomePage object at 0x00000257FDB68358>找到页面元素:('link text', '管理中心')
2019-02-28 19:11:37,720 - BasePage - INFO - 点击管理中心
2019-02-28 19:11:39,104 - BasePage - INFO - 屏幕截图，保存路径是E:\PyCharm\Discuz/screenshots/201902281911.png
2019-02-28 19:11:39,104 - BasePage - INFO - 切换窗口成功
2019-02-28 19:11:39,134 - BasePage - INFO - <pageobjects.homepage.HomePage object at 0x00000257FDB68358>找到页面元素:('xpath', '//input[@name="admin_password"]')
2019-02-28 19:11:39,205 - BasePage - INFO - 输入：802352
2019-02-28 19:11:39,231 - BasePage - INFO - <pageobjects.homepage.HomePage object at 0x00000257FDB68358>找到页面元素:('css selector', '.loginnofloat input')
2019-02-28 19:12:13,820 - BasePage - INFO - 屏幕截图，保存路径是E:\PyCharm\Discuz/screenshots/201902281912.png
2019-02-28 19:12:13,820 - BasePage - ERROR - 点击失败，Message: stale element reference: element is not attached to the page document
  (Session info: chrome=69.0.3497.100)
  (Driver info: chromedriver=2.41.578737 (49da6702b16031c40d63e5618de03a32ff6c197e),platform=Windows NT 10.0.17134 x86_64)

2019-02-28 19:12:13,820 - BasePage - INFO - admin登录
2019-02-28 19:12:13,845 - BasePage - INFO - <pageobjects.homepage.HomePage object at 0x00000257FDB68358>找到页面元素:('css selector', '.uinfo')
2019-02-28 19:12:13,895 - BasePage - INFO - <pageobjects.homepage.HomePage object at 0x00000257FDB68358>找到页面元素:('css selector', '#header_forum')
2019-02-28 19:12:14,167 - BasePage - INFO - 点击论坛
2019-02-28 19:12:14,167 - BasePage - INFO - 点击论坛
2019-02-28 19:12:14,523 - BasePage - INFO - 屏幕截图，保存路径是E:\PyCharm\Discuz/screenshots/201902281912.png
2019-02-28 19:12:14,523 - BasePage - INFO - 切换iframe成功
2019-02-28 19:12:14,543 - BasePage - INFO - <pageobjects.homepage.HomePage object at 0x00000257FDB68358>找到页面元素:('css selector', '.lastboard>a')
2019-02-28 19:12:14,669 - BasePage - INFO - 点击添加新版块
2019-02-28 19:12:14,701 - BasePage - INFO - <pageobjects.homepage.HomePage object at 0x00000257FDB68358>找到页面元素:('xpath', '//*[@id="cpform"]/table/tbody[3]/tr[1]/td[3]/div/input')
2019-02-28 19:12:14,726 - BasePage - INFO - 清除<selenium.webdriver.remote.webelement.WebElement (session="6b69e33732621a9bb00792c4fd2f666d", element="0.6797734979721017-2")>
2019-02-28 19:12:14,780 - BasePage - INFO - <pageobjects.homepage.HomePage object at 0x00000257FDB68358>找到页面元素:('xpath', '//*[@id="cpform"]/table/tbody[3]/tr[1]/td[2]/input')
2019-02-28 19:12:14,848 - BasePage - INFO - 输入：3
2019-02-28 19:12:14,864 - BasePage - INFO - <pageobjects.homepage.HomePage object at 0x00000257FDB68358>找到页面元素:('xpath', '//*[@id="cpform"]/table/tbody[3]/tr[1]/td[3]/div/input')
2019-02-28 19:12:14,925 - BasePage - INFO - 输入：今日板块
2019-02-28 19:12:14,956 - BasePage - INFO - <pageobjects.homepage.HomePage object at 0x00000257FDB68358>找到页面元素:('css selector', '.fixsel>input')
2019-02-28 19:12:15,595 - BasePage - INFO - 屏幕截图，保存路径是E:\PyCharm\Discuz/screenshots/201902281912.png
2019-02-28 19:12:15,595 - BasePage - ERROR - 点击失败，Message: stale element reference: element is not attached to the page document
  (Session info: chrome=69.0.3497.100)
  (Driver info: chromedriver=2.41.578737 (49da6702b16031c40d63e5618de03a32ff6c197e),platform=Windows NT 10.0.17134 x86_64)

2019-02-28 19:12:15,595 - BasePage - INFO - 添加板块今日板块
2019-02-28 19:12:15,595 - BasePage - INFO - 激活窗口成功
2019-02-28 19:12:15,635 - BasePage - INFO - <pageobjects.homepage.HomePage object at 0x00000257FDB68358>找到页面元素:('link text', '退出')
2019-02-28 19:12:16,479 - BasePage - INFO - 屏幕截图，保存路径是E:\PyCharm\Discuz/screenshots/201902281912.png
2019-02-28 19:12:16,480 - BasePage - ERROR - 点击失败，Message: stale element reference: element is not attached to the page document
  (Session info: chrome=69.0.3497.100)
  (Driver info: chromedriver=2.41.578737 (49da6702b16031c40d63e5618de03a32ff6c197e),platform=Windows NT 10.0.17134 x86_64)

2019-02-28 19:12:16,480 - BasePage - INFO - 退出登录
2019-02-28 19:12:16,516 - BasePage - INFO - <pageobjects.homepage.HomePage object at 0x00000257FDB68358>找到页面元素:('link text', '退出')
2019-02-28 19:12:17,123 - BasePage - INFO - 屏幕截图，保存路径是E:\PyCharm\Discuz/screenshots/201902281912.png
2019-02-28 19:12:17,123 - BasePage - ERROR - 点击失败，Message: stale element reference: element is not attached to the page document
  (Session info: chrome=69.0.3497.100)
  (Driver info: chromedriver=2.41.578737 (49da6702b16031c40d63e5618de03a32ff6c197e),platform=Windows NT 10.0.17134 x86_64)

2019-02-28 19:12:17,123 - BasePage - INFO - 退出登录
2019-02-28 19:12:22,192 - BasePage - INFO - <pageobjects.homepage.HomePage object at 0x00000257FDB68358>找到页面元素:('css selector', '#ls_username')
2019-02-28 19:12:22,305 - BasePage - INFO - 输入：sxd
2019-02-28 19:12:22,330 - BasePage - INFO - <pageobjects.homepage.HomePage object at 0x00000257FDB68358>找到页面元素:('css selector', '#ls_password')
2019-02-28 19:12:22,414 - BasePage - INFO - 输入：802352.sxd
2019-02-28 19:12:22,441 - BasePage - INFO - <pageobjects.homepage.HomePage object at 0x00000257FDB68358>找到页面元素:('css selector', '.pn em')
2019-02-28 19:12:22,507 - BasePage - INFO - 点击登录
2019-02-28 19:12:22,508 - BasePage - INFO - sxd登录
2019-02-28 19:12:32,934 - BasePage - INFO - <pageobjects.homepage.HomePage object at 0x00000257FDB68358>找到页面元素:('css selector', '.vwmy>a')
2019-02-28 19:12:32,984 - BasePage - INFO - <pageobjects.homepage.HomePage object at 0x00000257FDB68358>找到页面元素:('css selector', '.fl_row:nth-last-child(2) h2>a')
2019-02-28 19:12:33,581 - BasePage - INFO - 屏幕截图，保存路径是E:\PyCharm\Discuz/screenshots/201902281912.png
2019-02-28 19:12:33,581 - BasePage - ERROR - 点击失败，Message: stale element reference: element is not attached to the page document
  (Session info: chrome=69.0.3497.100)
  (Driver info: chromedriver=2.41.578737 (49da6702b16031c40d63e5618de03a32ff6c197e),platform=Windows NT 10.0.17134 x86_64)

2019-02-28 19:12:33,616 - BasePage - INFO - <pageobjects.homepage.HomePage object at 0x00000257FDB68358>找到页面元素:('css selector', '#subject')
2019-02-28 19:12:33,769 - BasePage - INFO - 输入：haotest
2019-02-28 19:12:33,809 - BasePage - INFO - <pageobjects.homepage.HomePage object at 0x00000257FDB68358>找到页面元素:('css selector', '#fastpostmessage')
2019-02-28 19:12:33,938 - BasePage - INFO - 输入：haotest,hello word
2019-02-28 19:12:33,966 - BasePage - INFO - <pageobjects.homepage.HomePage object at 0x00000257FDB68358>找到页面元素:('css selector', '.ptm button')
2019-02-28 19:12:35,301 - BasePage - INFO - 屏幕截图，保存路径是E:\PyCharm\Discuz/screenshots/201902281912.png
2019-02-28 19:12:35,301 - BasePage - ERROR - 点击失败，Message: stale element reference: element is not attached to the page document
  (Session info: chrome=69.0.3497.100)
  (Driver info: chromedriver=2.41.578737 (49da6702b16031c40d63e5618de03a32ff6c197e),platform=Windows NT 10.0.17134 x86_64)

2019-02-28 19:12:35,301 - BasePage - INFO - 发帖haotest
2019-02-28 19:12:35,326 - BasePage - INFO - <pageobjects.homepage.HomePage object at 0x00000257FDB68358>找到页面元素:('css selector', '#fastpostmessage')
2019-02-28 19:12:35,417 - BasePage - INFO - 输入：see you
2019-02-28 19:12:35,440 - BasePage - INFO - <pageobjects.homepage.HomePage object at 0x00000257FDB68358>找到页面元素:('css selector', '.ptm button')
2019-02-28 19:12:35,533 - BasePage - INFO - 点击发表回复
2019-02-28 19:12:35,533 - BasePage - INFO - 回复see you
2019-02-28 19:12:35,595 - BasePage - INFO - <pageobjects.homepage.HomePage object at 0x00000257FDB68358>找到页面元素:('link text', '退出')
2019-02-28 19:12:36,201 - BasePage - INFO - 屏幕截图，保存路径是E:\PyCharm\Discuz/screenshots/201902281912.png
2019-02-28 19:12:36,201 - BasePage - ERROR - 点击失败，Message: stale element reference: element is not attached to the page document
  (Session info: chrome=69.0.3497.100)
  (Driver info: chromedriver=2.41.578737 (49da6702b16031c40d63e5618de03a32ff6c197e),platform=Windows NT 10.0.17134 x86_64)

2019-02-28 19:12:36,201 - BasePage - INFO - 退出登录
2019-02-28 19:12:36,201 - BrowserEngine - INFO - Now,Close and quit the browser.
