2019-03-01 11:50:50,152 - BrowserEngine - INFO - You had select Chrome browser.
2019-03-01 11:50:50,152 - BrowserEngine - INFO - The test server url is: http://127.0.0.1/forum.php
2019-03-01 11:50:54,245 - BrowserEngine - INFO - Starting chrome browser.
2019-03-01 11:50:56,736 - BrowserEngine - INFO - Open url: http://127.0.0.1/forum.php
2019-03-01 11:50:57,908 - BrowserEngine - INFO - Maximize the current window.
2019-03-01 11:50:57,910 - BrowserEngine - INFO - Set implicitly wait 10 seconds.
2019-03-01 11:50:58,109 - BasePage - INFO - <pageobjects.homepage.HomePage object at 0x000001FC5CE544E0>找到页面元素:('css selector', '#ls_username')
2019-03-01 11:50:58,273 - BasePage - INFO - 输入：sxd
2019-03-01 11:50:58,301 - BasePage - INFO - <pageobjects.homepage.HomePage object at 0x000001FC5CE544E0>找到页面元素:('css selector', '#ls_password')
2019-03-01 11:50:58,392 - BasePage - INFO - 输入：802352.sxd
2019-03-01 11:50:58,418 - BasePage - INFO - <pageobjects.homepage.HomePage object at 0x000001FC5CE544E0>找到页面元素:('css selector', '.pn em')
2019-03-01 11:50:58,488 - BasePage - INFO - 点击登录
2019-03-01 11:50:58,489 - BasePage - INFO - sxd登录
2019-03-01 11:51:01,449 - BasePage - INFO - <pageobjects.homepage.HomePage object at 0x000001FC5CE544E0>找到页面元素:('css selector', '.vwmy>a')
2019-03-01 11:51:01,592 - BasePage - INFO - <pageobjects.homepage.HomePage object at 0x000001FC5CE544E0>找到页面元素:('link text', '默认板块')
2019-03-01 11:51:03,048 - BasePage - INFO - 屏幕截图，保存路径是E:\PyCharm\Discuz/screenshots/201903011151.png
2019-03-01 11:51:03,049 - BasePage - ERROR - 点击失败，Message: stale element reference: element is not attached to the page document
  (Session info: chrome=69.0.3497.100)
  (Driver info: chromedriver=2.41.578737 (49da6702b16031c40d63e5618de03a32ff6c197e),platform=Windows NT 10.0.17134 x86_64)

2019-03-01 11:51:03,082 - BasePage - INFO - <pageobjects.homepage.HomePage object at 0x000001FC5CE544E0>找到页面元素:('css selector', '#subject')
2019-03-01 11:51:03,191 - BasePage - INFO - 输入：haotest
2019-03-01 11:51:03,231 - BasePage - INFO - <pageobjects.homepage.HomePage object at 0x000001FC5CE544E0>找到页面元素:('css selector', '#fastpostmessage')
2019-03-01 11:51:03,378 - BasePage - INFO - 输入：haotest,hello word
2019-03-01 11:51:03,408 - BasePage - INFO - <pageobjects.homepage.HomePage object at 0x000001FC5CE544E0>找到页面元素:('css selector', '.ptm button')
2019-03-01 11:51:06,810 - BasePage - INFO - 屏幕截图，保存路径是E:\PyCharm\Discuz/screenshots/201903011151.png
2019-03-01 11:51:06,820 - BasePage - ERROR - 点击失败，Message: stale element reference: element is not attached to the page document
  (Session info: chrome=69.0.3497.100)
  (Driver info: chromedriver=2.41.578737 (49da6702b16031c40d63e5618de03a32ff6c197e),platform=Windows NT 10.0.17134 x86_64)

2019-03-01 11:51:06,820 - BasePage - INFO - 发帖haotest
2019-03-01 11:51:08,847 - BasePage - INFO - <pageobjects.homepage.HomePage object at 0x000001FC5CE544E0>找到页面元素:('css selector', '#fastpostmessage')
2019-03-01 11:51:08,978 - BasePage - INFO - 输入：see you,hello word
2019-03-01 11:51:09,001 - BasePage - INFO - <pageobjects.homepage.HomePage object at 0x000001FC5CE544E0>找到页面元素:('css selector', '.ptm button')
2019-03-01 11:51:10,483 - BasePage - INFO - 点击发表回复
2019-03-01 11:51:10,498 - BasePage - INFO - 回复see you,hello word
2019-03-01 11:51:10,548 - BasePage - INFO - <pageobjects.homepage.HomePage object at 0x000001FC5CE544E0>找到页面元素:('link text', '退出')
2019-03-01 11:51:11,637 - BasePage - INFO - 屏幕截图，保存路径是E:\PyCharm\Discuz/screenshots/201903011151.png
2019-03-01 11:51:11,637 - BasePage - ERROR - 点击失败，Message: stale element reference: element is not attached to the page document
  (Session info: chrome=69.0.3497.100)
  (Driver info: chromedriver=2.41.578737 (49da6702b16031c40d63e5618de03a32ff6c197e),platform=Windows NT 10.0.17134 x86_64)

2019-03-01 11:51:11,637 - BasePage - INFO - 退出登录
2019-03-01 11:51:22,002 - BasePage - INFO - 屏幕截图，保存路径是E:\PyCharm\Discuz/screenshots/201903011151.png
2019-03-01 11:51:22,002 - BrowserEngine - INFO - Now,Close and quit the browser.
2019-03-01 11:51:24,700 - BrowserEngine - INFO - You had select Chrome browser.
2019-03-01 11:51:24,700 - BrowserEngine - INFO - The test server url is: http://127.0.0.1/forum.php
2019-03-01 11:51:27,406 - BrowserEngine - INFO - Starting chrome browser.
2019-03-01 11:51:28,206 - BrowserEngine - INFO - Open url: http://127.0.0.1/forum.php
2019-03-01 11:51:29,334 - BrowserEngine - INFO - Maximize the current window.
2019-03-01 11:51:29,338 - BrowserEngine - INFO - Set implicitly wait 10 seconds.
2019-03-01 11:51:29,411 - BasePage - INFO - <pageobjects.homepage.HomePage object at 0x000001FC5CE73A90>找到页面元素:('css selector', '#ls_username')
2019-03-01 11:51:29,660 - BasePage - INFO - 输入：admin
2019-03-01 11:51:29,696 - BasePage - INFO - <pageobjects.homepage.HomePage object at 0x000001FC5CE73A90>找到页面元素:('css selector', '#ls_password')
2019-03-01 11:51:29,776 - BasePage - INFO - 输入：802352
2019-03-01 11:51:29,803 - BasePage - INFO - <pageobjects.homepage.HomePage object at 0x000001FC5CE73A90>找到页面元素:('css selector', '.pn em')
2019-03-01 11:51:29,893 - BasePage - INFO - 点击登录
2019-03-01 11:51:29,893 - BasePage - INFO - admin登录
2019-03-01 11:51:30,961 - BasePage - INFO - <pageobjects.homepage.HomePage object at 0x000001FC5CE73A90>找到页面元素:('css selector', '.vwmy>a')
2019-03-01 11:51:31,131 - BasePage - INFO - <pageobjects.homepage.HomePage object at 0x000001FC5CE73A90>找到页面元素:('link text', '默认板块')
2019-03-01 11:51:32,126 - BasePage - INFO - 屏幕截图，保存路径是E:\PyCharm\Discuz/screenshots/201903011151.png
2019-03-01 11:51:32,126 - BasePage - ERROR - 点击失败，Message: stale element reference: element is not attached to the page document
  (Session info: chrome=69.0.3497.100)
  (Driver info: chromedriver=2.41.578737 (49da6702b16031c40d63e5618de03a32ff6c197e),platform=Windows NT 10.0.17134 x86_64)

2019-03-01 11:51:32,172 - BasePage - INFO - <pageobjects.homepage.HomePage object at 0x000001FC5CE73A90>找到页面元素:('css selector', '.num .xi2')
2019-03-01 11:51:33,896 - BasePage - INFO - 屏幕截图，保存路径是E:\PyCharm\Discuz/screenshots/201903011151.png
2019-03-01 11:51:33,896 - BasePage - ERROR - 点击失败，Message: stale element reference: element is not attached to the page document
  (Session info: chrome=69.0.3497.100)
  (Driver info: chromedriver=2.41.578737 (49da6702b16031c40d63e5618de03a32ff6c197e),platform=Windows NT 10.0.17134 x86_64)

2019-03-01 11:51:33,925 - BasePage - INFO - <pageobjects.homepage.HomePage object at 0x000001FC5CE73A90>找到页面元素:('css selector', '#modmenu>a')
2019-03-01 11:51:34,330 - BasePage - INFO - 点击删除主题
2019-03-01 11:51:34,364 - BasePage - INFO - <pageobjects.homepage.HomePage object at 0x000001FC5CE73A90>找到页面元素:('css selector', '.o button')
2019-03-01 11:51:35,976 - BasePage - INFO - 屏幕截图，保存路径是E:\PyCharm\Discuz/screenshots/201903011151.png
2019-03-01 11:51:35,976 - BasePage - ERROR - 点击失败，Message: stale element reference: element is not attached to the page document
  (Session info: chrome=69.0.3497.100)
  (Driver info: chromedriver=2.41.578737 (49da6702b16031c40d63e5618de03a32ff6c197e),platform=Windows NT 10.0.17134 x86_64)

2019-03-01 11:51:35,977 - BasePage - INFO - 删除帖子成功
2019-03-01 11:51:36,017 - BasePage - INFO - <pageobjects.homepage.HomePage object at 0x000001FC5CE73A90>找到页面元素:('link text', '管理中心')
2019-03-01 11:51:36,122 - BasePage - INFO - 点击管理中心
2019-03-01 11:51:37,499 - BasePage - INFO - 屏幕截图，保存路径是E:\PyCharm\Discuz/screenshots/201903011151.png
2019-03-01 11:51:37,499 - BasePage - INFO - 切换窗口成功
2019-03-01 11:51:37,532 - BasePage - INFO - <pageobjects.homepage.HomePage object at 0x000001FC5CE73A90>找到页面元素:('xpath', '//input[@name="admin_password"]')
2019-03-01 11:51:37,602 - BasePage - INFO - 输入：802352
2019-03-01 11:51:37,630 - BasePage - INFO - <pageobjects.homepage.HomePage object at 0x000001FC5CE73A90>找到页面元素:('css selector', '.loginnofloat input')
2019-03-01 11:52:04,014 - BasePage - INFO - 屏幕截图，保存路径是E:\PyCharm\Discuz/screenshots/201903011152.png
2019-03-01 11:52:04,014 - BasePage - ERROR - 点击失败，Message: stale element reference: element is not attached to the page document
  (Session info: chrome=69.0.3497.100)
  (Driver info: chromedriver=2.41.578737 (49da6702b16031c40d63e5618de03a32ff6c197e),platform=Windows NT 10.0.17134 x86_64)

2019-03-01 11:52:04,014 - BasePage - INFO - admin登录
2019-03-01 11:52:04,034 - BasePage - INFO - <pageobjects.homepage.HomePage object at 0x000001FC5CE73A90>找到页面元素:('css selector', '.uinfo')
2019-03-01 11:52:04,093 - BasePage - INFO - <pageobjects.homepage.HomePage object at 0x000001FC5CE73A90>找到页面元素:('css selector', '#header_forum')
2019-03-01 11:52:04,442 - BasePage - INFO - 点击论坛
2019-03-01 11:52:04,442 - BasePage - INFO - 点击论坛
2019-03-01 11:52:04,815 - BasePage - INFO - 屏幕截图，保存路径是E:\PyCharm\Discuz/screenshots/201903011152.png
2019-03-01 11:52:04,815 - BasePage - INFO - 切换iframe成功
2019-03-01 11:52:04,845 - BasePage - INFO - <pageobjects.homepage.HomePage object at 0x000001FC5CE73A90>找到页面元素:('css selector', '.lastboard>a')
2019-03-01 11:52:05,000 - BasePage - INFO - 点击添加新版块
2019-03-01 11:52:05,036 - BasePage - INFO - <pageobjects.homepage.HomePage object at 0x000001FC5CE73A90>找到页面元素:('xpath', '//*[@id="cpform"]/table/tbody[3]/tr[1]/td[3]/div/input')
2019-03-01 11:52:05,113 - BasePage - INFO - 清除<selenium.webdriver.remote.webelement.WebElement (session="330a6887f578ee3e9a883b6a2cd79207", element="0.8075537311976422-2")>
2019-03-01 11:52:05,146 - BasePage - INFO - <pageobjects.homepage.HomePage object at 0x000001FC5CE73A90>找到页面元素:('xpath', '//*[@id="cpform"]/table/tbody[3]/tr[1]/td[2]/input')
2019-03-01 11:52:05,208 - BasePage - INFO - 输入：3
2019-03-01 11:52:05,223 - BasePage - INFO - <pageobjects.homepage.HomePage object at 0x000001FC5CE73A90>找到页面元素:('xpath', '//*[@id="cpform"]/table/tbody[3]/tr[1]/td[3]/div/input')
2019-03-01 11:52:05,369 - BasePage - INFO - 输入：今日板块
2019-03-01 11:52:05,416 - BasePage - INFO - <pageobjects.homepage.HomePage object at 0x000001FC5CE73A90>找到页面元素:('css selector', '.fixsel>input')
2019-03-01 11:52:06,147 - BasePage - INFO - 屏幕截图，保存路径是E:\PyCharm\Discuz/screenshots/201903011152.png
2019-03-01 11:52:06,147 - BasePage - ERROR - 点击失败，Message: stale element reference: element is not attached to the page document
  (Session info: chrome=69.0.3497.100)
  (Driver info: chromedriver=2.41.578737 (49da6702b16031c40d63e5618de03a32ff6c197e),platform=Windows NT 10.0.17134 x86_64)

2019-03-01 11:52:06,148 - BasePage - INFO - 添加板块今日板块
2019-03-01 11:52:06,151 - BasePage - INFO - 激活窗口成功
2019-03-01 11:52:06,181 - BasePage - INFO - <pageobjects.homepage.HomePage object at 0x000001FC5CE73A90>找到页面元素:('link text', '退出')
2019-03-01 11:52:07,245 - BasePage - INFO - 屏幕截图，保存路径是E:\PyCharm\Discuz/screenshots/201903011152.png
2019-03-01 11:52:07,245 - BasePage - ERROR - 点击失败，Message: stale element reference: element is not attached to the page document
  (Session info: chrome=69.0.3497.100)
  (Driver info: chromedriver=2.41.578737 (49da6702b16031c40d63e5618de03a32ff6c197e),platform=Windows NT 10.0.17134 x86_64)

2019-03-01 11:52:07,246 - BasePage - INFO - 退出登录
2019-03-01 11:52:07,285 - BasePage - INFO - <pageobjects.homepage.HomePage object at 0x000001FC5CE73A90>找到页面元素:('link text', '退出')
2019-03-01 11:52:07,985 - BasePage - INFO - 屏幕截图，保存路径是E:\PyCharm\Discuz/screenshots/201903011152.png
2019-03-01 11:52:07,985 - BasePage - ERROR - 点击失败，Message: stale element reference: element is not attached to the page document
  (Session info: chrome=69.0.3497.100)
  (Driver info: chromedriver=2.41.578737 (49da6702b16031c40d63e5618de03a32ff6c197e),platform=Windows NT 10.0.17134 x86_64)

2019-03-01 11:52:07,986 - BasePage - INFO - 退出登录
2019-03-01 11:52:13,093 - BasePage - INFO - <pageobjects.homepage.HomePage object at 0x000001FC5CE73A90>找到页面元素:('css selector', '#ls_username')
2019-03-01 11:52:13,212 - BasePage - INFO - 输入：sxd
2019-03-01 11:52:13,247 - BasePage - INFO - <pageobjects.homepage.HomePage object at 0x000001FC5CE73A90>找到页面元素:('css selector', '#ls_password')
2019-03-01 11:52:13,378 - BasePage - INFO - 输入：802352.sxd
2019-03-01 11:52:13,412 - BasePage - INFO - <pageobjects.homepage.HomePage object at 0x000001FC5CE73A90>找到页面元素:('css selector', '.pn em')
2019-03-01 11:52:13,499 - BasePage - INFO - 点击登录
2019-03-01 11:52:13,499 - BasePage - INFO - sxd登录
2019-03-01 11:52:14,120 - BasePage - INFO - <pageobjects.homepage.HomePage object at 0x000001FC5CE73A90>找到页面元素:('css selector', '.vwmy>a')
2019-03-01 11:52:14,175 - BasePage - INFO - <pageobjects.homepage.HomePage object at 0x000001FC5CE73A90>找到页面元素:('css selector', '.fl_row:nth-last-child(2) h2>a')
2019-03-01 11:52:15,107 - BasePage - INFO - 屏幕截图，保存路径是E:\PyCharm\Discuz/screenshots/201903011152.png
2019-03-01 11:52:15,107 - BasePage - ERROR - 点击失败，Message: stale element reference: element is not attached to the page document
  (Session info: chrome=69.0.3497.100)
  (Driver info: chromedriver=2.41.578737 (49da6702b16031c40d63e5618de03a32ff6c197e),platform=Windows NT 10.0.17134 x86_64)

2019-03-01 11:52:15,132 - BasePage - INFO - <pageobjects.homepage.HomePage object at 0x000001FC5CE73A90>找到页面元素:('css selector', '#subject')
2019-03-01 11:52:15,234 - BasePage - INFO - 输入：haotest
2019-03-01 11:52:15,272 - BasePage - INFO - <pageobjects.homepage.HomePage object at 0x000001FC5CE73A90>找到页面元素:('css selector', '#fastpostmessage')
2019-03-01 11:52:15,470 - BasePage - INFO - 输入：haotest,hello word
2019-03-01 11:52:15,503 - BasePage - INFO - <pageobjects.homepage.HomePage object at 0x000001FC5CE73A90>找到页面元素:('css selector', '.ptm button')
2019-03-01 11:52:17,326 - BasePage - INFO - 屏幕截图，保存路径是E:\PyCharm\Discuz/screenshots/201903011152.png
2019-03-01 11:52:17,327 - BasePage - ERROR - 点击失败，Message: stale element reference: element is not attached to the page document
  (Session info: chrome=69.0.3497.100)
  (Driver info: chromedriver=2.41.578737 (49da6702b16031c40d63e5618de03a32ff6c197e),platform=Windows NT 10.0.17134 x86_64)

2019-03-01 11:52:17,328 - BasePage - INFO - 发帖haotest
2019-03-01 11:52:17,351 - BasePage - INFO - <pageobjects.homepage.HomePage object at 0x000001FC5CE73A90>找到页面元素:('css selector', '#fastpostmessage')
2019-03-01 11:52:17,443 - BasePage - INFO - 输入：see you
2019-03-01 11:52:17,467 - BasePage - INFO - <pageobjects.homepage.HomePage object at 0x000001FC5CE73A90>找到页面元素:('css selector', '.ptm button')
2019-03-01 11:52:17,554 - BasePage - INFO - 点击发表回复
2019-03-01 11:52:17,555 - BasePage - INFO - 回复see you
2019-03-01 11:52:17,647 - BasePage - INFO - <pageobjects.homepage.HomePage object at 0x000001FC5CE73A90>找到页面元素:('link text', '退出')
2019-03-01 11:52:18,190 - BasePage - INFO - 屏幕截图，保存路径是E:\PyCharm\Discuz/screenshots/201903011152.png
2019-03-01 11:52:18,190 - BasePage - ERROR - 点击失败，Message: stale element reference: element is not attached to the page document
  (Session info: chrome=69.0.3497.100)
  (Driver info: chromedriver=2.41.578737 (49da6702b16031c40d63e5618de03a32ff6c197e),platform=Windows NT 10.0.17134 x86_64)

2019-03-01 11:52:18,190 - BasePage - INFO - 退出登录
2019-03-01 11:52:28,581 - BasePage - INFO - 屏幕截图，保存路径是E:\PyCharm\Discuz/screenshots/201903011152.png
2019-03-01 11:52:28,581 - BrowserEngine - INFO - Now,Close and quit the browser.
2019-03-01 11:52:31,193 - BrowserEngine - INFO - You had select Chrome browser.
2019-03-01 11:52:31,193 - BrowserEngine - INFO - The test server url is: http://127.0.0.1/forum.php
2019-03-01 11:52:33,770 - BrowserEngine - INFO - Starting chrome browser.
2019-03-01 11:52:34,396 - BrowserEngine - INFO - Open url: http://127.0.0.1/forum.php
2019-03-01 11:52:35,549 - BrowserEngine - INFO - Maximize the current window.
2019-03-01 11:52:35,551 - BrowserEngine - INFO - Set implicitly wait 10 seconds.
2019-03-01 11:52:35,619 - BasePage - INFO - <pageobjects.homepage.HomePage object at 0x000001FC5CEB6550>找到页面元素:('css selector', '#ls_username')
2019-03-01 11:52:35,842 - BasePage - INFO - 输入：sxd
2019-03-01 11:52:35,870 - BasePage - INFO - <pageobjects.homepage.HomePage object at 0x000001FC5CEB6550>找到页面元素:('css selector', '#ls_password')
2019-03-01 11:52:35,950 - BasePage - INFO - 输入：802352.sxd
2019-03-01 11:52:35,975 - BasePage - INFO - <pageobjects.homepage.HomePage object at 0x000001FC5CEB6550>找到页面元素:('css selector', '.pn em')
2019-03-01 11:52:36,036 - BasePage - INFO - 点击登录
2019-03-01 11:52:36,036 - BasePage - INFO - sxd登录
2019-03-01 11:52:36,513 - BasePage - INFO - <pageobjects.homepage.HomePage object at 0x000001FC5CEB6550>找到页面元素:('css selector', '.vwmy>a')
2019-03-01 11:52:36,575 - BasePage - INFO - <pageobjects.homepage.HomePage object at 0x000001FC5CEB6550>找到页面元素:('css selector', '.scbar_txt_td>input')
2019-03-01 11:52:36,615 - BasePage - INFO - 清除<selenium.webdriver.remote.webelement.WebElement (session="76ac47e8562c6174c1c396605cd00d84", element="0.055400228972723786-2")>
2019-03-01 11:52:36,637 - BasePage - INFO - <pageobjects.homepage.HomePage object at 0x000001FC5CEB6550>找到页面元素:('css selector', '.scbar_txt_td>input')
2019-03-01 11:52:36,693 - BasePage - INFO - 输入：haotest
2019-03-01 11:52:36,720 - BasePage - INFO - <pageobjects.homepage.HomePage object at 0x000001FC5CEB6550>找到页面元素:('css selector', '.scbar_btn_td>button')
2019-03-01 11:52:36,901 - BasePage - INFO - 点击
2019-03-01 11:52:36,901 - BasePage - INFO - 搜索帖子haotest
2019-03-01 11:52:38,500 - BasePage - INFO - 屏幕截图，保存路径是E:\PyCharm\Discuz/screenshots/201903011152.png
2019-03-01 11:52:38,500 - BasePage - INFO - 切换窗口成功
2019-03-01 11:52:38,553 - BasePage - INFO - <pageobjects.homepage.HomePage object at 0x000001FC5CEB6550>找到页面元素:('css selector', '.pbw:first-of-type a')
2019-03-01 11:52:38,656 - BasePage - INFO - 点击haotest
2019-03-01 11:52:40,135 - BasePage - INFO - 屏幕截图，保存路径是E:\PyCharm\Discuz/screenshots/201903011152.png
2019-03-01 11:52:40,135 - BasePage - INFO - 切换窗口成功
2019-03-01 11:52:40,178 - BasePage - INFO - <pageobjects.homepage.HomePage object at 0x000001FC5CEB6550>找到页面元素:('css selector', '#thread_subject')
2019-03-01 11:52:40,208 - BasePage - INFO - 帖子标题：haotest
2019-03-01 11:52:40,261 - BasePage - INFO - <pageobjects.homepage.HomePage object at 0x000001FC5CEB6550>找到页面元素:('link text', '退出')
2019-03-01 11:52:40,898 - BasePage - INFO - 屏幕截图，保存路径是E:\PyCharm\Discuz/screenshots/201903011152.png
2019-03-01 11:52:40,898 - BasePage - ERROR - 点击失败，Message: stale element reference: element is not attached to the page document
  (Session info: chrome=69.0.3497.100)
  (Driver info: chromedriver=2.41.578737 (49da6702b16031c40d63e5618de03a32ff6c197e),platform=Windows NT 10.0.17134 x86_64)

2019-03-01 11:52:40,898 - BasePage - INFO - 退出登录
2019-03-01 11:52:51,288 - BasePage - INFO - 屏幕截图，保存路径是E:\PyCharm\Discuz/screenshots/201903011152.png
2019-03-01 11:52:51,288 - BrowserEngine - INFO - Now,Close and quit the browser.
2019-03-01 11:52:53,834 - BrowserEngine - INFO - You had select Chrome browser.
2019-03-01 11:52:53,834 - BrowserEngine - INFO - The test server url is: http://127.0.0.1/forum.php
2019-03-01 11:52:56,399 - BrowserEngine - INFO - Starting chrome browser.
2019-03-01 11:52:57,040 - BrowserEngine - INFO - Open url: http://127.0.0.1/forum.php
2019-03-01 11:52:58,164 - BrowserEngine - INFO - Maximize the current window.
2019-03-01 11:52:58,166 - BrowserEngine - INFO - Set implicitly wait 10 seconds.
2019-03-01 11:52:58,234 - BasePage - INFO - <pageobjects.homepage.HomePage object at 0x000001FC5CEB6E80>找到页面元素:('css selector', '#ls_username')
2019-03-01 11:52:58,426 - BasePage - INFO - 输入：sxd
2019-03-01 11:52:58,454 - BasePage - INFO - <pageobjects.homepage.HomePage object at 0x000001FC5CEB6E80>找到页面元素:('css selector', '#ls_password')
2019-03-01 11:52:58,533 - BasePage - INFO - 输入：802352.sxd
2019-03-01 11:52:58,560 - BasePage - INFO - <pageobjects.homepage.HomePage object at 0x000001FC5CEB6E80>找到页面元素:('css selector', '.pn em')
2019-03-01 11:52:58,619 - BasePage - INFO - 点击登录
2019-03-01 11:52:58,619 - BasePage - INFO - sxd登录
2019-03-01 11:52:59,265 - BasePage - INFO - <pageobjects.homepage.HomePage object at 0x000001FC5CEB6E80>找到页面元素:('css selector', '.vwmy>a')
2019-03-01 11:52:59,327 - BasePage - INFO - <pageobjects.homepage.HomePage object at 0x000001FC5CEB6E80>找到页面元素:('css selector', '.fl_row:nth-last-child(2) h2>a')
2019-03-01 11:53:00,261 - BasePage - INFO - 屏幕截图，保存路径是E:\PyCharm\Discuz/screenshots/201903011152.png
2019-03-01 11:53:00,261 - BasePage - ERROR - 点击失败，Message: stale element reference: element is not attached to the page document
  (Session info: chrome=69.0.3497.100)
  (Driver info: chromedriver=2.41.578737 (49da6702b16031c40d63e5618de03a32ff6c197e),platform=Windows NT 10.0.17134 x86_64)

2019-03-01 11:53:00,299 - BasePage - INFO - <pageobjects.homepage.HomePage object at 0x000001FC5CEB6E80>找到页面元素:('css selector', '#newspecial')
2019-03-01 11:53:01,391 - BasePage - INFO - 屏幕截图，保存路径是E:\PyCharm\Discuz/screenshots/201903011153.png
2019-03-01 11:53:01,392 - BasePage - ERROR - 点击失败，Message: stale element reference: element is not attached to the page document
  (Session info: chrome=69.0.3497.100)
  (Driver info: chromedriver=2.41.578737 (49da6702b16031c40d63e5618de03a32ff6c197e),platform=Windows NT 10.0.17134 x86_64)

2019-03-01 11:53:01,392 - BasePage - INFO - 点击发布
2019-03-01 11:53:01,426 - BasePage - INFO - <pageobjects.homepage.HomePage object at 0x000001FC5CEB6E80>找到页面元素:('css selector', '#editorbox>.mbw>li:nth-last-child(1)>a')
2019-03-01 11:53:02,279 - BasePage - INFO - 屏幕截图，保存路径是E:\PyCharm\Discuz/screenshots/201903011153.png
2019-03-01 11:53:02,279 - BasePage - ERROR - 点击失败，Message: stale element reference: element is not attached to the page document
  (Session info: chrome=69.0.3497.100)
  (Driver info: chromedriver=2.41.578737 (49da6702b16031c40d63e5618de03a32ff6c197e),platform=Windows NT 10.0.17134 x86_64)

2019-03-01 11:53:02,279 - BasePage - INFO - 点击投票
2019-03-01 11:53:02,325 - BasePage - INFO - <pageobjects.homepage.HomePage object at 0x000001FC5CEB6E80>找到页面元素:('css selector', '#subject')
2019-03-01 11:53:02,445 - BasePage - INFO - 输入：谁最帅
2019-03-01 11:53:02,474 - BasePage - INFO - <pageobjects.homepage.HomePage object at 0x000001FC5CEB6E80>找到页面元素:('css selector', '#pollm_c_1 .px:first-of-type')
2019-03-01 11:53:02,567 - BasePage - INFO - 输入：我
2019-03-01 11:53:02,605 - BasePage - INFO - <pageobjects.homepage.HomePage object at 0x000001FC5CEB6E80>找到页面元素:('css selector', '#pollm_c_1 p:nth-child(2) input')
2019-03-01 11:53:02,681 - BasePage - INFO - 输入：你
2019-03-01 11:53:02,718 - BasePage - INFO - <pageobjects.homepage.HomePage object at 0x000001FC5CEB6E80>找到页面元素:('css selector', '#pollm_c_1 p:nth-child(3) input')
2019-03-01 11:53:02,797 - BasePage - INFO - 输入：他
2019-03-01 11:53:02,831 - BasePage - INFO - <pageobjects.homepage.HomePage object at 0x000001FC5CEB6E80>找到页面元素:('css selector', '#polldatas')
2019-03-01 11:53:02,910 - BasePage - INFO - 输入：2
2019-03-01 11:53:03,233 - BasePage - INFO - 屏幕截图，保存路径是E:\PyCharm\Discuz/screenshots/201903011153.png
2019-03-01 11:53:03,233 - BasePage - INFO - 切换iframe成功
2019-03-01 11:53:03,263 - BasePage - INFO - <pageobjects.homepage.HomePage object at 0x000001FC5CEB6E80>找到页面元素:('css selector', 'body')
2019-03-01 11:53:03,354 - BasePage - INFO - 输入：我最帅
2019-03-01 11:53:03,359 - BasePage - INFO - 激活窗口成功
2019-03-01 11:53:03,387 - BasePage - INFO - <pageobjects.homepage.HomePage object at 0x000001FC5CEB6E80>找到页面元素:('css selector', '.mbm .pnc')
2019-03-01 11:53:03,544 - BasePage - INFO - 点击发起投票
2019-03-01 11:53:03,544 - BasePage - INFO - 发布投票
2019-03-01 11:53:04,982 - BasePage - INFO - <pageobjects.homepage.HomePage object at 0x000001FC5CEB6E80>找到页面元素:('css selector', '#option_2')
2019-03-01 11:53:05,062 - BasePage - INFO - 点击
2019-03-01 11:53:05,090 - BasePage - INFO - <pageobjects.homepage.HomePage object at 0x000001FC5CEB6E80>找到页面元素:('css selector', '#pollsubmit')
2019-03-01 11:53:06,405 - BasePage - INFO - 屏幕截图，保存路径是E:\PyCharm\Discuz/screenshots/201903011153.png
2019-03-01 11:53:06,406 - BasePage - ERROR - 点击失败，Message: stale element reference: element is not attached to the page document
  (Session info: chrome=69.0.3497.100)
  (Driver info: chromedriver=2.41.578737 (49da6702b16031c40d63e5618de03a32ff6c197e),platform=Windows NT 10.0.17134 x86_64)

2019-03-01 11:53:06,406 - BasePage - INFO - 投票
2019-03-01 11:53:06,428 - BasePage - INFO - <pageobjects.homepage.HomePage object at 0x000001FC5CEB6E80>找到页面元素:('css selector', '.pvt label')
2019-03-01 11:53:06,568 - BasePage - INFO - <pageobjects.homepage.HomePage object at 0x000001FC5CEB6E80>找到页面元素:('css selector', '.pcht tr td:last-of-type')
2019-03-01 11:53:06,810 - BasePage - INFO - <pageobjects.homepage.HomePage object at 0x000001FC5CEB6E80>找到页面元素:('css selector', '.ts>span')
2019-03-01 11:53:06,827 - BasePage - INFO - 标题：谁最帅
选项：['1.  他', '2.  你', '3.  我']
投票结果：['0.00% (0)', '100.00% (1)', '0.00% (0)']
2019-03-01 11:53:11,889 - BasePage - INFO - <pageobjects.homepage.HomePage object at 0x000001FC5CEB6E80>找到页面元素:('link text', '退出')
2019-03-01 11:53:12,594 - BasePage - INFO - 屏幕截图，保存路径是E:\PyCharm\Discuz/screenshots/201903011153.png
2019-03-01 11:53:12,594 - BasePage - ERROR - 点击失败，Message: stale element reference: element is not attached to the page document
  (Session info: chrome=69.0.3497.100)
  (Driver info: chromedriver=2.41.578737 (49da6702b16031c40d63e5618de03a32ff6c197e),platform=Windows NT 10.0.17134 x86_64)

2019-03-01 11:53:12,594 - BasePage - INFO - 退出登录
2019-03-01 11:53:22,980 - BasePage - INFO - 屏幕截图，保存路径是E:\PyCharm\Discuz/screenshots/201903011153.png
2019-03-01 11:53:22,980 - BrowserEngine - INFO - Now,Close and quit the browser.
