2019-03-01 12:05:04,323 - BrowserEngine - INFO - You had select Chrome browser.
2019-03-01 12:05:04,323 - BrowserEngine - INFO - The test server url is: http://127.0.0.1/forum.php
2019-03-01 12:05:07,620 - BrowserEngine - INFO - Starting chrome browser.
2019-03-01 12:05:09,022 - BrowserEngine - INFO - Open url: http://127.0.0.1/forum.php
2019-03-01 12:05:10,199 - BrowserEngine - INFO - Maximize the current window.
2019-03-01 12:05:10,200 - BrowserEngine - INFO - Set implicitly wait 10 seconds.
2019-03-01 12:05:10,320 - BasePage - INFO - <pageobjects.homepage.HomePage object at 0x0000020CC3C24748>找到页面元素:('css selector', '#ls_username')
2019-03-01 12:05:10,510 - BasePage - INFO - 输入：sxd
2019-03-01 12:05:10,537 - BasePage - INFO - <pageobjects.homepage.HomePage object at 0x0000020CC3C24748>找到页面元素:('css selector', '#ls_password')
2019-03-01 12:05:10,612 - BasePage - INFO - 输入：802352.sxd
2019-03-01 12:05:10,640 - BasePage - INFO - <pageobjects.homepage.HomePage object at 0x0000020CC3C24748>找到页面元素:('css selector', '.pn em')
2019-03-01 12:05:10,706 - BasePage - INFO - 点击登录
2019-03-01 12:05:10,706 - BasePage - INFO - sxd登录
2019-03-01 12:05:11,577 - BasePage - INFO - <pageobjects.homepage.HomePage object at 0x0000020CC3C24748>找到页面元素:('css selector', '.vwmy>a')
2019-03-01 12:05:11,652 - BasePage - INFO - <pageobjects.homepage.HomePage object at 0x0000020CC3C24748>找到页面元素:('link text', '默认板块')
2019-03-01 12:05:12,898 - BasePage - INFO - 屏幕截图，保存路径是E:\PyCharm\Discuz/screenshots/201903011205.png
2019-03-01 12:05:12,898 - BasePage - ERROR - 点击失败，Message: stale element reference: element is not attached to the page document
  (Session info: chrome=69.0.3497.100)
  (Driver info: chromedriver=2.41.578737 (49da6702b16031c40d63e5618de03a32ff6c197e),platform=Windows NT 10.0.17134 x86_64)

2019-03-01 12:05:12,939 - BasePage - INFO - <pageobjects.homepage.HomePage object at 0x0000020CC3C24748>找到页面元素:('css selector', '#subject')
2019-03-01 12:05:13,078 - BasePage - INFO - 输入：haotest
2019-03-01 12:05:13,125 - BasePage - INFO - <pageobjects.homepage.HomePage object at 0x0000020CC3C24748>找到页面元素:('css selector', '#fastpostmessage')
2019-03-01 12:05:13,392 - BasePage - INFO - 输入：haotest,hello word
2019-03-01 12:05:13,439 - BasePage - INFO - <pageobjects.homepage.HomePage object at 0x0000020CC3C24748>找到页面元素:('css selector', '.ptm button')
2019-03-01 12:05:15,495 - BasePage - INFO - 屏幕截图，保存路径是E:\PyCharm\Discuz/screenshots/201903011205.png
2019-03-01 12:05:15,495 - BasePage - ERROR - 点击失败，Message: stale element reference: element is not attached to the page document
  (Session info: chrome=69.0.3497.100)
  (Driver info: chromedriver=2.41.578737 (49da6702b16031c40d63e5618de03a32ff6c197e),platform=Windows NT 10.0.17134 x86_64)

2019-03-01 12:05:15,495 - BasePage - INFO - 发帖haotest
2019-03-01 12:05:17,523 - BasePage - INFO - <pageobjects.homepage.HomePage object at 0x0000020CC3C24748>找到页面元素:('css selector', '#fastpostmessage')
2019-03-01 12:05:17,669 - BasePage - INFO - 输入：see you,hello word
2019-03-01 12:05:17,695 - BasePage - INFO - <pageobjects.homepage.HomePage object at 0x0000020CC3C24748>找到页面元素:('css selector', '.ptm button')
2019-03-01 12:05:18,638 - BasePage - INFO - 点击发表回复
2019-03-01 12:05:18,651 - BasePage - INFO - 回复see you,hello word
2019-03-01 12:05:18,702 - BasePage - INFO - <pageobjects.homepage.HomePage object at 0x0000020CC3C24748>找到页面元素:('link text', '退出')
2019-03-01 12:05:19,791 - BasePage - INFO - 屏幕截图，保存路径是E:\PyCharm\Discuz/screenshots/201903011205.png
2019-03-01 12:05:19,791 - BasePage - ERROR - 点击失败，Message: stale element reference: element is not attached to the page document
  (Session info: chrome=69.0.3497.100)
  (Driver info: chromedriver=2.41.578737 (49da6702b16031c40d63e5618de03a32ff6c197e),platform=Windows NT 10.0.17134 x86_64)

2019-03-01 12:05:19,791 - BasePage - INFO - 退出登录
2019-03-01 12:05:30,193 - BasePage - INFO - 屏幕截图，保存路径是E:\PyCharm\Discuz/screenshots/201903011205.png
2019-03-01 12:05:30,193 - BrowserEngine - INFO - Now,Close and quit the browser.
