2019-02-28 18:55:03,245 - BrowserEngine - INFO - You had select Chrome browser.
2019-02-28 18:55:03,245 - BrowserEngine - INFO - The test server url is: http://127.0.0.1/forum.php
2019-02-28 18:55:06,057 - BrowserEngine - INFO - Starting chrome browser.
2019-02-28 18:55:06,786 - BrowserEngine - INFO - Open url: http://127.0.0.1/forum.php
2019-02-28 18:55:07,936 - BrowserEngine - INFO - Maximize the current window.
2019-02-28 18:55:07,936 - BrowserEngine - INFO - Set implicitly wait 10 seconds.
2019-02-28 18:55:07,980 - BasePage - INFO - <pageobjects.homepage.HomePage object at 0x00000261CCD18518>找到页面元素:('css selector', '#ls_username')
2019-02-28 18:55:08,172 - BasePage - INFO - 输入：sxd
2019-02-28 18:55:08,200 - BasePage - INFO - <pageobjects.homepage.HomePage object at 0x00000261CCD18518>找到页面元素:('css selector', '#ls_password')
2019-02-28 18:55:08,280 - BasePage - INFO - 输入：802352.sxd
2019-02-28 18:55:08,305 - BasePage - INFO - <pageobjects.homepage.HomePage object at 0x00000261CCD18518>找到页面元素:('css selector', '.pn em')
2019-02-28 18:55:08,367 - BasePage - INFO - 点击登录
2019-02-28 18:55:08,367 - BasePage - INFO - sxd登录
2019-02-28 18:55:08,873 - BasePage - INFO - <pageobjects.homepage.HomePage object at 0x00000261CCD18518>找到页面元素:('css selector', '.vwmy>a')
2019-02-28 18:55:08,960 - BasePage - INFO - <pageobjects.homepage.HomePage object at 0x00000261CCD18518>找到页面元素:('link text', '默认板块')
2019-02-28 18:55:09,821 - BasePage - INFO - 屏幕截图，保存路径是E:\PyCharm\Discuz/screenshots/201902281855.png
2019-02-28 18:55:09,821 - BasePage - ERROR - 点击失败，Message: stale element reference: element is not attached to the page document
  (Session info: chrome=69.0.3497.100)
  (Driver info: chromedriver=2.41.578737 (49da6702b16031c40d63e5618de03a32ff6c197e),platform=Windows NT 10.0.17134 x86_64)

2019-02-28 18:55:09,867 - BasePage - INFO - <pageobjects.homepage.HomePage object at 0x00000261CCD18518>找到页面元素:('css selector', '#subject')
2019-02-28 18:55:09,978 - BasePage - INFO - 输入：haotest
2019-02-28 18:55:10,005 - BasePage - INFO - <pageobjects.homepage.HomePage object at 0x00000261CCD18518>找到页面元素:('css selector', '#fastpostmessage')
2019-02-28 18:55:10,174 - BasePage - INFO - 输入：haotest,hello word
2019-02-28 18:55:10,204 - BasePage - INFO - <pageobjects.homepage.HomePage object at 0x00000261CCD18518>找到页面元素:('css selector', '.ptm button')
