2019-03-01 19:12:45,667 - BrowserEngine - INFO - You had select Chrome browser.
2019-03-01 19:12:45,667 - BrowserEngine - INFO - The test server url is: http://127.0.0.1/forum.php
2019-03-01 19:12:48,747 - BrowserEngine - INFO - Starting chrome browser.
2019-03-01 19:12:51,236 - BrowserEngine - INFO - Open url: http://127.0.0.1/forum.php
2019-03-01 19:12:52,383 - BrowserEngine - INFO - Maximize the current window.
2019-03-01 19:12:52,385 - BrowserEngine - INFO - Set implicitly wait 10 seconds.
2019-03-01 19:12:52,498 - BasePage - INFO - <pageobjects.homepage.HomePage object at 0x000001AD7E02D0F0>找到页面元素:('css selector', '#ls_username')
2019-03-01 19:12:52,714 - BasePage - INFO - 输入：sxd
2019-03-01 19:12:52,744 - BasePage - INFO - <pageobjects.homepage.HomePage object at 0x000001AD7E02D0F0>找到页面元素:('css selector', '#ls_password')
2019-03-01 19:12:52,830 - BasePage - INFO - 输入：802352.sxd
2019-03-01 19:12:52,858 - BasePage - INFO - <pageobjects.homepage.HomePage object at 0x000001AD7E02D0F0>找到页面元素:('css selector', '.pn em')
2019-03-01 19:12:52,936 - BasePage - INFO - 点击登录
2019-03-01 19:12:52,937 - BasePage - INFO - sxd登录
2019-03-01 19:12:55,191 - BasePage - INFO - <pageobjects.homepage.HomePage object at 0x000001AD7E02D0F0>找到页面元素:('css selector', '.vwmy>a')
2019-03-01 19:12:55,295 - BasePage - INFO - <pageobjects.homepage.HomePage object at 0x000001AD7E02D0F0>找到页面元素:('link text', '默认板块')
2019-03-01 19:12:56,886 - BasePage - INFO - 屏幕截图，保存路径是E:\PyCharm\Discuz/screenshots/201903011912.png
2019-03-01 19:12:56,886 - BasePage - ERROR - 点击失败，Message: stale element reference: element is not attached to the page document
  (Session info: chrome=69.0.3497.100)
  (Driver info: chromedriver=2.41.578737 (49da6702b16031c40d63e5618de03a32ff6c197e),platform=Windows NT 10.0.17134 x86_64)

2019-03-01 19:12:56,918 - BasePage - INFO - <pageobjects.homepage.HomePage object at 0x000001AD7E02D0F0>找到页面元素:('css selector', '#subject')
2019-03-01 19:12:57,051 - BasePage - INFO - 输入：haotest
2019-03-01 19:12:57,115 - BasePage - INFO - <pageobjects.homepage.HomePage object at 0x000001AD7E02D0F0>找到页面元素:('css selector', '#fastpostmessage')
2019-03-01 19:12:57,339 - BasePage - INFO - 输入：haotest,hello word
2019-03-01 19:12:57,389 - BasePage - INFO - <pageobjects.homepage.HomePage object at 0x000001AD7E02D0F0>找到页面元素:('css selector', '.ptm button')
2019-03-01 19:13:00,544 - BasePage - INFO - 屏幕截图，保存路径是E:\PyCharm\Discuz/screenshots/201903011913.png
2019-03-01 19:13:00,544 - BasePage - ERROR - 点击失败，Message: stale element reference: element is not attached to the page document
  (Session info: chrome=69.0.3497.100)
  (Driver info: chromedriver=2.41.578737 (49da6702b16031c40d63e5618de03a32ff6c197e),platform=Windows NT 10.0.17134 x86_64)

2019-03-01 19:13:00,544 - BasePage - INFO - 发帖haotest
2019-03-01 19:13:02,635 - BasePage - INFO - <pageobjects.homepage.HomePage object at 0x000001AD7E02D0F0>找到页面元素:('css selector', '#fastpostmessage')
2019-03-01 19:13:02,805 - BasePage - INFO - 输入：see you,hello word
2019-03-01 19:13:02,831 - BasePage - INFO - <pageobjects.homepage.HomePage object at 0x000001AD7E02D0F0>找到页面元素:('css selector', '.ptm button')
2019-03-01 19:13:04,379 - BasePage - INFO - 点击发表回复
2019-03-01 19:13:04,396 - BasePage - INFO - 回复see you,hello word
2019-03-01 19:13:04,439 - BasePage - INFO - <pageobjects.homepage.HomePage object at 0x000001AD7E02D0F0>找到页面元素:('link text', '退出')
2019-03-01 19:13:05,340 - BasePage - INFO - 屏幕截图，保存路径是E:\PyCharm\Discuz/screenshots/201903011913.png
2019-03-01 19:13:05,340 - BasePage - ERROR - 点击失败，Message: stale element reference: element is not attached to the page document
  (Session info: chrome=69.0.3497.100)
  (Driver info: chromedriver=2.41.578737 (49da6702b16031c40d63e5618de03a32ff6c197e),platform=Windows NT 10.0.17134 x86_64)

2019-03-01 19:13:05,341 - BasePage - INFO - 退出登录
2019-03-01 19:13:15,713 - BasePage - INFO - 屏幕截图，保存路径是E:\PyCharm\Discuz/screenshots/201903011913.png
2019-03-01 19:13:15,713 - BrowserEngine - INFO - Now,Close and quit the browser.
2019-03-01 19:13:18,500 - BrowserEngine - INFO - You had select Chrome browser.
2019-03-01 19:13:18,500 - BrowserEngine - INFO - The test server url is: http://127.0.0.1/forum.php
2019-03-01 19:13:21,188 - BrowserEngine - INFO - Starting chrome browser.
2019-03-01 19:13:21,959 - BrowserEngine - INFO - Open url: http://127.0.0.1/forum.php
2019-03-01 19:13:23,109 - BrowserEngine - INFO - Maximize the current window.
2019-03-01 19:13:23,116 - BrowserEngine - INFO - Set implicitly wait 10 seconds.
2019-03-01 19:13:23,172 - BasePage - INFO - <pageobjects.homepage.HomePage object at 0x000001AD7E02DFD0>找到页面元素:('css selector', '#ls_username')
2019-03-01 19:13:23,364 - BasePage - INFO - 输入：admin
2019-03-01 19:13:23,394 - BasePage - INFO - <pageobjects.homepage.HomePage object at 0x000001AD7E02DFD0>找到页面元素:('css selector', '#ls_password')
2019-03-01 19:13:23,471 - BasePage - INFO - 输入：802352
2019-03-01 19:13:23,497 - BasePage - INFO - <pageobjects.homepage.HomePage object at 0x000001AD7E02DFD0>找到页面元素:('css selector', '.pn em')
2019-03-01 19:13:23,560 - BasePage - INFO - 点击登录
2019-03-01 19:13:23,561 - BasePage - INFO - admin登录
2019-03-01 19:13:24,377 - BasePage - INFO - <pageobjects.homepage.HomePage object at 0x000001AD7E02DFD0>找到页面元素:('css selector', '.vwmy>a')
2019-03-01 19:13:24,465 - BasePage - INFO - <pageobjects.homepage.HomePage object at 0x000001AD7E02DFD0>找到页面元素:('link text', '默认板块')
2019-03-01 19:13:25,533 - BasePage - INFO - 屏幕截图，保存路径是E:\PyCharm\Discuz/screenshots/201903011913.png
2019-03-01 19:13:25,533 - BasePage - ERROR - 点击失败，Message: stale element reference: element is not attached to the page document
  (Session info: chrome=69.0.3497.100)
  (Driver info: chromedriver=2.41.578737 (49da6702b16031c40d63e5618de03a32ff6c197e),platform=Windows NT 10.0.17134 x86_64)

2019-03-01 19:13:25,577 - BasePage - INFO - <pageobjects.homepage.HomePage object at 0x000001AD7E02DFD0>找到页面元素:('css selector', '.num .xi2')
2019-03-01 19:13:27,257 - BasePage - INFO - 屏幕截图，保存路径是E:\PyCharm\Discuz/screenshots/201903011913.png
2019-03-01 19:13:27,257 - BasePage - ERROR - 点击失败，Message: stale element reference: element is not attached to the page document
  (Session info: chrome=69.0.3497.100)
  (Driver info: chromedriver=2.41.578737 (49da6702b16031c40d63e5618de03a32ff6c197e),platform=Windows NT 10.0.17134 x86_64)

2019-03-01 19:13:27,277 - BasePage - INFO - <pageobjects.homepage.HomePage object at 0x000001AD7E02DFD0>找到页面元素:('css selector', '#modmenu>a')
2019-03-01 19:13:27,767 - BasePage - INFO - 点击删除主题
2019-03-01 19:13:27,814 - BasePage - INFO - <pageobjects.homepage.HomePage object at 0x000001AD7E02DFD0>找到页面元素:('css selector', '.o button')
2019-03-01 19:13:29,853 - BasePage - INFO - 屏幕截图，保存路径是E:\PyCharm\Discuz/screenshots/201903011913.png
2019-03-01 19:13:29,853 - BasePage - ERROR - 点击失败，Message: stale element reference: element is not attached to the page document
  (Session info: chrome=69.0.3497.100)
  (Driver info: chromedriver=2.41.578737 (49da6702b16031c40d63e5618de03a32ff6c197e),platform=Windows NT 10.0.17134 x86_64)

2019-03-01 19:13:29,853 - BasePage - INFO - 删除帖子成功
2019-03-01 19:13:29,902 - BasePage - INFO - <pageobjects.homepage.HomePage object at 0x000001AD7E02DFD0>找到页面元素:('link text', '管理中心')
2019-03-01 19:13:30,040 - BasePage - INFO - 点击管理中心
2019-03-01 19:13:31,386 - BasePage - INFO - 屏幕截图，保存路径是E:\PyCharm\Discuz/screenshots/201903011913.png
2019-03-01 19:13:31,386 - BasePage - INFO - 切换窗口成功
2019-03-01 19:13:31,416 - BasePage - INFO - <pageobjects.homepage.HomePage object at 0x000001AD7E02DFD0>找到页面元素:('xpath', '//input[@name="admin_password"]')
2019-03-01 19:13:31,481 - BasePage - INFO - 输入：802352
2019-03-01 19:13:31,507 - BasePage - INFO - <pageobjects.homepage.HomePage object at 0x000001AD7E02DFD0>找到页面元素:('css selector', '.loginnofloat input')
2019-03-01 19:14:13,892 - BasePage - INFO - 屏幕截图，保存路径是E:\PyCharm\Discuz/screenshots/201903011914.png
2019-03-01 19:14:13,893 - BasePage - ERROR - 点击失败，Message: stale element reference: element is not attached to the page document
  (Session info: chrome=69.0.3497.100)
  (Driver info: chromedriver=2.41.578737 (49da6702b16031c40d63e5618de03a32ff6c197e),platform=Windows NT 10.0.17134 x86_64)

2019-03-01 19:14:13,893 - BasePage - INFO - admin登录
2019-03-01 19:14:13,912 - BasePage - INFO - <pageobjects.homepage.HomePage object at 0x000001AD7E02DFD0>找到页面元素:('css selector', '.uinfo')
2019-03-01 19:14:13,965 - BasePage - INFO - <pageobjects.homepage.HomePage object at 0x000001AD7E02DFD0>找到页面元素:('css selector', '#header_forum')
2019-03-01 19:14:14,286 - BasePage - INFO - 点击论坛
2019-03-01 19:14:14,286 - BasePage - INFO - 点击论坛
2019-03-01 19:14:14,613 - BasePage - INFO - 屏幕截图，保存路径是E:\PyCharm\Discuz/screenshots/201903011914.png
2019-03-01 19:14:14,613 - BasePage - INFO - 切换iframe成功
2019-03-01 19:14:14,643 - BasePage - INFO - <pageobjects.homepage.HomePage object at 0x000001AD7E02DFD0>找到页面元素:('css selector', '.lastboard>a')
2019-03-01 19:14:14,903 - BasePage - INFO - 点击添加新版块
2019-03-01 19:14:14,941 - BasePage - INFO - <pageobjects.homepage.HomePage object at 0x000001AD7E02DFD0>找到页面元素:('xpath', '//*[@id="cpform"]/table/tbody[3]/tr[1]/td[3]/div/input')
2019-03-01 19:14:14,993 - BasePage - INFO - 清除<selenium.webdriver.remote.webelement.WebElement (session="fa50cbbb80d30d5476e8de091a639624", element="0.6084393909888268-2")>
2019-03-01 19:14:15,024 - BasePage - INFO - <pageobjects.homepage.HomePage object at 0x000001AD7E02DFD0>找到页面元素:('xpath', '//*[@id="cpform"]/table/tbody[3]/tr[1]/td[2]/input')
2019-03-01 19:14:15,098 - BasePage - INFO - 输入：3
2019-03-01 19:14:15,111 - BasePage - INFO - <pageobjects.homepage.HomePage object at 0x000001AD7E02DFD0>找到页面元素:('xpath', '//*[@id="cpform"]/table/tbody[3]/tr[1]/td[3]/div/input')
2019-03-01 19:14:15,206 - BasePage - INFO - 输入：今日板块
2019-03-01 19:14:15,236 - BasePage - INFO - <pageobjects.homepage.HomePage object at 0x000001AD7E02DFD0>找到页面元素:('css selector', '.fixsel>input')
2019-03-01 19:14:16,040 - BasePage - INFO - 屏幕截图，保存路径是E:\PyCharm\Discuz/screenshots/201903011914.png
2019-03-01 19:14:16,040 - BasePage - ERROR - 点击失败，Message: stale element reference: element is not attached to the page document
  (Session info: chrome=69.0.3497.100)
  (Driver info: chromedriver=2.41.578737 (49da6702b16031c40d63e5618de03a32ff6c197e),platform=Windows NT 10.0.17134 x86_64)

2019-03-01 19:14:16,040 - BasePage - INFO - 添加板块今日板块
2019-03-01 19:14:16,044 - BasePage - INFO - 激活窗口成功
2019-03-01 19:14:16,070 - BasePage - INFO - <pageobjects.homepage.HomePage object at 0x000001AD7E02DFD0>找到页面元素:('link text', '退出')
2019-03-01 19:14:17,129 - BasePage - INFO - 屏幕截图，保存路径是E:\PyCharm\Discuz/screenshots/201903011914.png
2019-03-01 19:14:17,129 - BasePage - ERROR - 点击失败，Message: stale element reference: element is not attached to the page document
  (Session info: chrome=69.0.3497.100)
  (Driver info: chromedriver=2.41.578737 (49da6702b16031c40d63e5618de03a32ff6c197e),platform=Windows NT 10.0.17134 x86_64)

2019-03-01 19:14:17,129 - BasePage - INFO - 退出登录
2019-03-01 19:14:17,167 - BasePage - INFO - <pageobjects.homepage.HomePage object at 0x000001AD7E02DFD0>找到页面元素:('link text', '退出')
2019-03-01 19:14:17,850 - BasePage - INFO - 屏幕截图，保存路径是E:\PyCharm\Discuz/screenshots/201903011914.png
2019-03-01 19:14:17,850 - BasePage - ERROR - 点击失败，Message: stale element reference: element is not attached to the page document
  (Session info: chrome=69.0.3497.100)
  (Driver info: chromedriver=2.41.578737 (49da6702b16031c40d63e5618de03a32ff6c197e),platform=Windows NT 10.0.17134 x86_64)

2019-03-01 19:14:17,850 - BasePage - INFO - 退出登录
2019-03-01 19:14:22,973 - BasePage - INFO - <pageobjects.homepage.HomePage object at 0x000001AD7E02DFD0>找到页面元素:('css selector', '#ls_username')
2019-03-01 19:14:23,145 - BasePage - INFO - 输入：sxd
2019-03-01 19:14:23,173 - BasePage - INFO - <pageobjects.homepage.HomePage object at 0x000001AD7E02DFD0>找到页面元素:('css selector', '#ls_password')
2019-03-01 19:14:23,264 - BasePage - INFO - 输入：802352.sxd
2019-03-01 19:14:23,290 - BasePage - INFO - <pageobjects.homepage.HomePage object at 0x000001AD7E02DFD0>找到页面元素:('css selector', '.pn em')
2019-03-01 19:14:23,347 - BasePage - INFO - 点击登录
2019-03-01 19:14:23,347 - BasePage - INFO - sxd登录
2019-03-01 19:14:23,881 - BasePage - INFO - <pageobjects.homepage.HomePage object at 0x000001AD7E02DFD0>找到页面元素:('css selector', '.vwmy>a')
2019-03-01 19:14:23,925 - BasePage - INFO - <pageobjects.homepage.HomePage object at 0x000001AD7E02DFD0>找到页面元素:('css selector', '.fl_row:nth-last-child(2) h2>a')
2019-03-01 19:14:24,653 - BasePage - INFO - 屏幕截图，保存路径是E:\PyCharm\Discuz/screenshots/201903011914.png
2019-03-01 19:14:24,654 - BasePage - ERROR - 点击失败，Message: stale element reference: element is not attached to the page document
  (Session info: chrome=69.0.3497.100)
  (Driver info: chromedriver=2.41.578737 (49da6702b16031c40d63e5618de03a32ff6c197e),platform=Windows NT 10.0.17134 x86_64)

2019-03-01 19:14:24,686 - BasePage - INFO - <pageobjects.homepage.HomePage object at 0x000001AD7E02DFD0>找到页面元素:('css selector', '#subject')
2019-03-01 19:14:24,810 - BasePage - INFO - 输入：haotest
2019-03-01 19:14:24,841 - BasePage - INFO - <pageobjects.homepage.HomePage object at 0x000001AD7E02DFD0>找到页面元素:('css selector', '#fastpostmessage')
2019-03-01 19:14:24,998 - BasePage - INFO - 输入：haotest,hello word
2019-03-01 19:14:25,025 - BasePage - INFO - <pageobjects.homepage.HomePage object at 0x000001AD7E02DFD0>找到页面元素:('css selector', '.ptm button')
2019-03-01 19:14:26,657 - BasePage - INFO - 屏幕截图，保存路径是E:\PyCharm\Discuz/screenshots/201903011914.png
2019-03-01 19:14:26,657 - BasePage - ERROR - 点击失败，Message: stale element reference: element is not attached to the page document
  (Session info: chrome=69.0.3497.100)
  (Driver info: chromedriver=2.41.578737 (49da6702b16031c40d63e5618de03a32ff6c197e),platform=Windows NT 10.0.17134 x86_64)

2019-03-01 19:14:26,657 - BasePage - INFO - 发帖haotest
2019-03-01 19:14:26,680 - BasePage - INFO - <pageobjects.homepage.HomePage object at 0x000001AD7E02DFD0>找到页面元素:('css selector', '#fastpostmessage')
2019-03-01 19:14:26,791 - BasePage - INFO - 输入：see you
2019-03-01 19:14:26,812 - BasePage - INFO - <pageobjects.homepage.HomePage object at 0x000001AD7E02DFD0>找到页面元素:('css selector', '.ptm button')
2019-03-01 19:14:26,915 - BasePage - INFO - 点击发表回复
2019-03-01 19:14:26,935 - BasePage - INFO - 回复see you
2019-03-01 19:14:26,983 - BasePage - INFO - <pageobjects.homepage.HomePage object at 0x000001AD7E02DFD0>找到页面元素:('link text', '退出')
2019-03-01 19:14:27,578 - BasePage - INFO - 屏幕截图，保存路径是E:\PyCharm\Discuz/screenshots/201903011914.png
2019-03-01 19:14:27,578 - BasePage - ERROR - 点击失败，Message: stale element reference: element is not attached to the page document
  (Session info: chrome=69.0.3497.100)
  (Driver info: chromedriver=2.41.578737 (49da6702b16031c40d63e5618de03a32ff6c197e),platform=Windows NT 10.0.17134 x86_64)

2019-03-01 19:14:27,578 - BasePage - INFO - 退出登录
2019-03-01 19:14:37,954 - BasePage - INFO - 屏幕截图，保存路径是E:\PyCharm\Discuz/screenshots/201903011914.png
2019-03-01 19:14:37,954 - BrowserEngine - INFO - Now,Close and quit the browser.
2019-03-01 19:14:40,503 - BrowserEngine - INFO - You had select Chrome browser.
2019-03-01 19:14:40,503 - BrowserEngine - INFO - The test server url is: http://127.0.0.1/forum.php
2019-03-01 19:14:43,200 - BrowserEngine - INFO - Starting chrome browser.
2019-03-01 19:14:43,922 - BrowserEngine - INFO - Open url: http://127.0.0.1/forum.php
2019-03-01 19:14:45,048 - BrowserEngine - INFO - Maximize the current window.
2019-03-01 19:14:45,049 - BrowserEngine - INFO - Set implicitly wait 10 seconds.
2019-03-01 19:14:45,089 - BasePage - INFO - <pageobjects.homepage.HomePage object at 0x000001AD7E086EF0>找到页面元素:('css selector', '#ls_username')
2019-03-01 19:14:45,333 - BasePage - INFO - 输入：sxd
2019-03-01 19:14:45,379 - BasePage - INFO - <pageobjects.homepage.HomePage object at 0x000001AD7E086EF0>找到页面元素:('css selector', '#ls_password')
2019-03-01 19:14:45,523 - BasePage - INFO - 输入：802352.sxd
2019-03-01 19:14:45,579 - BasePage - INFO - <pageobjects.homepage.HomePage object at 0x000001AD7E086EF0>找到页面元素:('css selector', '.pn em')
2019-03-01 19:14:45,705 - BasePage - INFO - 点击登录
2019-03-01 19:14:45,705 - BasePage - INFO - sxd登录
2019-03-01 19:14:46,224 - BasePage - INFO - <pageobjects.homepage.HomePage object at 0x000001AD7E086EF0>找到页面元素:('css selector', '.vwmy>a')
2019-03-01 19:14:46,287 - BasePage - INFO - <pageobjects.homepage.HomePage object at 0x000001AD7E086EF0>找到页面元素:('css selector', '.scbar_txt_td>input')
2019-03-01 19:14:46,337 - BasePage - INFO - 清除<selenium.webdriver.remote.webelement.WebElement (session="f628c2d8ea106f3ec51f970b31308ac0", element="0.4242799569705502-2")>
2019-03-01 19:14:46,360 - BasePage - INFO - <pageobjects.homepage.HomePage object at 0x000001AD7E086EF0>找到页面元素:('css selector', '.scbar_txt_td>input')
2019-03-01 19:14:46,431 - BasePage - INFO - 输入：haotest
2019-03-01 19:14:46,468 - BasePage - INFO - <pageobjects.homepage.HomePage object at 0x000001AD7E086EF0>找到页面元素:('css selector', '.scbar_btn_td>button')
2019-03-01 19:14:46,617 - BasePage - INFO - 点击
2019-03-01 19:14:46,617 - BasePage - INFO - 搜索帖子haotest
2019-03-01 19:14:47,950 - BasePage - INFO - 屏幕截图，保存路径是E:\PyCharm\Discuz/screenshots/201903011914.png
2019-03-01 19:14:47,950 - BasePage - INFO - 切换窗口成功
2019-03-01 19:14:47,980 - BasePage - INFO - <pageobjects.homepage.HomePage object at 0x000001AD7E086EF0>找到页面元素:('css selector', '.pbw:first-of-type a')
2019-03-01 19:14:48,085 - BasePage - INFO - 点击haotest
2019-03-01 19:14:49,528 - BasePage - INFO - 屏幕截图，保存路径是E:\PyCharm\Discuz/screenshots/201903011914.png
2019-03-01 19:14:49,529 - BasePage - INFO - 切换窗口成功
2019-03-01 19:14:49,560 - BasePage - INFO - <pageobjects.homepage.HomePage object at 0x000001AD7E086EF0>找到页面元素:('css selector', '#thread_subject')
2019-03-01 19:14:49,586 - BasePage - INFO - 帖子标题：haotest
2019-03-01 19:14:49,637 - BasePage - INFO - <pageobjects.homepage.HomePage object at 0x000001AD7E086EF0>找到页面元素:('link text', '退出')
2019-03-01 19:14:50,337 - BasePage - INFO - 屏幕截图，保存路径是E:\PyCharm\Discuz/screenshots/201903011914.png
2019-03-01 19:14:50,337 - BasePage - ERROR - 点击失败，Message: stale element reference: element is not attached to the page document
  (Session info: chrome=69.0.3497.100)
  (Driver info: chromedriver=2.41.578737 (49da6702b16031c40d63e5618de03a32ff6c197e),platform=Windows NT 10.0.17134 x86_64)

2019-03-01 19:14:50,337 - BasePage - INFO - 退出登录
2019-03-01 19:15:00,757 - BasePage - INFO - 屏幕截图，保存路径是E:\PyCharm\Discuz/screenshots/201903011915.png
2019-03-01 19:15:00,757 - BrowserEngine - INFO - Now,Close and quit the browser.
2019-03-01 19:15:03,286 - BrowserEngine - INFO - You had select Chrome browser.
2019-03-01 19:15:03,286 - BrowserEngine - INFO - The test server url is: http://127.0.0.1/forum.php
2019-03-01 19:15:05,781 - BrowserEngine - INFO - Starting chrome browser.
2019-03-01 19:15:06,381 - BrowserEngine - INFO - Open url: http://127.0.0.1/forum.php
2019-03-01 19:15:07,556 - BrowserEngine - INFO - Maximize the current window.
2019-03-01 19:15:07,561 - BrowserEngine - INFO - Set implicitly wait 10 seconds.
2019-03-01 19:15:07,634 - BasePage - INFO - <pageobjects.homepage.HomePage object at 0x000001AD7E096860>找到页面元素:('css selector', '#ls_username')
2019-03-01 19:15:07,806 - BasePage - INFO - 输入：sxd
2019-03-01 19:15:07,835 - BasePage - INFO - <pageobjects.homepage.HomePage object at 0x000001AD7E096860>找到页面元素:('css selector', '#ls_password')
2019-03-01 19:15:07,922 - BasePage - INFO - 输入：802352.sxd
2019-03-01 19:15:07,948 - BasePage - INFO - <pageobjects.homepage.HomePage object at 0x000001AD7E096860>找到页面元素:('css selector', '.pn em')
2019-03-01 19:15:08,013 - BasePage - INFO - 点击登录
2019-03-01 19:15:08,014 - BasePage - INFO - sxd登录
2019-03-01 19:15:08,462 - BasePage - INFO - <pageobjects.homepage.HomePage object at 0x000001AD7E096860>找到页面元素:('css selector', '.vwmy>a')
2019-03-01 19:15:08,519 - BasePage - INFO - <pageobjects.homepage.HomePage object at 0x000001AD7E096860>找到页面元素:('css selector', '.fl_row:nth-last-child(2) h2>a')
2019-03-01 19:15:09,377 - BasePage - INFO - 屏幕截图，保存路径是E:\PyCharm\Discuz/screenshots/201903011915.png
2019-03-01 19:15:09,377 - BasePage - ERROR - 点击失败，Message: stale element reference: element is not attached to the page document
  (Session info: chrome=69.0.3497.100)
  (Driver info: chromedriver=2.41.578737 (49da6702b16031c40d63e5618de03a32ff6c197e),platform=Windows NT 10.0.17134 x86_64)

2019-03-01 19:15:09,407 - BasePage - INFO - <pageobjects.homepage.HomePage object at 0x000001AD7E096860>找到页面元素:('css selector', '#newspecial')
2019-03-01 19:15:10,538 - BasePage - INFO - 屏幕截图，保存路径是E:\PyCharm\Discuz/screenshots/201903011915.png
2019-03-01 19:15:10,538 - BasePage - ERROR - 点击失败，Message: stale element reference: element is not attached to the page document
  (Session info: chrome=69.0.3497.100)
  (Driver info: chromedriver=2.41.578737 (49da6702b16031c40d63e5618de03a32ff6c197e),platform=Windows NT 10.0.17134 x86_64)

2019-03-01 19:15:10,538 - BasePage - INFO - 点击发布
2019-03-01 19:15:10,576 - BasePage - INFO - <pageobjects.homepage.HomePage object at 0x000001AD7E096860>找到页面元素:('css selector', '#editorbox>.mbw>li:nth-last-child(1)>a')
2019-03-01 19:15:11,521 - BasePage - INFO - 屏幕截图，保存路径是E:\PyCharm\Discuz/screenshots/201903011915.png
2019-03-01 19:15:11,522 - BasePage - ERROR - 点击失败，Message: stale element reference: element is not attached to the page document
  (Session info: chrome=69.0.3497.100)
  (Driver info: chromedriver=2.41.578737 (49da6702b16031c40d63e5618de03a32ff6c197e),platform=Windows NT 10.0.17134 x86_64)

2019-03-01 19:15:11,522 - BasePage - INFO - 点击投票
2019-03-01 19:15:11,548 - BasePage - INFO - <pageobjects.homepage.HomePage object at 0x000001AD7E096860>找到页面元素:('css selector', '#subject')
2019-03-01 19:15:11,637 - BasePage - INFO - 输入：谁最帅
2019-03-01 19:15:11,666 - BasePage - INFO - <pageobjects.homepage.HomePage object at 0x000001AD7E096860>找到页面元素:('css selector', '#pollm_c_1 .px:first-of-type')
2019-03-01 19:15:11,727 - BasePage - INFO - 输入：我
2019-03-01 19:15:11,755 - BasePage - INFO - <pageobjects.homepage.HomePage object at 0x000001AD7E096860>找到页面元素:('css selector', '#pollm_c_1 p:nth-child(2) input')
2019-03-01 19:15:11,827 - BasePage - INFO - 输入：你
2019-03-01 19:15:11,855 - BasePage - INFO - <pageobjects.homepage.HomePage object at 0x000001AD7E096860>找到页面元素:('css selector', '#pollm_c_1 p:nth-child(3) input')
2019-03-01 19:15:11,916 - BasePage - INFO - 输入：他
2019-03-01 19:15:11,945 - BasePage - INFO - <pageobjects.homepage.HomePage object at 0x000001AD7E096860>找到页面元素:('css selector', '#polldatas')
2019-03-01 19:15:12,019 - BasePage - INFO - 输入：2
2019-03-01 19:15:12,407 - BasePage - INFO - 屏幕截图，保存路径是E:\PyCharm\Discuz/screenshots/201903011915.png
2019-03-01 19:15:12,407 - BasePage - INFO - 切换iframe成功
2019-03-01 19:15:12,437 - BasePage - INFO - <pageobjects.homepage.HomePage object at 0x000001AD7E096860>找到页面元素:('css selector', 'body')
2019-03-01 19:15:12,506 - BasePage - INFO - 输入：我最帅
2019-03-01 19:15:12,510 - BasePage - INFO - 激活窗口成功
2019-03-01 19:15:12,539 - BasePage - INFO - <pageobjects.homepage.HomePage object at 0x000001AD7E096860>找到页面元素:('css selector', '.mbm .pnc')
2019-03-01 19:15:12,667 - BasePage - INFO - 点击发起投票
2019-03-01 19:15:12,667 - BasePage - INFO - 发布投票
2019-03-01 19:15:14,294 - BasePage - INFO - <pageobjects.homepage.HomePage object at 0x000001AD7E096860>找到页面元素:('css selector', '#option_2')
2019-03-01 19:15:14,385 - BasePage - INFO - 点击
2019-03-01 19:15:14,413 - BasePage - INFO - <pageobjects.homepage.HomePage object at 0x000001AD7E096860>找到页面元素:('css selector', '#pollsubmit')
2019-03-01 19:15:15,898 - BasePage - INFO - 屏幕截图，保存路径是E:\PyCharm\Discuz/screenshots/201903011915.png
2019-03-01 19:15:15,898 - BasePage - ERROR - 点击失败，Message: stale element reference: element is not attached to the page document
  (Session info: chrome=69.0.3497.100)
  (Driver info: chromedriver=2.41.578737 (49da6702b16031c40d63e5618de03a32ff6c197e),platform=Windows NT 10.0.17134 x86_64)

2019-03-01 19:15:15,898 - BasePage - INFO - 投票
2019-03-01 19:15:15,926 - BasePage - INFO - <pageobjects.homepage.HomePage object at 0x000001AD7E096860>找到页面元素:('css selector', '.pvt label')
2019-03-01 19:15:16,050 - BasePage - INFO - <pageobjects.homepage.HomePage object at 0x000001AD7E096860>找到页面元素:('css selector', '.pcht tr td:last-of-type')
2019-03-01 19:15:16,277 - BasePage - INFO - <pageobjects.homepage.HomePage object at 0x000001AD7E096860>找到页面元素:('css selector', '.ts>span')
2019-03-01 19:15:16,297 - BasePage - INFO - 标题：谁最帅
选项：['1.  他', '2.  你', '3.  我']
投票结果：['0.00% (0)', '100.00% (1)', '0.00% (0)']
2019-03-01 19:15:21,393 - BasePage - INFO - <pageobjects.homepage.HomePage object at 0x000001AD7E096860>找到页面元素:('link text', '退出')
2019-03-01 19:15:22,096 - BasePage - INFO - 屏幕截图，保存路径是E:\PyCharm\Discuz/screenshots/201903011915.png
2019-03-01 19:15:22,096 - BasePage - ERROR - 点击失败，Message: stale element reference: element is not attached to the page document
  (Session info: chrome=69.0.3497.100)
  (Driver info: chromedriver=2.41.578737 (49da6702b16031c40d63e5618de03a32ff6c197e),platform=Windows NT 10.0.17134 x86_64)

2019-03-01 19:15:22,096 - BasePage - INFO - 退出登录
2019-03-01 19:15:32,456 - BasePage - INFO - 屏幕截图，保存路径是E:\PyCharm\Discuz/screenshots/201903011915.png
2019-03-01 19:15:32,456 - BrowserEngine - INFO - Now,Close and quit the browser.
