2019-02-28 18:50:33,318 - BrowserEngine - INFO - You had select Chrome browser.
2019-02-28 18:50:33,318 - BrowserEngine - INFO - The test server url is: http://127.0.0.1/forum.php
2019-02-28 18:50:36,142 - BrowserEngine - INFO - Starting chrome browser.
2019-02-28 18:50:36,955 - BrowserEngine - INFO - Open url: http://127.0.0.1/forum.php
2019-02-28 18:50:38,094 - BrowserEngine - INFO - Maximize the current window.
2019-02-28 18:50:38,103 - BrowserEngine - INFO - Set implicitly wait 10 seconds.
2019-02-28 18:50:38,186 - BasePage - INFO - <pageobjects.homepage.HomePage object at 0x0000016CFF6575C0>找到页面元素:('css selector', '#ls_username')
2019-02-28 18:50:38,356 - BasePage - INFO - 输入：sxd
2019-02-28 18:50:38,390 - BasePage - INFO - <pageobjects.homepage.HomePage object at 0x0000016CFF6575C0>找到页面元素:('css selector', '#ls_password')
2019-02-28 18:50:38,491 - BasePage - INFO - 输入：802352.sxd
2019-02-28 18:50:38,522 - BasePage - INFO - <pageobjects.homepage.HomePage object at 0x0000016CFF6575C0>找到页面元素:('css selector', '.pn em')
2019-02-28 18:50:38,610 - BasePage - INFO - 点击登录
2019-02-28 18:50:38,610 - BasePage - INFO - sxd登录
2019-02-28 18:50:39,285 - BasePage - INFO - <pageobjects.homepage.HomePage object at 0x0000016CFF6575C0>找到页面元素:('css selector', '.vwmy>a')
2019-02-28 18:50:44,397 - BasePage - INFO - <pageobjects.homepage.HomePage object at 0x0000016CFF6575C0>找到页面元素:('link text', '退出')
2019-02-28 18:50:45,047 - BasePage - INFO - 屏幕截图，保存路径是E:\PyCharm\Discuz/screenshots/201902281850.png
2019-02-28 18:50:45,049 - BasePage - ERROR - 点击失败，Message: stale element reference: element is not attached to the page document
  (Session info: chrome=69.0.3497.100)
  (Driver info: chromedriver=2.41.578737 (49da6702b16031c40d63e5618de03a32ff6c197e),platform=Windows NT 10.0.17134 x86_64)

2019-02-28 18:50:45,049 - BasePage - INFO - 退出登录
2019-02-28 18:50:53,394 - BasePage - INFO - Now,Close and quit the browser.
2019-02-28 18:50:53,394 - BrowserEngine - INFO - Now,Close and quit the browser.
