2019-02-28 19:13:30,897 - BrowserEngine - INFO - You had select Chrome browser.
2019-02-28 19:13:30,897 - BrowserEngine - INFO - The test server url is: http://127.0.0.1/forum.php
2019-02-28 19:13:33,359 - BrowserEngine - INFO - Starting chrome browser.
2019-02-28 19:13:44,731 - BrowserEngine - INFO - Open url: http://127.0.0.1/forum.php
2019-02-28 19:13:45,930 - BrowserEngine - INFO - Maximize the current window.
2019-02-28 19:13:45,937 - BrowserEngine - INFO - Set implicitly wait 10 seconds.
2019-02-28 19:13:45,988 - BasePage - INFO - <pageobjects.homepage.HomePage object at 0x000001EB582662B0>找到页面元素:('css selector', '#ls_username')
2019-02-28 19:13:46,125 - BasePage - INFO - 输入：sxd
2019-02-28 19:13:46,159 - BasePage - INFO - <pageobjects.homepage.HomePage object at 0x000001EB582662B0>找到页面元素:('css selector', '#ls_password')
2019-02-28 19:13:46,245 - BasePage - INFO - 输入：802352.sxd
2019-02-28 19:13:46,270 - BasePage - INFO - <pageobjects.homepage.HomePage object at 0x000001EB582662B0>找到页面元素:('css selector', '.pn em')
2019-02-28 19:13:46,328 - BasePage - INFO - 点击登录
2019-02-28 19:13:46,328 - BasePage - INFO - sxd登录
2019-02-28 19:13:56,801 - BasePage - INFO - <pageobjects.homepage.HomePage object at 0x000001EB582662B0>找到页面元素:('css selector', '.vwmy>a')
2019-02-28 19:13:56,886 - BasePage - INFO - <pageobjects.homepage.HomePage object at 0x000001EB582662B0>找到页面元素:('css selector', '.fl_row:nth-last-child(2) h2>a')
2019-02-28 19:13:57,645 - BasePage - INFO - 屏幕截图，保存路径是E:\PyCharm\Discuz/screenshots/201902281913.png
2019-02-28 19:13:57,645 - BasePage - ERROR - 点击失败，Message: stale element reference: element is not attached to the page document
  (Session info: chrome=69.0.3497.100)
  (Driver info: chromedriver=2.41.578737 (49da6702b16031c40d63e5618de03a32ff6c197e),platform=Windows NT 10.0.17134 x86_64)

2019-02-28 19:13:57,679 - BasePage - INFO - <pageobjects.homepage.HomePage object at 0x000001EB582662B0>找到页面元素:('css selector', '#newspecial')
2019-02-28 19:13:58,854 - BasePage - INFO - 屏幕截图，保存路径是E:\PyCharm\Discuz/screenshots/201902281913.png
2019-02-28 19:13:58,855 - BasePage - ERROR - 点击失败，Message: stale element reference: element is not attached to the page document
  (Session info: chrome=69.0.3497.100)
  (Driver info: chromedriver=2.41.578737 (49da6702b16031c40d63e5618de03a32ff6c197e),platform=Windows NT 10.0.17134 x86_64)

2019-02-28 19:13:58,855 - BasePage - INFO - 点击发布
2019-02-28 19:13:58,882 - BasePage - INFO - <pageobjects.homepage.HomePage object at 0x000001EB582662B0>找到页面元素:('css selector', '#editorbox>.mbw>li:nth-last-child(1)>a')
2019-02-28 19:13:59,717 - BasePage - INFO - 屏幕截图，保存路径是E:\PyCharm\Discuz/screenshots/201902281913.png
2019-02-28 19:13:59,718 - BasePage - ERROR - 点击失败，Message: stale element reference: element is not attached to the page document
  (Session info: chrome=69.0.3497.100)
  (Driver info: chromedriver=2.41.578737 (49da6702b16031c40d63e5618de03a32ff6c197e),platform=Windows NT 10.0.17134 x86_64)

2019-02-28 19:13:59,719 - BasePage - INFO - 点击投票
2019-02-28 19:13:59,748 - BasePage - INFO - <pageobjects.homepage.HomePage object at 0x000001EB582662B0>找到页面元素:('css selector', '#subject')
2019-02-28 19:13:59,850 - BasePage - INFO - 输入：谁最帅
2019-02-28 19:13:59,875 - BasePage - INFO - <pageobjects.homepage.HomePage object at 0x000001EB582662B0>找到页面元素:('css selector', '#pollm_c_1 .px:first-of-type')
2019-02-28 19:13:59,939 - BasePage - INFO - 输入：我
2019-02-28 19:13:59,963 - BasePage - INFO - <pageobjects.homepage.HomePage object at 0x000001EB582662B0>找到页面元素:('css selector', '#pollm_c_1 p:nth-child(2) input')
2019-02-28 19:14:00,039 - BasePage - INFO - 输入：你
2019-02-28 19:14:00,064 - BasePage - INFO - <pageobjects.homepage.HomePage object at 0x000001EB582662B0>找到页面元素:('css selector', '#pollm_c_1 p:nth-child(3) input')
2019-02-28 19:14:00,116 - BasePage - INFO - 输入：他
2019-02-28 19:14:00,142 - BasePage - INFO - <pageobjects.homepage.HomePage object at 0x000001EB582662B0>找到页面元素:('css selector', '#polldatas')
2019-02-28 19:14:00,205 - BasePage - INFO - 输入：2
2019-02-28 19:14:00,558 - BasePage - INFO - 屏幕截图，保存路径是E:\PyCharm\Discuz/screenshots/201902281914.png
2019-02-28 19:14:00,558 - BasePage - INFO - 切换iframe成功
2019-02-28 19:14:00,587 - BasePage - INFO - <pageobjects.homepage.HomePage object at 0x000001EB582662B0>找到页面元素:('css selector', 'body')
2019-02-28 19:14:00,660 - BasePage - INFO - 输入：我最帅
2019-02-28 19:14:00,663 - BasePage - INFO - 激活窗口成功
2019-02-28 19:14:00,695 - BasePage - INFO - <pageobjects.homepage.HomePage object at 0x000001EB582662B0>找到页面元素:('css selector', '.mbm .pnc')
2019-02-28 19:14:00,818 - BasePage - INFO - 点击发起投票
2019-02-28 19:14:00,818 - BasePage - INFO - 发布投票
2019-02-28 19:14:12,658 - BasePage - INFO - <pageobjects.homepage.HomePage object at 0x000001EB582662B0>找到页面元素:('css selector', '#option_2')
2019-02-28 19:14:12,752 - BasePage - INFO - 点击
2019-02-28 19:14:12,780 - BasePage - INFO - <pageobjects.homepage.HomePage object at 0x000001EB582662B0>找到页面元素:('css selector', '#pollsubmit')
2019-02-28 19:14:24,543 - BasePage - INFO - 屏幕截图，保存路径是E:\PyCharm\Discuz/screenshots/201902281914.png
2019-02-28 19:14:24,543 - BasePage - ERROR - 点击失败，Message: stale element reference: element is not attached to the page document
  (Session info: chrome=69.0.3497.100)
  (Driver info: chromedriver=2.41.578737 (49da6702b16031c40d63e5618de03a32ff6c197e),platform=Windows NT 10.0.17134 x86_64)

2019-02-28 19:14:24,543 - BasePage - INFO - 投票
2019-02-28 19:14:24,569 - BasePage - INFO - <pageobjects.homepage.HomePage object at 0x000001EB582662B0>找到页面元素:('css selector', '.pvt label')
2019-02-28 19:14:24,650 - BasePage - INFO - <pageobjects.homepage.HomePage object at 0x000001EB582662B0>找到页面元素:('css selector', '.pcht tr td:last-of-type')
2019-02-28 19:14:24,867 - BasePage - INFO - <pageobjects.homepage.HomePage object at 0x000001EB582662B0>找到页面元素:('css selector', '.ts>span')
2019-02-28 19:14:24,899 - BasePage - INFO - 标题：谁最帅
选项：['1.  他', '2.  你', '3.  我']
投票结果：['0.00% (0)', '100.00% (1)', '0.00% (0)']
2019-02-28 19:14:29,982 - BasePage - INFO - <pageobjects.homepage.HomePage object at 0x000001EB582662B0>找到页面元素:('link text', '退出')
2019-02-28 19:14:41,642 - BasePage - INFO - 屏幕截图，保存路径是E:\PyCharm\Discuz/screenshots/201902281914.png
2019-02-28 19:14:41,642 - BasePage - ERROR - 点击失败，Message: stale element reference: element is not attached to the page document
  (Session info: chrome=69.0.3497.100)
  (Driver info: chromedriver=2.41.578737 (49da6702b16031c40d63e5618de03a32ff6c197e),platform=Windows NT 10.0.17134 x86_64)

2019-02-28 19:14:41,642 - BasePage - INFO - 退出登录
2019-02-28 19:14:41,642 - BrowserEngine - INFO - Now,Close and quit the browser.
