2019-02-28 19:12:51,191 - BrowserEngine - INFO - You had select Chrome browser.
2019-02-28 19:12:51,191 - BrowserEngine - INFO - The test server url is: http://127.0.0.1/forum.php
2019-02-28 19:12:53,618 - BrowserEngine - INFO - Starting chrome browser.
2019-02-28 19:12:59,466 - BrowserEngine - INFO - Open url: http://127.0.0.1/forum.php
2019-02-28 19:13:00,629 - BrowserEngine - INFO - Maximize the current window.
2019-02-28 19:13:00,631 - BrowserEngine - INFO - Set implicitly wait 10 seconds.
2019-02-28 19:13:00,669 - BasePage - INFO - <pageobjects.homepage.HomePage object at 0x000001FDE3317278>找到页面元素:('css selector', '#ls_username')
2019-02-28 19:13:00,849 - BasePage - INFO - 输入：sxd
2019-02-28 19:13:00,885 - BasePage - INFO - <pageobjects.homepage.HomePage object at 0x000001FDE3317278>找到页面元素:('css selector', '#ls_password')
2019-02-28 19:13:01,008 - BasePage - INFO - 输入：802352.sxd
2019-02-28 19:13:01,035 - BasePage - INFO - <pageobjects.homepage.HomePage object at 0x000001FDE3317278>找到页面元素:('css selector', '.pn em')
2019-02-28 19:13:01,098 - BasePage - INFO - 点击登录
2019-02-28 19:13:01,099 - BasePage - INFO - sxd登录
2019-02-28 19:13:01,571 - BasePage - INFO - <pageobjects.homepage.HomePage object at 0x000001FDE3317278>找到页面元素:('css selector', '.vwmy>a')
2019-02-28 19:13:01,613 - BasePage - INFO - <pageobjects.homepage.HomePage object at 0x000001FDE3317278>找到页面元素:('css selector', '.scbar_txt_td>input')
2019-02-28 19:13:01,664 - BasePage - INFO - 清除<selenium.webdriver.remote.webelement.WebElement (session="f0f4ae20a2b568d247a8ce1ee3bee72b", element="0.45651388157598505-2")>
2019-02-28 19:13:01,686 - BasePage - INFO - <pageobjects.homepage.HomePage object at 0x000001FDE3317278>找到页面元素:('css selector', '.scbar_txt_td>input')
2019-02-28 19:13:01,748 - BasePage - INFO - 输入：haotest
2019-02-28 19:13:01,773 - BasePage - INFO - <pageobjects.homepage.HomePage object at 0x000001FDE3317278>找到页面元素:('css selector', '.scbar_btn_td>button')
2019-02-28 19:13:01,883 - BasePage - INFO - 点击
2019-02-28 19:13:01,884 - BasePage - INFO - 搜索帖子haotest
2019-02-28 19:13:03,301 - BasePage - INFO - 屏幕截图，保存路径是E:\PyCharm\Discuz/screenshots/201902281913.png
2019-02-28 19:13:03,301 - BasePage - INFO - 切换窗口成功
2019-02-28 19:13:03,331 - BasePage - INFO - <pageobjects.homepage.HomePage object at 0x000001FDE3317278>找到页面元素:('css selector', '.pbw:first-of-type a')
2019-02-28 19:13:03,427 - BasePage - INFO - 点击haotest
2019-02-28 19:13:04,884 - BasePage - INFO - 屏幕截图，保存路径是E:\PyCharm\Discuz/screenshots/201902281913.png
2019-02-28 19:13:04,884 - BasePage - INFO - 切换窗口成功
2019-02-28 19:13:04,910 - BasePage - INFO - <pageobjects.homepage.HomePage object at 0x000001FDE3317278>找到页面元素:('css selector', '#thread_subject')
2019-02-28 19:13:04,933 - BasePage - INFO - 帖子标题：haotest
2019-02-28 19:13:07,030 - BasePage - INFO - <pageobjects.homepage.HomePage object at 0x000001FDE3317278>找到页面元素:('link text', '退出')
2019-02-28 19:13:17,700 - BasePage - INFO - 屏幕截图，保存路径是E:\PyCharm\Discuz/screenshots/201902281913.png
2019-02-28 19:13:17,701 - BasePage - ERROR - 点击失败，Message: stale element reference: element is not attached to the page document
  (Session info: chrome=69.0.3497.100)
  (Driver info: chromedriver=2.41.578737 (49da6702b16031c40d63e5618de03a32ff6c197e),platform=Windows NT 10.0.17134 x86_64)

2019-02-28 19:13:17,701 - BasePage - INFO - 退出登录
2019-02-28 19:13:17,701 - BrowserEngine - INFO - Now,Close and quit the browser.
