2019-02-28 18:48:59,210 - BrowserEngine - INFO - You had select Chrome browser.
2019-02-28 18:48:59,210 - BrowserEngine - INFO - The test server url is: http://127.0.0.1/forum.php
2019-02-28 18:49:01,295 - BrowserEngine - INFO - Starting chrome browser.
2019-02-28 18:49:02,987 - BrowserEngine - INFO - Open url: http://127.0.0.1/forum.php
2019-02-28 18:49:04,117 - BrowserEngine - INFO - Maximize the current window.
2019-02-28 18:49:04,118 - BrowserEngine - INFO - Set implicitly wait 10 seconds.
2019-02-28 18:49:04,161 - BasePage - INFO - <pageobjects.homepage.HomePage object at 0x000001F748B3D320>找到页面元素:('css selector', '#ls_username')
2019-02-28 18:49:04,372 - BasePage - INFO - 输入：sxd
2019-02-28 18:49:04,405 - BasePage - INFO - <pageobjects.homepage.HomePage object at 0x000001F748B3D320>找到页面元素:('css selector', '#ls_password')
2019-02-28 18:49:04,504 - BasePage - INFO - 输入：802352.sxd
2019-02-28 18:49:04,537 - BasePage - INFO - <pageobjects.homepage.HomePage object at 0x000001F748B3D320>找到页面元素:('css selector', '.pn em')
2019-02-28 18:49:04,619 - BasePage - INFO - 点击登录
2019-02-28 18:49:04,619 - BasePage - INFO - sxd登录
2019-02-28 18:49:05,986 - BasePage - INFO - <pageobjects.homepage.HomePage object at 0x000001F748B3D320>找到页面元素:('css selector', '.vwmy>a')
2019-02-28 18:49:06,034 - BasePage - INFO - <pageobjects.homepage.HomePage object at 0x000001F748B3D320>找到页面元素:('css selector', '.fl_row:nth-last-child(2) h2>a')
2019-02-28 18:49:07,153 - BasePage - INFO - 屏幕截图，保存路径是E:\PyCharm\Discuz/screenshots/201902281849.png
2019-02-28 18:49:07,153 - BasePage - ERROR - 点击失败，Message: stale element reference: element is not attached to the page document
  (Session info: chrome=69.0.3497.100)
  (Driver info: chromedriver=2.41.578737 (49da6702b16031c40d63e5618de03a32ff6c197e),platform=Windows NT 10.0.17134 x86_64)

2019-02-28 18:49:07,203 - BasePage - INFO - <pageobjects.homepage.HomePage object at 0x000001F748B3D320>找到页面元素:('css selector', '#newspecial')
2019-02-28 18:49:08,596 - BasePage - INFO - 屏幕截图，保存路径是E:\PyCharm\Discuz/screenshots/201902281849.png
2019-02-28 18:49:08,597 - BasePage - ERROR - 点击失败，Message: stale element reference: element is not attached to the page document
  (Session info: chrome=69.0.3497.100)
  (Driver info: chromedriver=2.41.578737 (49da6702b16031c40d63e5618de03a32ff6c197e),platform=Windows NT 10.0.17134 x86_64)

2019-02-28 18:49:08,597 - BasePage - INFO - 点击发布
2019-02-28 18:49:08,623 - BasePage - INFO - <pageobjects.homepage.HomePage object at 0x000001F748B3D320>找到页面元素:('css selector', '#editorbox>.mbw>li:nth-last-child(1)>a')
2019-02-28 18:49:10,923 - BasePage - INFO - 屏幕截图，保存路径是E:\PyCharm\Discuz/screenshots/201902281849.png
2019-02-28 18:49:10,923 - BasePage - ERROR - 点击失败，Message: stale element reference: element is not attached to the page document
  (Session info: chrome=69.0.3497.100)
  (Driver info: chromedriver=2.41.578737 (49da6702b16031c40d63e5618de03a32ff6c197e),platform=Windows NT 10.0.17134 x86_64)

2019-02-28 18:49:10,923 - BasePage - INFO - 点击投票
2019-02-28 18:49:10,963 - BasePage - INFO - <pageobjects.homepage.HomePage object at 0x000001F748B3D320>找到页面元素:('css selector', '#subject')
2019-02-28 18:49:11,081 - BasePage - INFO - 输入：谁最帅
2019-02-28 18:49:11,106 - BasePage - INFO - <pageobjects.homepage.HomePage object at 0x000001F748B3D320>找到页面元素:('css selector', '#pollm_c_1 .px:first-of-type')
2019-02-28 18:49:11,247 - BasePage - INFO - 输入：我
2019-02-28 18:49:11,276 - BasePage - INFO - <pageobjects.homepage.HomePage object at 0x000001F748B3D320>找到页面元素:('css selector', '#pollm_c_1 p:nth-child(2) input')
2019-02-28 18:49:11,385 - BasePage - INFO - 输入：你
2019-02-28 18:49:11,423 - BasePage - INFO - <pageobjects.homepage.HomePage object at 0x000001F748B3D320>找到页面元素:('css selector', '#pollm_c_1 p:nth-child(3) input')
2019-02-28 18:49:11,510 - BasePage - INFO - 输入：他
2019-02-28 18:49:11,550 - BasePage - INFO - <pageobjects.homepage.HomePage object at 0x000001F748B3D320>找到页面元素:('css selector', '#polldatas')
2019-02-28 18:49:11,633 - BasePage - INFO - 输入：2
2019-02-28 18:49:11,965 - BasePage - INFO - 屏幕截图，保存路径是E:\PyCharm\Discuz/screenshots/201902281849.png
2019-02-28 18:49:11,965 - BasePage - INFO - 切换iframe成功
2019-02-28 18:49:11,995 - BasePage - INFO - <pageobjects.homepage.HomePage object at 0x000001F748B3D320>找到页面元素:('css selector', 'body')
2019-02-28 18:49:12,084 - BasePage - INFO - 输入：我最帅
2019-02-28 18:49:12,087 - BasePage - INFO - 激活窗口成功
2019-02-28 18:49:12,124 - BasePage - INFO - <pageobjects.homepage.HomePage object at 0x000001F748B3D320>找到页面元素:('css selector', '.mbm .pnc')
2019-02-28 18:49:12,324 - BasePage - INFO - 点击发起投票
2019-02-28 18:49:12,324 - BasePage - INFO - 发布投票
2019-02-28 18:49:35,598 - BasePage - INFO - <pageobjects.homepage.HomePage object at 0x000001F748B3D320>找到页面元素:('css selector', '#option_2')
2019-02-28 18:49:35,676 - BasePage - INFO - 点击
2019-02-28 18:49:35,706 - BasePage - INFO - <pageobjects.homepage.HomePage object at 0x000001F748B3D320>找到页面元素:('css selector', '#pollsubmit')
2019-02-28 18:49:37,103 - BasePage - INFO - 屏幕截图，保存路径是E:\PyCharm\Discuz/screenshots/201902281849.png
2019-02-28 18:49:37,103 - BasePage - ERROR - 点击失败，Message: stale element reference: element is not attached to the page document
  (Session info: chrome=69.0.3497.100)
  (Driver info: chromedriver=2.41.578737 (49da6702b16031c40d63e5618de03a32ff6c197e),platform=Windows NT 10.0.17134 x86_64)

2019-02-28 18:49:37,103 - BasePage - INFO - 投票
2019-02-28 18:49:37,139 - BasePage - INFO - <pageobjects.homepage.HomePage object at 0x000001F748B3D320>找到页面元素:('css selector', '.pvt label')
2019-02-28 18:49:37,254 - BasePage - INFO - <pageobjects.homepage.HomePage object at 0x000001F748B3D320>找到页面元素:('css selector', '.pcht tr td:last-of-type')
2019-02-28 18:49:37,506 - BasePage - INFO - <pageobjects.homepage.HomePage object at 0x000001F748B3D320>找到页面元素:('css selector', '.ts>span')
2019-02-28 18:49:37,546 - BasePage - INFO - 标题：谁最帅
选项：['1.  你', '2.  他', '3.  我']
投票结果：['0.00% (0)', '100.00% (1)', '0.00% (0)']
2019-02-28 18:49:42,612 - BasePage - INFO - <pageobjects.homepage.HomePage object at 0x000001F748B3D320>找到页面元素:('link text', '退出')
2019-02-28 18:49:43,859 - BasePage - INFO - 屏幕截图，保存路径是E:\PyCharm\Discuz/screenshots/201902281849.png
2019-02-28 18:49:43,860 - BasePage - ERROR - 点击失败，Message: stale element reference: element is not attached to the page document
  (Session info: chrome=69.0.3497.100)
  (Driver info: chromedriver=2.41.578737 (49da6702b16031c40d63e5618de03a32ff6c197e),platform=Windows NT 10.0.17134 x86_64)

2019-02-28 18:49:43,860 - BasePage - INFO - 退出登录
2019-02-28 18:49:57,088 - BasePage - INFO - 屏幕截图，保存路径是E:\PyCharm\Discuz/screenshots/201902281849.png
2019-02-28 18:49:57,098 - BrowserEngine - INFO - Now,Close and quit the browser.
