2019-02-28 18:57:36,764 - BrowserEngine - INFO - You had select Chrome browser.
2019-02-28 18:57:36,764 - BrowserEngine - INFO - The test server url is: http://127.0.0.1/forum.php
2019-02-28 18:57:39,398 - BrowserEngine - INFO - Starting chrome browser.
2019-02-28 18:57:40,211 - BrowserEngine - INFO - Open url: http://127.0.0.1/forum.php
2019-02-28 18:57:41,372 - BrowserEngine - INFO - Maximize the current window.
2019-02-28 18:57:41,374 - BrowserEngine - INFO - Set implicitly wait 10 seconds.
2019-02-28 18:57:41,438 - BasePage - INFO - <pageobjects.homepage.HomePage object at 0x0000019DA9FF8240>找到页面元素:('css selector', '#ls_username')
2019-02-28 18:57:41,613 - BasePage - INFO - 输入：sxd
2019-02-28 18:57:41,642 - BasePage - INFO - <pageobjects.homepage.HomePage object at 0x0000019DA9FF8240>找到页面元素:('css selector', '#ls_password')
2019-02-28 18:57:41,721 - BasePage - INFO - 输入：802352.sxd
2019-02-28 18:57:41,747 - BasePage - INFO - <pageobjects.homepage.HomePage object at 0x0000019DA9FF8240>找到页面元素:('css selector', '.pn em')
2019-02-28 18:57:41,807 - BasePage - INFO - 点击登录
2019-02-28 18:57:41,807 - BasePage - INFO - sxd登录
2019-02-28 18:57:42,358 - BasePage - INFO - <pageobjects.homepage.HomePage object at 0x0000019DA9FF8240>找到页面元素:('css selector', '.vwmy>a')
2019-02-28 18:57:42,452 - BasePage - INFO - <pageobjects.homepage.HomePage object at 0x0000019DA9FF8240>找到页面元素:('link text', '默认板块')
2019-02-28 18:57:43,474 - BasePage - INFO - 屏幕截图，保存路径是E:\PyCharm\Discuz/screenshots/201902281857.png
2019-02-28 18:57:43,474 - BasePage - ERROR - 点击失败，Message: stale element reference: element is not attached to the page document
  (Session info: chrome=69.0.3497.100)
  (Driver info: chromedriver=2.41.578737 (49da6702b16031c40d63e5618de03a32ff6c197e),platform=Windows NT 10.0.17134 x86_64)

2019-02-28 18:57:43,516 - BasePage - INFO - <pageobjects.homepage.HomePage object at 0x0000019DA9FF8240>找到页面元素:('css selector', '#subject')
2019-02-28 18:57:43,686 - BasePage - INFO - 输入：haotest
2019-02-28 18:57:43,750 - BasePage - INFO - <pageobjects.homepage.HomePage object at 0x0000019DA9FF8240>找到页面元素:('css selector', '#fastpostmessage')
2019-02-28 18:57:43,951 - BasePage - INFO - 输入：haotest,hello word
2019-02-28 18:57:44,000 - BasePage - INFO - <pageobjects.homepage.HomePage object at 0x0000019DA9FF8240>找到页面元素:('css selector', '.ptm button')
2019-02-28 18:59:18,556 - BasePage - INFO - 屏幕截图，保存路径是E:\PyCharm\Discuz/screenshots/201902281859.png
2019-02-28 18:59:18,557 - BasePage - ERROR - 点击失败，Message: stale element reference: element is not attached to the page document
  (Session info: chrome=69.0.3497.100)
  (Driver info: chromedriver=2.41.578737 (49da6702b16031c40d63e5618de03a32ff6c197e),platform=Windows NT 10.0.17134 x86_64)

2019-02-28 18:59:18,557 - BasePage - INFO - 发帖haotest
2019-02-28 18:59:23,304 - BasePage - INFO - <pageobjects.homepage.HomePage object at 0x0000019DA9FF8240>找到页面元素:('css selector', '#fastpostmessage')
2019-02-28 18:59:23,442 - BasePage - INFO - 输入：see you,hello word
2019-02-28 18:59:23,467 - BasePage - INFO - <pageobjects.homepage.HomePage object at 0x0000019DA9FF8240>找到页面元素:('css selector', '.ptm button')
2019-02-28 18:59:23,552 - BasePage - INFO - 点击发表帖子
2019-02-28 18:59:23,578 - BasePage - INFO - 回复see you,hello word
2019-02-28 18:59:23,646 - BasePage - INFO - <pageobjects.homepage.HomePage object at 0x0000019DA9FF8240>找到页面元素:('link text', '退出')
2019-02-28 18:59:24,350 - BasePage - INFO - 屏幕截图，保存路径是E:\PyCharm\Discuz/screenshots/201902281859.png
2019-02-28 18:59:24,350 - BasePage - ERROR - 点击失败，Message: stale element reference: element is not attached to the page document
  (Session info: chrome=69.0.3497.100)
  (Driver info: chromedriver=2.41.578737 (49da6702b16031c40d63e5618de03a32ff6c197e),platform=Windows NT 10.0.17134 x86_64)

2019-02-28 18:59:24,350 - BasePage - INFO - 退出登录
2019-02-28 18:59:36,825 - BasePage - INFO - 屏幕截图，保存路径是E:\PyCharm\Discuz/screenshots/201902281859.png
2019-02-28 18:59:36,825 - BrowserEngine - INFO - Now,Close and quit the browser.
